27-Feb-2025 10:10:59.061 INFO [main] org.apache.catalina.startup.VersionLoggerListener.log Server version name:   Apache Tomcat/10.1.35
27-Feb-2025 10:10:59.068 INFO [main] org.apache.catalina.startup.VersionLoggerListener.log Server built:          Feb 4 2025 21:16:31 UTC
27-Feb-2025 10:10:59.073 INFO [main] org.apache.catalina.startup.VersionLoggerListener.log Server version number: 10.1.35.0
27-Feb-2025 10:10:59.073 INFO [main] org.apache.catalina.startup.VersionLoggerListener.log OS Name:               Windows 11
27-Feb-2025 10:10:59.073 INFO [main] org.apache.catalina.startup.VersionLoggerListener.log OS Version:            10.0
27-Feb-2025 10:10:59.073 INFO [main] org.apache.catalina.startup.VersionLoggerListener.log Architecture:          amd64
27-Feb-2025 10:10:59.073 INFO [main] org.apache.catalina.startup.VersionLoggerListener.log Java Home:             C:\Program Files\Java\jdk-22
27-Feb-2025 10:10:59.073 INFO [main] org.apache.catalina.startup.VersionLoggerListener.log JVM Version:           22.0.1+8-16
27-Feb-2025 10:10:59.073 INFO [main] org.apache.catalina.startup.VersionLoggerListener.log JVM Vendor:            Oracle Corporation
27-Feb-2025 10:10:59.073 INFO [main] org.apache.catalina.startup.VersionLoggerListener.log CATALINA_BASE:         C:\Users\joelb\OneDrive\Desktop\Coding Projects\im2073-project\apache-tomcat-10.1.35
27-Feb-2025 10:10:59.073 INFO [main] org.apache.catalina.startup.VersionLoggerListener.log CATALINA_HOME:         C:\Users\joelb\OneDrive\Desktop\Coding Projects\im2073-project\apache-tomcat-10.1.35
27-Feb-2025 10:10:59.108 INFO [main] org.apache.catalina.startup.VersionLoggerListener.log Command line argument: -Djava.util.logging.config.file=C:\Users\joelb\OneDrive\Desktop\Coding Projects\im2073-project\apache-tomcat-10.1.35\conf\logging.properties
27-Feb-2025 10:10:59.108 INFO [main] org.apache.catalina.startup.VersionLoggerListener.log Command line argument: -Djava.util.logging.manager=org.apache.juli.ClassLoaderLogManager
27-Feb-2025 10:10:59.108 INFO [main] org.apache.catalina.startup.VersionLoggerListener.log Command line argument: -Djdk.tls.ephemeralDHKeySize=2048
27-Feb-2025 10:10:59.108 INFO [main] org.apache.catalina.startup.VersionLoggerListener.log Command line argument: -Djava.protocol.handler.pkgs=org.apache.catalina.webresources
27-Feb-2025 10:10:59.108 INFO [main] org.apache.catalina.startup.VersionLoggerListener.log Command line argument: -Dsun.io.useCanonCaches=false
27-Feb-2025 10:10:59.108 INFO [main] org.apache.catalina.startup.VersionLoggerListener.log Command line argument: --add-opens=java.base/java.lang=ALL-UNNAMED
27-Feb-2025 10:10:59.108 INFO [main] org.apache.catalina.startup.VersionLoggerListener.log Command line argument: --add-opens=java.base/java.io=ALL-UNNAMED
27-Feb-2025 10:10:59.108 INFO [main] org.apache.catalina.startup.VersionLoggerListener.log Command line argument: --add-opens=java.base/java.util=ALL-UNNAMED
27-Feb-2025 10:10:59.108 INFO [main] org.apache.catalina.startup.VersionLoggerListener.log Command line argument: --add-opens=java.base/java.util.concurrent=ALL-UNNAMED
27-Feb-2025 10:10:59.108 INFO [main] org.apache.catalina.startup.VersionLoggerListener.log Command line argument: --add-opens=java.rmi/sun.rmi.transport=ALL-UNNAMED
27-Feb-2025 10:10:59.108 INFO [main] org.apache.catalina.startup.VersionLoggerListener.log Command line argument: -Dcatalina.base=C:\Users\joelb\OneDrive\Desktop\Coding Projects\im2073-project\apache-tomcat-10.1.35
27-Feb-2025 10:10:59.108 INFO [main] org.apache.catalina.startup.VersionLoggerListener.log Command line argument: -Dcatalina.home=C:\Users\joelb\OneDrive\Desktop\Coding Projects\im2073-project\apache-tomcat-10.1.35
27-Feb-2025 10:10:59.108 INFO [main] org.apache.catalina.startup.VersionLoggerListener.log Command line argument: -Djava.io.tmpdir=C:\Users\joelb\OneDrive\Desktop\Coding Projects\im2073-project\apache-tomcat-10.1.35\temp
27-Feb-2025 10:10:59.120 INFO [main] org.apache.catalina.core.AprLifecycleListener.lifecycleEvent The Apache Tomcat Native library which allows using OpenSSL was not found on the java.library.path: [C:\Program Files\Java\jdk-22\bin;C:\WINDOWS\Sun\Java\bin;C:\WINDOWS\system32;C:\WINDOWS;C:\Program Files\PlasticSCM5\server;C:\Program Files\PlasticSCM5\client;C:\Program Files\Common Files\Oracle\Java\javapath;C:\Program Files (x86)\Common Files\Oracle\Java\javapath;C:\WINDOWS\system32;C:\WINDOWS;C:\WINDOWS\System32\Wbem;C:\WINDOWS\System32\WindowsPowerShell\v1.0\;C:\WINDOWS\System32\OpenSSH\;C:\Program Files\Git\cmd;C:\Program Files\dotnet\;C:\Program Files (x86)\Windows Kits\10\Windows Performance Toolkit\;C:\Program Files\nodejs\;C:\ProgramData\chocolatey\bin;C:\Users\joelb\AppData\Local\Programs\Python\Launcher\;C:\Program Files\MySQL\MySQL Shell 8.0\bin\;C:\Users\joelb\AppData\Local\Microsoft\WindowsApps;C:\Users\joelb\AppData\Local\Programs\Microsoft VS Code\bin;C:\Users\joelb\AppData\Local\Programs\Python\Python312\Scripts;C:\Users\joelb\AppData\Local\GitHubDesktop\bin;C:\Program Files\JetBrains\IntelliJ IDEA 2024.1\bin;C:\MinGW\bin;C:\Users\joelb\.dotnet\tools;C:\Users\joelb\AppData\Roaming\npm;.]
27-Feb-2025 10:10:59.496 INFO [main] org.apache.coyote.AbstractProtocol.init Initializing ProtocolHandler ["http-nio-0.0.0.0-9999"]
27-Feb-2025 10:10:59.563 INFO [main] org.apache.catalina.startup.Catalina.load Server initialization in [811] milliseconds
27-Feb-2025 10:10:59.623 INFO [main] org.apache.catalina.core.StandardService.startInternal Starting service [Catalina]
27-Feb-2025 10:10:59.623 INFO [main] org.apache.catalina.core.StandardEngine.startInternal Starting Servlet engine: [Apache Tomcat/10.1.35]
27-Feb-2025 10:10:59.627 INFO [main] org.apache.catalina.startup.HostConfig.deployDirectory Deploying web application directory [C:\Users\joelb\OneDrive\Desktop\Coding Projects\im2073-project\apache-tomcat-10.1.35\webapps\docs]
27-Feb-2025 10:11:00.092 INFO [main] org.apache.catalina.startup.HostConfig.deployDirectory Deployment of web application directory [C:\Users\joelb\OneDrive\Desktop\Coding Projects\im2073-project\apache-tomcat-10.1.35\webapps\docs] has finished in [463] ms
27-Feb-2025 10:11:00.093 INFO [main] org.apache.catalina.startup.HostConfig.deployDirectory Deploying web application directory [C:\Users\joelb\OneDrive\Desktop\Coding Projects\im2073-project\apache-tomcat-10.1.35\webapps\examples]
27-Feb-2025 10:11:00.871 INFO [main] org.apache.catalina.startup.HostConfig.deployDirectory Deployment of web application directory [C:\Users\joelb\OneDrive\Desktop\Coding Projects\im2073-project\apache-tomcat-10.1.35\webapps\examples] has finished in [778] ms
27-Feb-2025 10:11:00.871 INFO [main] org.apache.catalina.startup.HostConfig.deployDirectory Deploying web application directory [C:\Users\joelb\OneDrive\Desktop\Coding Projects\im2073-project\apache-tomcat-10.1.35\webapps\furniture-shop]
27-Feb-2025 10:11:00.947 INFO [main] org.apache.catalina.startup.HostConfig.deployDirectory Deployment of web application directory [C:\Users\joelb\OneDrive\Desktop\Coding Projects\im2073-project\apache-tomcat-10.1.35\webapps\furniture-shop] has finished in [76] ms
27-Feb-2025 10:11:00.947 INFO [main] org.apache.catalina.startup.HostConfig.deployDirectory Deploying web application directory [C:\Users\joelb\OneDrive\Desktop\Coding Projects\im2073-project\apache-tomcat-10.1.35\webapps\host-manager]
27-Feb-2025 10:11:00.993 INFO [main] org.apache.catalina.startup.HostConfig.deployDirectory Deployment of web application directory [C:\Users\joelb\OneDrive\Desktop\Coding Projects\im2073-project\apache-tomcat-10.1.35\webapps\host-manager] has finished in [46] ms
27-Feb-2025 10:11:00.993 INFO [main] org.apache.catalina.startup.HostConfig.deployDirectory Deploying web application directory [C:\Users\joelb\OneDrive\Desktop\Coding Projects\im2073-project\apache-tomcat-10.1.35\webapps\manager]
27-Feb-2025 10:11:01.040 INFO [main] org.apache.catalina.startup.HostConfig.deployDirectory Deployment of web application directory [C:\Users\joelb\OneDrive\Desktop\Coding Projects\im2073-project\apache-tomcat-10.1.35\webapps\manager] has finished in [47] ms
27-Feb-2025 10:11:01.040 INFO [main] org.apache.catalina.startup.HostConfig.deployDirectory Deploying web application directory [C:\Users\joelb\OneDrive\Desktop\Coding Projects\im2073-project\apache-tomcat-10.1.35\webapps\ROOT]
27-Feb-2025 10:11:01.075 INFO [main] org.apache.catalina.startup.HostConfig.deployDirectory Deployment of web application directory [C:\Users\joelb\OneDrive\Desktop\Coding Projects\im2073-project\apache-tomcat-10.1.35\webapps\ROOT] has finished in [35] ms
27-Feb-2025 10:11:01.075 INFO [main] org.apache.coyote.AbstractProtocol.start Starting ProtocolHandler ["http-nio-0.0.0.0-9999"]
27-Feb-2025 10:11:01.104 INFO [main] org.apache.catalina.startup.Catalina.start Server startup in [1532] milliseconds
27-Feb-2025 10:57:59.254 INFO [Thread-1] org.apache.coyote.AbstractProtocol.pause Pausing ProtocolHandler ["http-nio-0.0.0.0-9999"]
27-Feb-2025 10:57:59.270 INFO [Thread-1] org.apache.catalina.core.StandardService.stopInternal Stopping service [Catalina]
27-Feb-2025 10:57:59.303 INFO [Thread-1] org.apache.coyote.AbstractProtocol.stop Stopping ProtocolHandler ["http-nio-0.0.0.0-9999"]
27-Feb-2025 10:57:59.308 INFO [Thread-1] org.apache.coyote.AbstractProtocol.destroy Destroying ProtocolHandler ["http-nio-0.0.0.0-9999"]
27-Feb-2025 10:58:02.476 INFO [main] org.apache.catalina.startup.VersionLoggerListener.log Server version name:   Apache Tomcat/10.1.35
27-Feb-2025 10:58:02.479 INFO [main] org.apache.catalina.startup.VersionLoggerListener.log Server built:          Feb 4 2025 21:16:31 UTC
27-Feb-2025 10:58:02.482 INFO [main] org.apache.catalina.startup.VersionLoggerListener.log Server version number: 10.1.35.0
27-Feb-2025 10:58:02.482 INFO [main] org.apache.catalina.startup.VersionLoggerListener.log OS Name:               Windows 11
27-Feb-2025 10:58:02.483 INFO [main] org.apache.catalina.startup.VersionLoggerListener.log OS Version:            10.0
27-Feb-2025 10:58:02.483 INFO [main] org.apache.catalina.startup.VersionLoggerListener.log Architecture:          amd64
27-Feb-2025 10:58:02.483 INFO [main] org.apache.catalina.startup.VersionLoggerListener.log Java Home:             C:\Program Files\Java\jdk-22
27-Feb-2025 10:58:02.483 INFO [main] org.apache.catalina.startup.VersionLoggerListener.log JVM Version:           22.0.1+8-16
27-Feb-2025 10:58:02.483 INFO [main] org.apache.catalina.startup.VersionLoggerListener.log JVM Vendor:            Oracle Corporation
27-Feb-2025 10:58:02.483 INFO [main] org.apache.catalina.startup.VersionLoggerListener.log CATALINA_BASE:         C:\Users\joelb\OneDrive\Desktop\Coding Projects\im2073-project\apache-tomcat-10.1.35
27-Feb-2025 10:58:02.484 INFO [main] org.apache.catalina.startup.VersionLoggerListener.log CATALINA_HOME:         C:\Users\joelb\OneDrive\Desktop\Coding Projects\im2073-project\apache-tomcat-10.1.35
27-Feb-2025 10:58:02.493 INFO [main] org.apache.catalina.startup.VersionLoggerListener.log Command line argument: -Djava.util.logging.config.file=C:\Users\joelb\OneDrive\Desktop\Coding Projects\im2073-project\apache-tomcat-10.1.35\conf\logging.properties
27-Feb-2025 10:58:02.493 INFO [main] org.apache.catalina.startup.VersionLoggerListener.log Command line argument: -Djava.util.logging.manager=org.apache.juli.ClassLoaderLogManager
27-Feb-2025 10:58:02.493 INFO [main] org.apache.catalina.startup.VersionLoggerListener.log Command line argument: -Djdk.tls.ephemeralDHKeySize=2048
27-Feb-2025 10:58:02.493 INFO [main] org.apache.catalina.startup.VersionLoggerListener.log Command line argument: -Djava.protocol.handler.pkgs=org.apache.catalina.webresources
27-Feb-2025 10:58:02.493 INFO [main] org.apache.catalina.startup.VersionLoggerListener.log Command line argument: -Dsun.io.useCanonCaches=false
27-Feb-2025 10:58:02.493 INFO [main] org.apache.catalina.startup.VersionLoggerListener.log Command line argument: --add-opens=java.base/java.lang=ALL-UNNAMED
27-Feb-2025 10:58:02.493 INFO [main] org.apache.catalina.startup.VersionLoggerListener.log Command line argument: --add-opens=java.base/java.io=ALL-UNNAMED
27-Feb-2025 10:58:02.493 INFO [main] org.apache.catalina.startup.VersionLoggerListener.log Command line argument: --add-opens=java.base/java.util=ALL-UNNAMED
27-Feb-2025 10:58:02.493 INFO [main] org.apache.catalina.startup.VersionLoggerListener.log Command line argument: --add-opens=java.base/java.util.concurrent=ALL-UNNAMED
27-Feb-2025 10:58:02.493 INFO [main] org.apache.catalina.startup.VersionLoggerListener.log Command line argument: --add-opens=java.rmi/sun.rmi.transport=ALL-UNNAMED
27-Feb-2025 10:58:02.493 INFO [main] org.apache.catalina.startup.VersionLoggerListener.log Command line argument: -Dcatalina.base=C:\Users\joelb\OneDrive\Desktop\Coding Projects\im2073-project\apache-tomcat-10.1.35
27-Feb-2025 10:58:02.493 INFO [main] org.apache.catalina.startup.VersionLoggerListener.log Command line argument: -Dcatalina.home=C:\Users\joelb\OneDrive\Desktop\Coding Projects\im2073-project\apache-tomcat-10.1.35
27-Feb-2025 10:58:02.493 INFO [main] org.apache.catalina.startup.VersionLoggerListener.log Command line argument: -Djava.io.tmpdir=C:\Users\joelb\OneDrive\Desktop\Coding Projects\im2073-project\apache-tomcat-10.1.35\temp
27-Feb-2025 10:58:02.501 INFO [main] org.apache.catalina.core.AprLifecycleListener.lifecycleEvent The Apache Tomcat Native library which allows using OpenSSL was not found on the java.library.path: [C:\Program Files\Java\jdk-22\bin;C:\WINDOWS\Sun\Java\bin;C:\WINDOWS\system32;C:\WINDOWS;C:\Program Files\PlasticSCM5\server;C:\Program Files\PlasticSCM5\client;C:\Program Files\Common Files\Oracle\Java\javapath;C:\Program Files (x86)\Common Files\Oracle\Java\javapath;C:\WINDOWS\system32;C:\WINDOWS;C:\WINDOWS\System32\Wbem;C:\WINDOWS\System32\WindowsPowerShell\v1.0\;C:\WINDOWS\System32\OpenSSH\;C:\Program Files\Git\cmd;C:\Program Files\dotnet\;C:\Program Files (x86)\Windows Kits\10\Windows Performance Toolkit\;C:\Program Files\nodejs\;C:\ProgramData\chocolatey\bin;C:\Users\joelb\AppData\Local\Programs\Python\Launcher\;C:\Program Files\MySQL\MySQL Shell 8.0\bin\;C:\Users\joelb\AppData\Local\Microsoft\WindowsApps;C:\Users\joelb\AppData\Local\Programs\Microsoft VS Code\bin;C:\Users\joelb\AppData\Local\Programs\Python\Python312\Scripts;C:\Users\joelb\AppData\Local\GitHubDesktop\bin;C:\Program Files\JetBrains\IntelliJ IDEA 2024.1\bin;C:\MinGW\bin;C:\Users\joelb\.dotnet\tools;C:\Users\joelb\AppData\Roaming\npm;.]
27-Feb-2025 10:58:02.808 INFO [main] org.apache.coyote.AbstractProtocol.init Initializing ProtocolHandler ["http-nio-0.0.0.0-9999"]
27-Feb-2025 10:58:02.835 INFO [main] org.apache.catalina.startup.Catalina.load Server initialization in [556] milliseconds
27-Feb-2025 10:58:02.874 INFO [main] org.apache.catalina.core.StandardService.startInternal Starting service [Catalina]
27-Feb-2025 10:58:02.874 INFO [main] org.apache.catalina.core.StandardEngine.startInternal Starting Servlet engine: [Apache Tomcat/10.1.35]
27-Feb-2025 10:58:02.882 INFO [main] org.apache.catalina.startup.HostConfig.deployDirectory Deploying web application directory [C:\Users\joelb\OneDrive\Desktop\Coding Projects\im2073-project\apache-tomcat-10.1.35\webapps\docs]
27-Feb-2025 10:58:03.192 INFO [main] org.apache.catalina.startup.HostConfig.deployDirectory Deployment of web application directory [C:\Users\joelb\OneDrive\Desktop\Coding Projects\im2073-project\apache-tomcat-10.1.35\webapps\docs] has finished in [300] ms
27-Feb-2025 10:58:03.193 INFO [main] org.apache.catalina.startup.HostConfig.deployDirectory Deploying web application directory [C:\Users\joelb\OneDrive\Desktop\Coding Projects\im2073-project\apache-tomcat-10.1.35\webapps\examples]
27-Feb-2025 10:58:03.773 INFO [main] org.apache.catalina.startup.HostConfig.deployDirectory Deployment of web application directory [C:\Users\joelb\OneDrive\Desktop\Coding Projects\im2073-project\apache-tomcat-10.1.35\webapps\examples] has finished in [580] ms
27-Feb-2025 10:58:03.780 INFO [main] org.apache.catalina.startup.HostConfig.deployDirectory Deploying web application directory [C:\Users\joelb\OneDrive\Desktop\Coding Projects\im2073-project\apache-tomcat-10.1.35\webapps\furniture-shop]
27-Feb-2025 10:58:03.830 INFO [main] org.apache.catalina.startup.HostConfig.deployDirectory Deployment of web application directory [C:\Users\joelb\OneDrive\Desktop\Coding Projects\im2073-project\apache-tomcat-10.1.35\webapps\furniture-shop] has finished in [50] ms
27-Feb-2025 10:58:03.830 INFO [main] org.apache.catalina.startup.HostConfig.deployDirectory Deploying web application directory [C:\Users\joelb\OneDrive\Desktop\Coding Projects\im2073-project\apache-tomcat-10.1.35\webapps\host-manager]
27-Feb-2025 10:58:03.883 INFO [main] org.apache.catalina.startup.HostConfig.deployDirectory Deployment of web application directory [C:\Users\joelb\OneDrive\Desktop\Coding Projects\im2073-project\apache-tomcat-10.1.35\webapps\host-manager] has finished in [53] ms
27-Feb-2025 10:58:03.883 INFO [main] org.apache.catalina.startup.HostConfig.deployDirectory Deploying web application directory [C:\Users\joelb\OneDrive\Desktop\Coding Projects\im2073-project\apache-tomcat-10.1.35\webapps\manager]
27-Feb-2025 10:58:03.924 INFO [main] org.apache.catalina.startup.HostConfig.deployDirectory Deployment of web application directory [C:\Users\joelb\OneDrive\Desktop\Coding Projects\im2073-project\apache-tomcat-10.1.35\webapps\manager] has finished in [41] ms
27-Feb-2025 10:58:03.924 INFO [main] org.apache.catalina.startup.HostConfig.deployDirectory Deploying web application directory [C:\Users\joelb\OneDrive\Desktop\Coding Projects\im2073-project\apache-tomcat-10.1.35\webapps\ROOT]
27-Feb-2025 10:58:03.952 INFO [main] org.apache.catalina.startup.HostConfig.deployDirectory Deployment of web application directory [C:\Users\joelb\OneDrive\Desktop\Coding Projects\im2073-project\apache-tomcat-10.1.35\webapps\ROOT] has finished in [28] ms
27-Feb-2025 10:58:03.952 INFO [main] org.apache.coyote.AbstractProtocol.start Starting ProtocolHandler ["http-nio-0.0.0.0-9999"]
27-Feb-2025 10:58:03.981 INFO [main] org.apache.catalina.startup.Catalina.start Server startup in [1140] milliseconds
27-Feb-2025 11:25:34.081 INFO [Thread-1] org.apache.coyote.AbstractProtocol.pause Pausing ProtocolHandler ["http-nio-0.0.0.0-9999"]
27-Feb-2025 11:25:34.094 INFO [Thread-1] org.apache.catalina.core.StandardService.stopInternal Stopping service [Catalina]
27-Feb-2025 11:25:34.141 INFO [Thread-1] org.apache.coyote.AbstractProtocol.stop Stopping ProtocolHandler ["http-nio-0.0.0.0-9999"]
27-Feb-2025 11:25:34.149 INFO [Thread-1] org.apache.coyote.AbstractProtocol.destroy Destroying ProtocolHandler ["http-nio-0.0.0.0-9999"]
27-Feb-2025 11:25:36.417 INFO [main] org.apache.catalina.startup.VersionLoggerListener.log Server version name:   Apache Tomcat/10.1.35
27-Feb-2025 11:25:36.424 INFO [main] org.apache.catalina.startup.VersionLoggerListener.log Server built:          Feb 4 2025 21:16:31 UTC
27-Feb-2025 11:25:36.426 INFO [main] org.apache.catalina.startup.VersionLoggerListener.log Server version number: 10.1.35.0
27-Feb-2025 11:25:36.426 INFO [main] org.apache.catalina.startup.VersionLoggerListener.log OS Name:               Windows 11
27-Feb-2025 11:25:36.427 INFO [main] org.apache.catalina.startup.VersionLoggerListener.log OS Version:            10.0
27-Feb-2025 11:25:36.427 INFO [main] org.apache.catalina.startup.VersionLoggerListener.log Architecture:          amd64
27-Feb-2025 11:25:36.427 INFO [main] org.apache.catalina.startup.VersionLoggerListener.log Java Home:             C:\Program Files\Java\jdk-22
27-Feb-2025 11:25:36.428 INFO [main] org.apache.catalina.startup.VersionLoggerListener.log JVM Version:           22.0.1+8-16
27-Feb-2025 11:25:36.428 INFO [main] org.apache.catalina.startup.VersionLoggerListener.log JVM Vendor:            Oracle Corporation
27-Feb-2025 11:25:36.428 INFO [main] org.apache.catalina.startup.VersionLoggerListener.log CATALINA_BASE:         C:\Users\joelb\OneDrive\Desktop\Coding Projects\im2073-project\apache-tomcat-10.1.35
27-Feb-2025 11:25:36.428 INFO [main] org.apache.catalina.startup.VersionLoggerListener.log CATALINA_HOME:         C:\Users\joelb\OneDrive\Desktop\Coding Projects\im2073-project\apache-tomcat-10.1.35
27-Feb-2025 11:25:36.437 INFO [main] org.apache.catalina.startup.VersionLoggerListener.log Command line argument: -Djava.util.logging.config.file=C:\Users\joelb\OneDrive\Desktop\Coding Projects\im2073-project\apache-tomcat-10.1.35\conf\logging.properties
27-Feb-2025 11:25:36.437 INFO [main] org.apache.catalina.startup.VersionLoggerListener.log Command line argument: -Djava.util.logging.manager=org.apache.juli.ClassLoaderLogManager
27-Feb-2025 11:25:36.438 INFO [main] org.apache.catalina.startup.VersionLoggerListener.log Command line argument: -Djdk.tls.ephemeralDHKeySize=2048
27-Feb-2025 11:25:36.438 INFO [main] org.apache.catalina.startup.VersionLoggerListener.log Command line argument: -Djava.protocol.handler.pkgs=org.apache.catalina.webresources
27-Feb-2025 11:25:36.438 INFO [main] org.apache.catalina.startup.VersionLoggerListener.log Command line argument: -Dsun.io.useCanonCaches=false
27-Feb-2025 11:25:36.438 INFO [main] org.apache.catalina.startup.VersionLoggerListener.log Command line argument: --add-opens=java.base/java.lang=ALL-UNNAMED
27-Feb-2025 11:25:36.438 INFO [main] org.apache.catalina.startup.VersionLoggerListener.log Command line argument: --add-opens=java.base/java.io=ALL-UNNAMED
27-Feb-2025 11:25:36.438 INFO [main] org.apache.catalina.startup.VersionLoggerListener.log Command line argument: --add-opens=java.base/java.util=ALL-UNNAMED
27-Feb-2025 11:25:36.439 INFO [main] org.apache.catalina.startup.VersionLoggerListener.log Command line argument: --add-opens=java.base/java.util.concurrent=ALL-UNNAMED
27-Feb-2025 11:25:36.440 INFO [main] org.apache.catalina.startup.VersionLoggerListener.log Command line argument: --add-opens=java.rmi/sun.rmi.transport=ALL-UNNAMED
27-Feb-2025 11:25:36.440 INFO [main] org.apache.catalina.startup.VersionLoggerListener.log Command line argument: -Dcatalina.base=C:\Users\joelb\OneDrive\Desktop\Coding Projects\im2073-project\apache-tomcat-10.1.35
27-Feb-2025 11:25:36.440 INFO [main] org.apache.catalina.startup.VersionLoggerListener.log Command line argument: -Dcatalina.home=C:\Users\joelb\OneDrive\Desktop\Coding Projects\im2073-project\apache-tomcat-10.1.35
27-Feb-2025 11:25:36.440 INFO [main] org.apache.catalina.startup.VersionLoggerListener.log Command line argument: -Djava.io.tmpdir=C:\Users\joelb\OneDrive\Desktop\Coding Projects\im2073-project\apache-tomcat-10.1.35\temp
27-Feb-2025 11:25:36.447 INFO [main] org.apache.catalina.core.AprLifecycleListener.lifecycleEvent The Apache Tomcat Native library which allows using OpenSSL was not found on the java.library.path: [C:\Program Files\Java\jdk-22\bin;C:\WINDOWS\Sun\Java\bin;C:\WINDOWS\system32;C:\WINDOWS;C:\Program Files\PlasticSCM5\server;C:\Program Files\PlasticSCM5\client;C:\Program Files\Common Files\Oracle\Java\javapath;C:\Program Files (x86)\Common Files\Oracle\Java\javapath;C:\WINDOWS\system32;C:\WINDOWS;C:\WINDOWS\System32\Wbem;C:\WINDOWS\System32\WindowsPowerShell\v1.0\;C:\WINDOWS\System32\OpenSSH\;C:\Program Files\Git\cmd;C:\Program Files\dotnet\;C:\Program Files (x86)\Windows Kits\10\Windows Performance Toolkit\;C:\Program Files\nodejs\;C:\ProgramData\chocolatey\bin;C:\Users\joelb\AppData\Local\Programs\Python\Launcher\;C:\Program Files\MySQL\MySQL Shell 8.0\bin\;C:\Users\joelb\AppData\Local\Microsoft\WindowsApps;C:\Users\joelb\AppData\Local\Programs\Microsoft VS Code\bin;C:\Users\joelb\AppData\Local\Programs\Python\Python312\Scripts;C:\Users\joelb\AppData\Local\GitHubDesktop\bin;C:\Program Files\JetBrains\IntelliJ IDEA 2024.1\bin;C:\MinGW\bin;C:\Users\joelb\.dotnet\tools;C:\Users\joelb\AppData\Roaming\npm;.]
27-Feb-2025 11:25:36.766 INFO [main] org.apache.coyote.AbstractProtocol.init Initializing ProtocolHandler ["http-nio-0.0.0.0-9999"]
27-Feb-2025 11:25:36.793 INFO [main] org.apache.catalina.startup.Catalina.load Server initialization in [534] milliseconds
27-Feb-2025 11:25:36.866 INFO [main] org.apache.catalina.core.StandardService.startInternal Starting service [Catalina]
27-Feb-2025 11:25:36.867 INFO [main] org.apache.catalina.core.StandardEngine.startInternal Starting Servlet engine: [Apache Tomcat/10.1.35]
27-Feb-2025 11:25:36.877 INFO [main] org.apache.catalina.startup.HostConfig.deployDirectory Deploying web application directory [C:\Users\joelb\OneDrive\Desktop\Coding Projects\im2073-project\apache-tomcat-10.1.35\webapps\docs]
27-Feb-2025 11:25:37.183 INFO [main] org.apache.catalina.startup.HostConfig.deployDirectory Deployment of web application directory [C:\Users\joelb\OneDrive\Desktop\Coding Projects\im2073-project\apache-tomcat-10.1.35\webapps\docs] has finished in [305] ms
27-Feb-2025 11:25:37.184 INFO [main] org.apache.catalina.startup.HostConfig.deployDirectory Deploying web application directory [C:\Users\joelb\OneDrive\Desktop\Coding Projects\im2073-project\apache-tomcat-10.1.35\webapps\examples]
27-Feb-2025 11:25:37.840 INFO [main] org.apache.catalina.startup.HostConfig.deployDirectory Deployment of web application directory [C:\Users\joelb\OneDrive\Desktop\Coding Projects\im2073-project\apache-tomcat-10.1.35\webapps\examples] has finished in [656] ms
27-Feb-2025 11:25:37.841 INFO [main] org.apache.catalina.startup.HostConfig.deployDirectory Deploying web application directory [C:\Users\joelb\OneDrive\Desktop\Coding Projects\im2073-project\apache-tomcat-10.1.35\webapps\furniture-shop]
27-Feb-2025 11:25:37.885 INFO [main] org.apache.catalina.startup.HostConfig.deployDirectory Deployment of web application directory [C:\Users\joelb\OneDrive\Desktop\Coding Projects\im2073-project\apache-tomcat-10.1.35\webapps\furniture-shop] has finished in [44] ms
27-Feb-2025 11:25:37.886 INFO [main] org.apache.catalina.startup.HostConfig.deployDirectory Deploying web application directory [C:\Users\joelb\OneDrive\Desktop\Coding Projects\im2073-project\apache-tomcat-10.1.35\webapps\host-manager]
27-Feb-2025 11:25:37.947 INFO [main] org.apache.catalina.startup.HostConfig.deployDirectory Deployment of web application directory [C:\Users\joelb\OneDrive\Desktop\Coding Projects\im2073-project\apache-tomcat-10.1.35\webapps\host-manager] has finished in [61] ms
27-Feb-2025 11:25:37.949 INFO [main] org.apache.catalina.startup.HostConfig.deployDirectory Deploying web application directory [C:\Users\joelb\OneDrive\Desktop\Coding Projects\im2073-project\apache-tomcat-10.1.35\webapps\manager]
27-Feb-2025 11:25:37.984 INFO [main] org.apache.catalina.startup.HostConfig.deployDirectory Deployment of web application directory [C:\Users\joelb\OneDrive\Desktop\Coding Projects\im2073-project\apache-tomcat-10.1.35\webapps\manager] has finished in [36] ms
27-Feb-2025 11:25:37.984 INFO [main] org.apache.catalina.startup.HostConfig.deployDirectory Deploying web application directory [C:\Users\joelb\OneDrive\Desktop\Coding Projects\im2073-project\apache-tomcat-10.1.35\webapps\ROOT]
27-Feb-2025 11:25:38.021 INFO [main] org.apache.catalina.startup.HostConfig.deployDirectory Deployment of web application directory [C:\Users\joelb\OneDrive\Desktop\Coding Projects\im2073-project\apache-tomcat-10.1.35\webapps\ROOT] has finished in [37] ms
27-Feb-2025 11:25:38.024 INFO [main] org.apache.coyote.AbstractProtocol.start Starting ProtocolHandler ["http-nio-0.0.0.0-9999"]
27-Feb-2025 11:25:38.046 INFO [main] org.apache.catalina.startup.Catalina.start Server startup in [1250] milliseconds
27-Feb-2025 11:27:01.265 INFO [main] org.apache.catalina.startup.VersionLoggerListener.log Server version name:   Apache Tomcat/10.1.35
27-Feb-2025 11:27:01.270 INFO [main] org.apache.catalina.startup.VersionLoggerListener.log Server built:          Feb 4 2025 21:16:31 UTC
27-Feb-2025 11:27:01.270 INFO [main] org.apache.catalina.startup.VersionLoggerListener.log Server version number: 10.1.35.0
27-Feb-2025 11:27:01.270 INFO [main] org.apache.catalina.startup.VersionLoggerListener.log OS Name:               Windows 11
27-Feb-2025 11:27:01.270 INFO [main] org.apache.catalina.startup.VersionLoggerListener.log OS Version:            10.0
27-Feb-2025 11:27:01.270 INFO [main] org.apache.catalina.startup.VersionLoggerListener.log Architecture:          amd64
27-Feb-2025 11:27:01.270 INFO [main] org.apache.catalina.startup.VersionLoggerListener.log Java Home:             C:\Program Files\Java\jdk-22
27-Feb-2025 11:27:01.270 INFO [main] org.apache.catalina.startup.VersionLoggerListener.log JVM Version:           22.0.1+8-16
27-Feb-2025 11:27:01.270 INFO [main] org.apache.catalina.startup.VersionLoggerListener.log JVM Vendor:            Oracle Corporation
27-Feb-2025 11:27:01.272 INFO [main] org.apache.catalina.startup.VersionLoggerListener.log CATALINA_BASE:         C:\Users\joelb\OneDrive\Desktop\Coding Projects\im2073-project\apache-tomcat-10.1.35
27-Feb-2025 11:27:01.272 INFO [main] org.apache.catalina.startup.VersionLoggerListener.log CATALINA_HOME:         C:\Users\joelb\OneDrive\Desktop\Coding Projects\im2073-project\apache-tomcat-10.1.35
27-Feb-2025 11:27:01.282 INFO [main] org.apache.catalina.startup.VersionLoggerListener.log Command line argument: -Djava.util.logging.config.file=C:\Users\joelb\OneDrive\Desktop\Coding Projects\im2073-project\apache-tomcat-10.1.35\conf\logging.properties
27-Feb-2025 11:27:01.282 INFO [main] org.apache.catalina.startup.VersionLoggerListener.log Command line argument: -Djava.util.logging.manager=org.apache.juli.ClassLoaderLogManager
27-Feb-2025 11:27:01.282 INFO [main] org.apache.catalina.startup.VersionLoggerListener.log Command line argument: -Djdk.tls.ephemeralDHKeySize=2048
27-Feb-2025 11:27:01.282 INFO [main] org.apache.catalina.startup.VersionLoggerListener.log Command line argument: -Djava.protocol.handler.pkgs=org.apache.catalina.webresources
27-Feb-2025 11:27:01.282 INFO [main] org.apache.catalina.startup.VersionLoggerListener.log Command line argument: -Dsun.io.useCanonCaches=false
27-Feb-2025 11:27:01.282 INFO [main] org.apache.catalina.startup.VersionLoggerListener.log Command line argument: --add-opens=java.base/java.lang=ALL-UNNAMED
27-Feb-2025 11:27:01.282 INFO [main] org.apache.catalina.startup.VersionLoggerListener.log Command line argument: --add-opens=java.base/java.io=ALL-UNNAMED
27-Feb-2025 11:27:01.284 INFO [main] org.apache.catalina.startup.VersionLoggerListener.log Command line argument: --add-opens=java.base/java.util=ALL-UNNAMED
27-Feb-2025 11:27:01.284 INFO [main] org.apache.catalina.startup.VersionLoggerListener.log Command line argument: --add-opens=java.base/java.util.concurrent=ALL-UNNAMED
27-Feb-2025 11:27:01.284 INFO [main] org.apache.catalina.startup.VersionLoggerListener.log Command line argument: --add-opens=java.rmi/sun.rmi.transport=ALL-UNNAMED
27-Feb-2025 11:27:01.284 INFO [main] org.apache.catalina.startup.VersionLoggerListener.log Command line argument: -Dcatalina.base=C:\Users\joelb\OneDrive\Desktop\Coding Projects\im2073-project\apache-tomcat-10.1.35
27-Feb-2025 11:27:01.284 INFO [main] org.apache.catalina.startup.VersionLoggerListener.log Command line argument: -Dcatalina.home=C:\Users\joelb\OneDrive\Desktop\Coding Projects\im2073-project\apache-tomcat-10.1.35
27-Feb-2025 11:27:01.284 INFO [main] org.apache.catalina.startup.VersionLoggerListener.log Command line argument: -Djava.io.tmpdir=C:\Users\joelb\OneDrive\Desktop\Coding Projects\im2073-project\apache-tomcat-10.1.35\temp
27-Feb-2025 11:27:01.293 INFO [main] org.apache.catalina.core.AprLifecycleListener.lifecycleEvent The Apache Tomcat Native library which allows using OpenSSL was not found on the java.library.path: [C:\Program Files\Java\jdk-22\bin;C:\WINDOWS\Sun\Java\bin;C:\WINDOWS\system32;C:\WINDOWS;C:\Program Files\PlasticSCM5\server;C:\Program Files\PlasticSCM5\client;C:\Program Files\Common Files\Oracle\Java\javapath;C:\Program Files (x86)\Common Files\Oracle\Java\javapath;C:\WINDOWS\system32;C:\WINDOWS;C:\WINDOWS\System32\Wbem;C:\WINDOWS\System32\WindowsPowerShell\v1.0\;C:\WINDOWS\System32\OpenSSH\;C:\Program Files\Git\cmd;C:\Program Files\dotnet\;C:\Program Files (x86)\Windows Kits\10\Windows Performance Toolkit\;C:\Program Files\nodejs\;C:\ProgramData\chocolatey\bin;C:\Users\joelb\AppData\Local\Programs\Python\Launcher\;C:\Program Files\MySQL\MySQL Shell 8.0\bin\;C:\Users\joelb\AppData\Local\Microsoft\WindowsApps;C:\Users\joelb\AppData\Local\Programs\Microsoft VS Code\bin;C:\Users\joelb\AppData\Local\Programs\Python\Python312\Scripts;C:\Users\joelb\AppData\Local\GitHubDesktop\bin;C:\Program Files\JetBrains\IntelliJ IDEA 2024.1\bin;C:\MinGW\bin;C:\Users\joelb\.dotnet\tools;C:\Users\joelb\AppData\Roaming\npm;.]
27-Feb-2025 11:27:01.573 INFO [main] org.apache.coyote.AbstractProtocol.init Initializing ProtocolHandler ["http-nio-0.0.0.0-9999"]
27-Feb-2025 11:27:01.600 INFO [main] org.apache.catalina.startup.Catalina.load Server initialization in [510] milliseconds
27-Feb-2025 11:27:01.670 INFO [main] org.apache.catalina.core.StandardService.startInternal Starting service [Catalina]
27-Feb-2025 11:27:01.670 INFO [main] org.apache.catalina.core.StandardEngine.startInternal Starting Servlet engine: [Apache Tomcat/10.1.35]
27-Feb-2025 11:27:01.686 INFO [main] org.apache.catalina.startup.HostConfig.deployDirectory Deploying web application directory [C:\Users\joelb\OneDrive\Desktop\Coding Projects\im2073-project\apache-tomcat-10.1.35\webapps\docs]
27-Feb-2025 11:27:02.035 INFO [main] org.apache.catalina.startup.HostConfig.deployDirectory Deployment of web application directory [C:\Users\joelb\OneDrive\Desktop\Coding Projects\im2073-project\apache-tomcat-10.1.35\webapps\docs] has finished in [349] ms
27-Feb-2025 11:27:02.035 INFO [main] org.apache.catalina.startup.HostConfig.deployDirectory Deploying web application directory [C:\Users\joelb\OneDrive\Desktop\Coding Projects\im2073-project\apache-tomcat-10.1.35\webapps\examples]
27-Feb-2025 11:27:02.678 INFO [main] org.apache.catalina.startup.HostConfig.deployDirectory Deployment of web application directory [C:\Users\joelb\OneDrive\Desktop\Coding Projects\im2073-project\apache-tomcat-10.1.35\webapps\examples] has finished in [643] ms
27-Feb-2025 11:27:02.678 INFO [main] org.apache.catalina.startup.HostConfig.deployDirectory Deploying web application directory [C:\Users\joelb\OneDrive\Desktop\Coding Projects\im2073-project\apache-tomcat-10.1.35\webapps\furniture-shop]
27-Feb-2025 11:27:02.761 INFO [main] org.apache.catalina.startup.HostConfig.deployDirectory Deployment of web application directory [C:\Users\joelb\OneDrive\Desktop\Coding Projects\im2073-project\apache-tomcat-10.1.35\webapps\furniture-shop] has finished in [81] ms
27-Feb-2025 11:27:02.761 INFO [main] org.apache.catalina.startup.HostConfig.deployDirectory Deploying web application directory [C:\Users\joelb\OneDrive\Desktop\Coding Projects\im2073-project\apache-tomcat-10.1.35\webapps\host-manager]
27-Feb-2025 11:27:02.826 INFO [main] org.apache.catalina.startup.HostConfig.deployDirectory Deployment of web application directory [C:\Users\joelb\OneDrive\Desktop\Coding Projects\im2073-project\apache-tomcat-10.1.35\webapps\host-manager] has finished in [65] ms
27-Feb-2025 11:27:02.826 INFO [main] org.apache.catalina.startup.HostConfig.deployDirectory Deploying web application directory [C:\Users\joelb\OneDrive\Desktop\Coding Projects\im2073-project\apache-tomcat-10.1.35\webapps\manager]
27-Feb-2025 11:27:02.867 INFO [main] org.apache.catalina.startup.HostConfig.deployDirectory Deployment of web application directory [C:\Users\joelb\OneDrive\Desktop\Coding Projects\im2073-project\apache-tomcat-10.1.35\webapps\manager] has finished in [41] ms
27-Feb-2025 11:27:02.867 INFO [main] org.apache.catalina.startup.HostConfig.deployDirectory Deploying web application directory [C:\Users\joelb\OneDrive\Desktop\Coding Projects\im2073-project\apache-tomcat-10.1.35\webapps\ROOT]
27-Feb-2025 11:27:02.893 INFO [main] org.apache.catalina.startup.HostConfig.deployDirectory Deployment of web application directory [C:\Users\joelb\OneDrive\Desktop\Coding Projects\im2073-project\apache-tomcat-10.1.35\webapps\ROOT] has finished in [26] ms
27-Feb-2025 11:27:02.899 INFO [main] org.apache.coyote.AbstractProtocol.start Starting ProtocolHandler ["http-nio-0.0.0.0-9999"]
27-Feb-2025 11:27:02.918 INFO [main] org.apache.catalina.startup.Catalina.start Server startup in [1318] milliseconds
27-Feb-2025 11:54:25.328 INFO [main] org.apache.catalina.startup.VersionLoggerListener.log Server version name:   Apache Tomcat/10.1.35
27-Feb-2025 11:54:25.344 INFO [main] org.apache.catalina.startup.VersionLoggerListener.log Server built:          Feb 4 2025 21:16:31 UTC
27-Feb-2025 11:54:25.344 INFO [main] org.apache.catalina.startup.VersionLoggerListener.log Server version number: 10.1.35.0
27-Feb-2025 11:54:25.344 INFO [main] org.apache.catalina.startup.VersionLoggerListener.log OS Name:               Windows 11
27-Feb-2025 11:54:25.344 INFO [main] org.apache.catalina.startup.VersionLoggerListener.log OS Version:            10.0
27-Feb-2025 11:54:25.344 INFO [main] org.apache.catalina.startup.VersionLoggerListener.log Architecture:          amd64
27-Feb-2025 11:54:25.344 INFO [main] org.apache.catalina.startup.VersionLoggerListener.log Java Home:             C:\Program Files\Java\jdk-22
27-Feb-2025 11:54:25.344 INFO [main] org.apache.catalina.startup.VersionLoggerListener.log JVM Version:           22.0.1+8-16
27-Feb-2025 11:54:25.344 INFO [main] org.apache.catalina.startup.VersionLoggerListener.log JVM Vendor:            Oracle Corporation
27-Feb-2025 11:54:25.344 INFO [main] org.apache.catalina.startup.VersionLoggerListener.log CATALINA_BASE:         C:\Users\joelb\OneDrive\Desktop\Coding Projects\im2073-project\apache-tomcat-10.1.35
27-Feb-2025 11:54:25.344 INFO [main] org.apache.catalina.startup.VersionLoggerListener.log CATALINA_HOME:         C:\Users\joelb\OneDrive\Desktop\Coding Projects\im2073-project\apache-tomcat-10.1.35
27-Feb-2025 11:54:25.344 INFO [main] org.apache.catalina.startup.VersionLoggerListener.log Command line argument: -Djava.util.logging.config.file=C:\Users\joelb\OneDrive\Desktop\Coding Projects\im2073-project\apache-tomcat-10.1.35\conf\logging.properties
27-Feb-2025 11:54:25.344 INFO [main] org.apache.catalina.startup.VersionLoggerListener.log Command line argument: -Djava.util.logging.manager=org.apache.juli.ClassLoaderLogManager
27-Feb-2025 11:54:25.344 INFO [main] org.apache.catalina.startup.VersionLoggerListener.log Command line argument: -Djdk.tls.ephemeralDHKeySize=2048
27-Feb-2025 11:54:25.344 INFO [main] org.apache.catalina.startup.VersionLoggerListener.log Command line argument: -Djava.protocol.handler.pkgs=org.apache.catalina.webresources
27-Feb-2025 11:54:25.344 INFO [main] org.apache.catalina.startup.VersionLoggerListener.log Command line argument: -Dsun.io.useCanonCaches=false
27-Feb-2025 11:54:25.359 INFO [main] org.apache.catalina.startup.VersionLoggerListener.log Command line argument: --add-opens=java.base/java.lang=ALL-UNNAMED
27-Feb-2025 11:54:25.359 INFO [main] org.apache.catalina.startup.VersionLoggerListener.log Command line argument: --add-opens=java.base/java.io=ALL-UNNAMED
27-Feb-2025 11:54:25.359 INFO [main] org.apache.catalina.startup.VersionLoggerListener.log Command line argument: --add-opens=java.base/java.util=ALL-UNNAMED
27-Feb-2025 11:54:25.359 INFO [main] org.apache.catalina.startup.VersionLoggerListener.log Command line argument: --add-opens=java.base/java.util.concurrent=ALL-UNNAMED
27-Feb-2025 11:54:25.359 INFO [main] org.apache.catalina.startup.VersionLoggerListener.log Command line argument: --add-opens=java.rmi/sun.rmi.transport=ALL-UNNAMED
27-Feb-2025 11:54:25.359 INFO [main] org.apache.catalina.startup.VersionLoggerListener.log Command line argument: -Dcatalina.base=C:\Users\joelb\OneDrive\Desktop\Coding Projects\im2073-project\apache-tomcat-10.1.35
27-Feb-2025 11:54:25.359 INFO [main] org.apache.catalina.startup.VersionLoggerListener.log Command line argument: -Dcatalina.home=C:\Users\joelb\OneDrive\Desktop\Coding Projects\im2073-project\apache-tomcat-10.1.35
27-Feb-2025 11:54:25.359 INFO [main] org.apache.catalina.startup.VersionLoggerListener.log Command line argument: -Djava.io.tmpdir=C:\Users\joelb\OneDrive\Desktop\Coding Projects\im2073-project\apache-tomcat-10.1.35\temp
27-Feb-2025 11:54:25.359 INFO [main] org.apache.catalina.core.AprLifecycleListener.lifecycleEvent The Apache Tomcat Native library which allows using OpenSSL was not found on the java.library.path: [C:\Program Files\Java\jdk-22\bin;C:\WINDOWS\Sun\Java\bin;C:\WINDOWS\system32;C:\WINDOWS;C:\Program Files\PlasticSCM5\server;C:\Program Files\PlasticSCM5\client;C:\Program Files\Common Files\Oracle\Java\javapath;C:\Program Files (x86)\Common Files\Oracle\Java\javapath;C:\WINDOWS\system32;C:\WINDOWS;C:\WINDOWS\System32\Wbem;C:\WINDOWS\System32\WindowsPowerShell\v1.0\;C:\WINDOWS\System32\OpenSSH\;C:\Program Files\Git\cmd;C:\Program Files\dotnet\;C:\Program Files (x86)\Windows Kits\10\Windows Performance Toolkit\;C:\Program Files\nodejs\;C:\ProgramData\chocolatey\bin;C:\Users\joelb\AppData\Local\Programs\Python\Launcher\;C:\Program Files\MySQL\MySQL Shell 8.0\bin\;C:\Users\joelb\AppData\Local\Microsoft\WindowsApps;C:\Users\joelb\AppData\Local\Programs\Microsoft VS Code\bin;C:\Users\joelb\AppData\Local\Programs\Python\Python312\Scripts;C:\Users\joelb\AppData\Local\GitHubDesktop\bin;C:\Program Files\JetBrains\IntelliJ IDEA 2024.1\bin;C:\MinGW\bin;C:\Users\joelb\.dotnet\tools;C:\Users\joelb\AppData\Roaming\npm;.]
27-Feb-2025 11:54:25.656 INFO [main] org.apache.coyote.AbstractProtocol.init Initializing ProtocolHandler ["http-nio-0.0.0.0-9999"]
27-Feb-2025 11:54:25.691 INFO [main] org.apache.catalina.startup.Catalina.load Server initialization in [528] milliseconds
27-Feb-2025 11:54:25.738 INFO [main] org.apache.catalina.core.StandardService.startInternal Starting service [Catalina]
27-Feb-2025 11:54:25.738 INFO [main] org.apache.catalina.core.StandardEngine.startInternal Starting Servlet engine: [Apache Tomcat/10.1.35]
27-Feb-2025 11:54:25.738 INFO [main] org.apache.catalina.startup.HostConfig.deployDirectory Deploying web application directory [C:\Users\joelb\OneDrive\Desktop\Coding Projects\im2073-project\apache-tomcat-10.1.35\webapps\docs]
27-Feb-2025 11:54:26.388 INFO [main] org.apache.jasper.servlet.TldScanner.scanJars At least one JAR was scanned for TLDs yet contained no TLDs. Enable debug logging for this logger for a complete list of JARs that were scanned but no TLDs were found in them. Skipping unneeded JARs during scanning can improve startup time and JSP compilation time.
27-Feb-2025 11:54:26.441 INFO [main] org.apache.catalina.startup.HostConfig.deployDirectory Deployment of web application directory [C:\Users\joelb\OneDrive\Desktop\Coding Projects\im2073-project\apache-tomcat-10.1.35\webapps\docs] has finished in [703] ms
27-Feb-2025 11:54:26.441 INFO [main] org.apache.catalina.startup.HostConfig.deployDirectory Deploying web application directory [C:\Users\joelb\OneDrive\Desktop\Coding Projects\im2073-project\apache-tomcat-10.1.35\webapps\examples]
27-Feb-2025 11:54:27.011 INFO [main] org.apache.jasper.servlet.TldScanner.scanJars At least one JAR was scanned for TLDs yet contained no TLDs. Enable debug logging for this logger for a complete list of JARs that were scanned but no TLDs were found in them. Skipping unneeded JARs during scanning can improve startup time and JSP compilation time.
27-Feb-2025 11:54:27.075 INFO [main] org.apache.catalina.startup.HostConfig.deployDirectory Deployment of web application directory [C:\Users\joelb\OneDrive\Desktop\Coding Projects\im2073-project\apache-tomcat-10.1.35\webapps\examples] has finished in [634] ms
27-Feb-2025 11:54:27.075 INFO [main] org.apache.catalina.startup.HostConfig.deployDirectory Deploying web application directory [C:\Users\joelb\OneDrive\Desktop\Coding Projects\im2073-project\apache-tomcat-10.1.35\webapps\furniture-shop]
27-Feb-2025 11:54:27.358 INFO [main] org.apache.jasper.servlet.TldScanner.scanJars At least one JAR was scanned for TLDs yet contained no TLDs. Enable debug logging for this logger for a complete list of JARs that were scanned but no TLDs were found in them. Skipping unneeded JARs during scanning can improve startup time and JSP compilation time.
27-Feb-2025 11:54:27.368 INFO [main] org.apache.catalina.startup.HostConfig.deployDirectory Deployment of web application directory [C:\Users\joelb\OneDrive\Desktop\Coding Projects\im2073-project\apache-tomcat-10.1.35\webapps\furniture-shop] has finished in [293] ms
27-Feb-2025 11:54:27.368 INFO [main] org.apache.catalina.startup.HostConfig.deployDirectory Deploying web application directory [C:\Users\joelb\OneDrive\Desktop\Coding Projects\im2073-project\apache-tomcat-10.1.35\webapps\host-manager]
27-Feb-2025 11:54:27.614 INFO [main] org.apache.jasper.servlet.TldScanner.scanJars At least one JAR was scanned for TLDs yet contained no TLDs. Enable debug logging for this logger for a complete list of JARs that were scanned but no TLDs were found in them. Skipping unneeded JARs during scanning can improve startup time and JSP compilation time.
27-Feb-2025 11:54:27.619 INFO [main] org.apache.catalina.startup.HostConfig.deployDirectory Deployment of web application directory [C:\Users\joelb\OneDrive\Desktop\Coding Projects\im2073-project\apache-tomcat-10.1.35\webapps\host-manager] has finished in [251] ms
27-Feb-2025 11:54:27.619 INFO [main] org.apache.catalina.startup.HostConfig.deployDirectory Deploying web application directory [C:\Users\joelb\OneDrive\Desktop\Coding Projects\im2073-project\apache-tomcat-10.1.35\webapps\manager]
27-Feb-2025 11:54:27.871 INFO [main] org.apache.jasper.servlet.TldScanner.scanJars At least one JAR was scanned for TLDs yet contained no TLDs. Enable debug logging for this logger for a complete list of JARs that were scanned but no TLDs were found in them. Skipping unneeded JARs during scanning can improve startup time and JSP compilation time.
27-Feb-2025 11:54:27.879 INFO [main] org.apache.catalina.startup.HostConfig.deployDirectory Deployment of web application directory [C:\Users\joelb\OneDrive\Desktop\Coding Projects\im2073-project\apache-tomcat-10.1.35\webapps\manager] has finished in [260] ms
27-Feb-2025 11:54:27.879 INFO [main] org.apache.catalina.startup.HostConfig.deployDirectory Deploying web application directory [C:\Users\joelb\OneDrive\Desktop\Coding Projects\im2073-project\apache-tomcat-10.1.35\webapps\ROOT]
27-Feb-2025 11:54:28.122 INFO [main] org.apache.jasper.servlet.TldScanner.scanJars At least one JAR was scanned for TLDs yet contained no TLDs. Enable debug logging for this logger for a complete list of JARs that were scanned but no TLDs were found in them. Skipping unneeded JARs during scanning can improve startup time and JSP compilation time.
27-Feb-2025 11:54:28.122 INFO [main] org.apache.catalina.startup.HostConfig.deployDirectory Deployment of web application directory [C:\Users\joelb\OneDrive\Desktop\Coding Projects\im2073-project\apache-tomcat-10.1.35\webapps\ROOT] has finished in [243] ms
27-Feb-2025 11:54:28.138 INFO [main] org.apache.coyote.AbstractProtocol.start Starting ProtocolHandler ["http-nio-0.0.0.0-9999"]
27-Feb-2025 11:54:28.157 INFO [main] org.apache.catalina.startup.Catalina.start Server startup in [2463] milliseconds
27-Feb-2025 11:54:38.163 INFO [Catalina-utility-2] org.apache.catalina.core.StandardContext.reload Reloading Context with name [/furniture-shop] has started
27-Feb-2025 11:54:38.386 INFO [Catalina-utility-2] org.apache.jasper.servlet.TldScanner.scanJars At least one JAR was scanned for TLDs yet contained no TLDs. Enable debug logging for this logger for a complete list of JARs that were scanned but no TLDs were found in them. Skipping unneeded JARs during scanning can improve startup time and JSP compilation time.
27-Feb-2025 11:54:38.386 INFO [Catalina-utility-2] org.apache.catalina.core.StandardContext.reload Reloading Context with name [/furniture-shop] is completed
27-Feb-2025 20:29:31.048 INFO [Thread-1] org.apache.coyote.AbstractProtocol.pause Pausing ProtocolHandler ["http-nio-0.0.0.0-9999"]
27-Feb-2025 20:29:31.055 INFO [Thread-1] org.apache.catalina.core.StandardService.stopInternal Stopping service [Catalina]
27-Feb-2025 20:29:31.085 INFO [Thread-1] org.apache.coyote.AbstractProtocol.stop Stopping ProtocolHandler ["http-nio-0.0.0.0-9999"]
27-Feb-2025 20:29:31.109 INFO [Thread-1] org.apache.coyote.AbstractProtocol.destroy Destroying ProtocolHandler ["http-nio-0.0.0.0-9999"]
27-Feb-2025 21:26:40.514 INFO [main] org.apache.catalina.startup.VersionLoggerListener.log Server version name:   Apache Tomcat/10.1.35
27-Feb-2025 21:26:40.517 INFO [main] org.apache.catalina.startup.VersionLoggerListener.log Server built:          Feb 4 2025 21:16:31 UTC
27-Feb-2025 21:26:40.519 INFO [main] org.apache.catalina.startup.VersionLoggerListener.log Server version number: 10.1.35.0
27-Feb-2025 21:26:40.519 INFO [main] org.apache.catalina.startup.VersionLoggerListener.log OS Name:               Windows 11
27-Feb-2025 21:26:40.519 INFO [main] org.apache.catalina.startup.VersionLoggerListener.log OS Version:            10.0
27-Feb-2025 21:26:40.519 INFO [main] org.apache.catalina.startup.VersionLoggerListener.log Architecture:          amd64
27-Feb-2025 21:26:40.519 INFO [main] org.apache.catalina.startup.VersionLoggerListener.log Java Home:             C:\Program Files\Java\jdk-22
27-Feb-2025 21:26:40.519 INFO [main] org.apache.catalina.startup.VersionLoggerListener.log JVM Version:           22.0.1+8-16
27-Feb-2025 21:26:40.519 INFO [main] org.apache.catalina.startup.VersionLoggerListener.log JVM Vendor:            Oracle Corporation
27-Feb-2025 21:26:40.519 INFO [main] org.apache.catalina.startup.VersionLoggerListener.log CATALINA_BASE:         C:\Users\joelb\OneDrive\Desktop\Coding Projects\im2073-project\apache-tomcat-10.1.35
27-Feb-2025 21:26:40.519 INFO [main] org.apache.catalina.startup.VersionLoggerListener.log CATALINA_HOME:         C:\Users\joelb\OneDrive\Desktop\Coding Projects\im2073-project\apache-tomcat-10.1.35
27-Feb-2025 21:26:40.527 INFO [main] org.apache.catalina.startup.VersionLoggerListener.log Command line argument: -Djava.util.logging.config.file=C:\Users\joelb\OneDrive\Desktop\Coding Projects\im2073-project\apache-tomcat-10.1.35\conf\logging.properties
27-Feb-2025 21:26:40.527 INFO [main] org.apache.catalina.startup.VersionLoggerListener.log Command line argument: -Djava.util.logging.manager=org.apache.juli.ClassLoaderLogManager
27-Feb-2025 21:26:40.529 INFO [main] org.apache.catalina.startup.VersionLoggerListener.log Command line argument: -Djdk.tls.ephemeralDHKeySize=2048
27-Feb-2025 21:26:40.529 INFO [main] org.apache.catalina.startup.VersionLoggerListener.log Command line argument: -Djava.protocol.handler.pkgs=org.apache.catalina.webresources
27-Feb-2025 21:26:40.529 INFO [main] org.apache.catalina.startup.VersionLoggerListener.log Command line argument: -Dsun.io.useCanonCaches=false
27-Feb-2025 21:26:40.529 INFO [main] org.apache.catalina.startup.VersionLoggerListener.log Command line argument: --add-opens=java.base/java.lang=ALL-UNNAMED
27-Feb-2025 21:26:40.529 INFO [main] org.apache.catalina.startup.VersionLoggerListener.log Command line argument: --add-opens=java.base/java.io=ALL-UNNAMED
27-Feb-2025 21:26:40.529 INFO [main] org.apache.catalina.startup.VersionLoggerListener.log Command line argument: --add-opens=java.base/java.util=ALL-UNNAMED
27-Feb-2025 21:26:40.529 INFO [main] org.apache.catalina.startup.VersionLoggerListener.log Command line argument: --add-opens=java.base/java.util.concurrent=ALL-UNNAMED
27-Feb-2025 21:26:40.529 INFO [main] org.apache.catalina.startup.VersionLoggerListener.log Command line argument: --add-opens=java.rmi/sun.rmi.transport=ALL-UNNAMED
27-Feb-2025 21:26:40.529 INFO [main] org.apache.catalina.startup.VersionLoggerListener.log Command line argument: -Dcatalina.base=C:\Users\joelb\OneDrive\Desktop\Coding Projects\im2073-project\apache-tomcat-10.1.35
27-Feb-2025 21:26:40.529 INFO [main] org.apache.catalina.startup.VersionLoggerListener.log Command line argument: -Dcatalina.home=C:\Users\joelb\OneDrive\Desktop\Coding Projects\im2073-project\apache-tomcat-10.1.35
27-Feb-2025 21:26:40.529 INFO [main] org.apache.catalina.startup.VersionLoggerListener.log Command line argument: -Djava.io.tmpdir=C:\Users\joelb\OneDrive\Desktop\Coding Projects\im2073-project\apache-tomcat-10.1.35\temp
27-Feb-2025 21:26:40.559 INFO [main] org.apache.catalina.core.AprLifecycleListener.lifecycleEvent The Apache Tomcat Native library which allows using OpenSSL was not found on the java.library.path: [C:\Program Files\Java\jdk-22\bin;C:\WINDOWS\Sun\Java\bin;C:\WINDOWS\system32;C:\WINDOWS;C:\Program Files\PlasticSCM5\server;C:\Program Files\PlasticSCM5\client;C:\Program Files\Common Files\Oracle\Java\javapath;C:\Program Files (x86)\Common Files\Oracle\Java\javapath;C:\WINDOWS\system32;C:\WINDOWS;C:\WINDOWS\System32\Wbem;C:\WINDOWS\System32\WindowsPowerShell\v1.0\;C:\WINDOWS\System32\OpenSSH\;C:\Program Files\Git\cmd;C:\Program Files\dotnet\;C:\Program Files (x86)\Windows Kits\10\Windows Performance Toolkit\;C:\Program Files\nodejs\;C:\ProgramData\chocolatey\bin;C:\Users\joelb\AppData\Local\Programs\Python\Launcher\;C:\Program Files\MySQL\MySQL Shell 8.0\bin\;C:\Users\joelb\AppData\Local\Microsoft\WindowsApps;C:\Users\joelb\AppData\Local\Programs\Microsoft VS Code\bin;C:\Users\joelb\AppData\Local\Programs\Python\Python312\Scripts;C:\Users\joelb\AppData\Local\GitHubDesktop\bin;C:\Program Files\JetBrains\IntelliJ IDEA 2024.1\bin;C:\MinGW\bin;C:\Users\joelb\.dotnet\tools;C:\Users\joelb\AppData\Roaming\npm;.]
27-Feb-2025 21:26:40.888 INFO [main] org.apache.coyote.AbstractProtocol.init Initializing ProtocolHandler ["http-nio-0.0.0.0-9999"]
27-Feb-2025 21:26:40.912 INFO [main] org.apache.catalina.startup.Catalina.load Server initialization in [628] milliseconds
27-Feb-2025 21:26:40.970 INFO [main] org.apache.catalina.core.StandardService.startInternal Starting service [Catalina]
27-Feb-2025 21:26:40.970 INFO [main] org.apache.catalina.core.StandardEngine.startInternal Starting Servlet engine: [Apache Tomcat/10.1.35]
27-Feb-2025 21:26:40.979 INFO [main] org.apache.catalina.startup.HostConfig.deployDirectory Deploying web application directory [C:\Users\joelb\OneDrive\Desktop\Coding Projects\im2073-project\apache-tomcat-10.1.35\webapps\docs]
27-Feb-2025 21:26:41.699 INFO [main] org.apache.jasper.servlet.TldScanner.scanJars At least one JAR was scanned for TLDs yet contained no TLDs. Enable debug logging for this logger for a complete list of JARs that were scanned but no TLDs were found in them. Skipping unneeded JARs during scanning can improve startup time and JSP compilation time.
27-Feb-2025 21:26:41.749 INFO [main] org.apache.catalina.startup.HostConfig.deployDirectory Deployment of web application directory [C:\Users\joelb\OneDrive\Desktop\Coding Projects\im2073-project\apache-tomcat-10.1.35\webapps\docs] has finished in [770] ms
27-Feb-2025 21:26:41.749 INFO [main] org.apache.catalina.startup.HostConfig.deployDirectory Deploying web application directory [C:\Users\joelb\OneDrive\Desktop\Coding Projects\im2073-project\apache-tomcat-10.1.35\webapps\examples]
27-Feb-2025 21:26:42.474 INFO [main] org.apache.jasper.servlet.TldScanner.scanJars At least one JAR was scanned for TLDs yet contained no TLDs. Enable debug logging for this logger for a complete list of JARs that were scanned but no TLDs were found in them. Skipping unneeded JARs during scanning can improve startup time and JSP compilation time.
27-Feb-2025 21:26:42.552 INFO [main] org.apache.catalina.startup.HostConfig.deployDirectory Deployment of web application directory [C:\Users\joelb\OneDrive\Desktop\Coding Projects\im2073-project\apache-tomcat-10.1.35\webapps\examples] has finished in [803] ms
27-Feb-2025 21:26:42.552 INFO [main] org.apache.catalina.startup.HostConfig.deployDirectory Deploying web application directory [C:\Users\joelb\OneDrive\Desktop\Coding Projects\im2073-project\apache-tomcat-10.1.35\webapps\exotic-coffee]
27-Feb-2025 21:26:42.936 INFO [main] org.apache.jasper.servlet.TldScanner.scanJars At least one JAR was scanned for TLDs yet contained no TLDs. Enable debug logging for this logger for a complete list of JARs that were scanned but no TLDs were found in them. Skipping unneeded JARs during scanning can improve startup time and JSP compilation time.
27-Feb-2025 21:26:42.952 INFO [main] org.apache.catalina.startup.HostConfig.deployDirectory Deployment of web application directory [C:\Users\joelb\OneDrive\Desktop\Coding Projects\im2073-project\apache-tomcat-10.1.35\webapps\exotic-coffee] has finished in [400] ms
27-Feb-2025 21:26:42.952 INFO [main] org.apache.catalina.startup.HostConfig.deployDirectory Deploying web application directory [C:\Users\joelb\OneDrive\Desktop\Coding Projects\im2073-project\apache-tomcat-10.1.35\webapps\host-manager]
27-Feb-2025 21:26:43.307 INFO [main] org.apache.jasper.servlet.TldScanner.scanJars At least one JAR was scanned for TLDs yet contained no TLDs. Enable debug logging for this logger for a complete list of JARs that were scanned but no TLDs were found in them. Skipping unneeded JARs during scanning can improve startup time and JSP compilation time.
27-Feb-2025 21:26:43.315 INFO [main] org.apache.catalina.startup.HostConfig.deployDirectory Deployment of web application directory [C:\Users\joelb\OneDrive\Desktop\Coding Projects\im2073-project\apache-tomcat-10.1.35\webapps\host-manager] has finished in [363] ms
27-Feb-2025 21:26:43.317 INFO [main] org.apache.catalina.startup.HostConfig.deployDirectory Deploying web application directory [C:\Users\joelb\OneDrive\Desktop\Coding Projects\im2073-project\apache-tomcat-10.1.35\webapps\manager]
27-Feb-2025 21:26:43.551 INFO [main] org.apache.jasper.servlet.TldScanner.scanJars At least one JAR was scanned for TLDs yet contained no TLDs. Enable debug logging for this logger for a complete list of JARs that were scanned but no TLDs were found in them. Skipping unneeded JARs during scanning can improve startup time and JSP compilation time.
27-Feb-2025 21:26:43.564 INFO [main] org.apache.catalina.startup.HostConfig.deployDirectory Deployment of web application directory [C:\Users\joelb\OneDrive\Desktop\Coding Projects\im2073-project\apache-tomcat-10.1.35\webapps\manager] has finished in [247] ms
27-Feb-2025 21:26:43.564 INFO [main] org.apache.catalina.startup.HostConfig.deployDirectory Deploying web application directory [C:\Users\joelb\OneDrive\Desktop\Coding Projects\im2073-project\apache-tomcat-10.1.35\webapps\ROOT]
27-Feb-2025 21:26:44.003 INFO [main] org.apache.jasper.servlet.TldScanner.scanJars At least one JAR was scanned for TLDs yet contained no TLDs. Enable debug logging for this logger for a complete list of JARs that were scanned but no TLDs were found in them. Skipping unneeded JARs during scanning can improve startup time and JSP compilation time.
27-Feb-2025 21:26:44.005 INFO [main] org.apache.catalina.startup.HostConfig.deployDirectory Deployment of web application directory [C:\Users\joelb\OneDrive\Desktop\Coding Projects\im2073-project\apache-tomcat-10.1.35\webapps\ROOT] has finished in [441] ms
27-Feb-2025 21:26:44.011 INFO [main] org.apache.coyote.AbstractProtocol.start Starting ProtocolHandler ["http-nio-0.0.0.0-9999"]
27-Feb-2025 21:26:44.038 INFO [main] org.apache.catalina.startup.Catalina.start Server startup in [3117] milliseconds
27-Feb-2025 21:41:49.209 INFO [Catalina-utility-2] org.apache.catalina.core.StandardContext.reload Reloading Context with name [/exotic-coffee] has started
27-Feb-2025 21:41:49.491 INFO [Catalina-utility-2] org.apache.jasper.servlet.TldScanner.scanJars At least one JAR was scanned for TLDs yet contained no TLDs. Enable debug logging for this logger for a complete list of JARs that were scanned but no TLDs were found in them. Skipping unneeded JARs during scanning can improve startup time and JSP compilation time.
27-Feb-2025 21:41:49.494 INFO [Catalina-utility-2] org.apache.catalina.core.StandardContext.reload Reloading Context with name [/exotic-coffee] is completed
27-Feb-2025 21:42:21.529 INFO [main] org.apache.catalina.startup.VersionLoggerListener.log Server version name:   Apache Tomcat/10.1.35
27-Feb-2025 21:42:21.534 INFO [main] org.apache.catalina.startup.VersionLoggerListener.log Server built:          Feb 4 2025 21:16:31 UTC
27-Feb-2025 21:42:21.537 INFO [main] org.apache.catalina.startup.VersionLoggerListener.log Server version number: 10.1.35.0
27-Feb-2025 21:42:21.537 INFO [main] org.apache.catalina.startup.VersionLoggerListener.log OS Name:               Windows 11
27-Feb-2025 21:42:21.537 INFO [main] org.apache.catalina.startup.VersionLoggerListener.log OS Version:            10.0
27-Feb-2025 21:42:21.537 INFO [main] org.apache.catalina.startup.VersionLoggerListener.log Architecture:          amd64
27-Feb-2025 21:42:21.537 INFO [main] org.apache.catalina.startup.VersionLoggerListener.log Java Home:             C:\Program Files\Java\jdk-22
27-Feb-2025 21:42:21.537 INFO [main] org.apache.catalina.startup.VersionLoggerListener.log JVM Version:           22.0.1+8-16
27-Feb-2025 21:42:21.539 INFO [main] org.apache.catalina.startup.VersionLoggerListener.log JVM Vendor:            Oracle Corporation
27-Feb-2025 21:42:21.539 INFO [main] org.apache.catalina.startup.VersionLoggerListener.log CATALINA_BASE:         C:\Users\joelb\OneDrive\Desktop\Coding Projects\im2073-project\apache-tomcat-10.1.35
27-Feb-2025 21:42:21.539 INFO [main] org.apache.catalina.startup.VersionLoggerListener.log CATALINA_HOME:         C:\Users\joelb\OneDrive\Desktop\Coding Projects\im2073-project\apache-tomcat-10.1.35
27-Feb-2025 21:42:21.547 INFO [main] org.apache.catalina.startup.VersionLoggerListener.log Command line argument: -Djava.util.logging.config.file=C:\Users\joelb\OneDrive\Desktop\Coding Projects\im2073-project\apache-tomcat-10.1.35\conf\logging.properties
27-Feb-2025 21:42:21.547 INFO [main] org.apache.catalina.startup.VersionLoggerListener.log Command line argument: -Djava.util.logging.manager=org.apache.juli.ClassLoaderLogManager
27-Feb-2025 21:42:21.550 INFO [main] org.apache.catalina.startup.VersionLoggerListener.log Command line argument: -Djdk.tls.ephemeralDHKeySize=2048
27-Feb-2025 21:42:21.550 INFO [main] org.apache.catalina.startup.VersionLoggerListener.log Command line argument: -Djava.protocol.handler.pkgs=org.apache.catalina.webresources
27-Feb-2025 21:42:21.550 INFO [main] org.apache.catalina.startup.VersionLoggerListener.log Command line argument: -Dsun.io.useCanonCaches=false
27-Feb-2025 21:42:21.551 INFO [main] org.apache.catalina.startup.VersionLoggerListener.log Command line argument: --add-opens=java.base/java.lang=ALL-UNNAMED
27-Feb-2025 21:42:21.551 INFO [main] org.apache.catalina.startup.VersionLoggerListener.log Command line argument: --add-opens=java.base/java.io=ALL-UNNAMED
27-Feb-2025 21:42:21.551 INFO [main] org.apache.catalina.startup.VersionLoggerListener.log Command line argument: --add-opens=java.base/java.util=ALL-UNNAMED
27-Feb-2025 21:42:21.551 INFO [main] org.apache.catalina.startup.VersionLoggerListener.log Command line argument: --add-opens=java.base/java.util.concurrent=ALL-UNNAMED
27-Feb-2025 21:42:21.551 INFO [main] org.apache.catalina.startup.VersionLoggerListener.log Command line argument: --add-opens=java.rmi/sun.rmi.transport=ALL-UNNAMED
27-Feb-2025 21:42:21.551 INFO [main] org.apache.catalina.startup.VersionLoggerListener.log Command line argument: -Dcatalina.base=C:\Users\joelb\OneDrive\Desktop\Coding Projects\im2073-project\apache-tomcat-10.1.35
27-Feb-2025 21:42:21.551 INFO [main] org.apache.catalina.startup.VersionLoggerListener.log Command line argument: -Dcatalina.home=C:\Users\joelb\OneDrive\Desktop\Coding Projects\im2073-project\apache-tomcat-10.1.35
27-Feb-2025 21:42:21.551 INFO [main] org.apache.catalina.startup.VersionLoggerListener.log Command line argument: -Djava.io.tmpdir=C:\Users\joelb\OneDrive\Desktop\Coding Projects\im2073-project\apache-tomcat-10.1.35\temp
27-Feb-2025 21:42:21.557 INFO [main] org.apache.catalina.core.AprLifecycleListener.lifecycleEvent The Apache Tomcat Native library which allows using OpenSSL was not found on the java.library.path: [C:\Program Files\Java\jdk-22\bin;C:\WINDOWS\Sun\Java\bin;C:\WINDOWS\system32;C:\WINDOWS;C:\Program Files\PlasticSCM5\server;C:\Program Files\PlasticSCM5\client;C:\Program Files\Common Files\Oracle\Java\javapath;C:\Program Files (x86)\Common Files\Oracle\Java\javapath;C:\WINDOWS\system32;C:\WINDOWS;C:\WINDOWS\System32\Wbem;C:\WINDOWS\System32\WindowsPowerShell\v1.0\;C:\WINDOWS\System32\OpenSSH\;C:\Program Files\Git\cmd;C:\Program Files\dotnet\;C:\Program Files (x86)\Windows Kits\10\Windows Performance Toolkit\;C:\Program Files\nodejs\;C:\ProgramData\chocolatey\bin;C:\Users\joelb\AppData\Local\Programs\Python\Launcher\;C:\Program Files\MySQL\MySQL Shell 8.0\bin\;C:\Users\joelb\AppData\Local\Microsoft\WindowsApps;C:\Users\joelb\AppData\Local\Programs\Microsoft VS Code\bin;C:\Users\joelb\AppData\Local\Programs\Python\Python312\Scripts;C:\Users\joelb\AppData\Local\GitHubDesktop\bin;C:\Program Files\JetBrains\IntelliJ IDEA 2024.1\bin;C:\MinGW\bin;C:\Users\joelb\.dotnet\tools;C:\Users\joelb\AppData\Roaming\npm;.]
27-Feb-2025 21:42:21.875 INFO [main] org.apache.coyote.AbstractProtocol.init Initializing ProtocolHandler ["http-nio-0.0.0.0-9999"]
27-Feb-2025 21:42:21.891 INFO [main] org.apache.catalina.startup.Catalina.load Server initialization in [539] milliseconds
27-Feb-2025 21:42:21.951 INFO [main] org.apache.catalina.core.StandardService.startInternal Starting service [Catalina]
27-Feb-2025 21:42:21.951 INFO [main] org.apache.catalina.core.StandardEngine.startInternal Starting Servlet engine: [Apache Tomcat/10.1.35]
27-Feb-2025 21:42:21.962 INFO [main] org.apache.catalina.startup.HostConfig.deployDirectory Deploying web application directory [C:\Users\joelb\OneDrive\Desktop\Coding Projects\im2073-project\apache-tomcat-10.1.35\webapps\docs]
27-Feb-2025 21:42:22.705 INFO [main] org.apache.jasper.servlet.TldScanner.scanJars At least one JAR was scanned for TLDs yet contained no TLDs. Enable debug logging for this logger for a complete list of JARs that were scanned but no TLDs were found in them. Skipping unneeded JARs during scanning can improve startup time and JSP compilation time.
27-Feb-2025 21:42:22.754 INFO [main] org.apache.catalina.startup.HostConfig.deployDirectory Deployment of web application directory [C:\Users\joelb\OneDrive\Desktop\Coding Projects\im2073-project\apache-tomcat-10.1.35\webapps\docs] has finished in [792] ms
27-Feb-2025 21:42:22.754 INFO [main] org.apache.catalina.startup.HostConfig.deployDirectory Deploying web application directory [C:\Users\joelb\OneDrive\Desktop\Coding Projects\im2073-project\apache-tomcat-10.1.35\webapps\examples]
27-Feb-2025 21:42:23.404 INFO [main] org.apache.jasper.servlet.TldScanner.scanJars At least one JAR was scanned for TLDs yet contained no TLDs. Enable debug logging for this logger for a complete list of JARs that were scanned but no TLDs were found in them. Skipping unneeded JARs during scanning can improve startup time and JSP compilation time.
27-Feb-2025 21:42:23.543 INFO [main] org.apache.catalina.startup.HostConfig.deployDirectory Deployment of web application directory [C:\Users\joelb\OneDrive\Desktop\Coding Projects\im2073-project\apache-tomcat-10.1.35\webapps\examples] has finished in [787] ms
27-Feb-2025 21:42:23.545 INFO [main] org.apache.catalina.startup.HostConfig.deployDirectory Deploying web application directory [C:\Users\joelb\OneDrive\Desktop\Coding Projects\im2073-project\apache-tomcat-10.1.35\webapps\exotic-coffee]
27-Feb-2025 21:42:23.833 INFO [main] org.apache.jasper.servlet.TldScanner.scanJars At least one JAR was scanned for TLDs yet contained no TLDs. Enable debug logging for this logger for a complete list of JARs that were scanned but no TLDs were found in them. Skipping unneeded JARs during scanning can improve startup time and JSP compilation time.
27-Feb-2025 21:42:23.845 INFO [main] org.apache.catalina.startup.HostConfig.deployDirectory Deployment of web application directory [C:\Users\joelb\OneDrive\Desktop\Coding Projects\im2073-project\apache-tomcat-10.1.35\webapps\exotic-coffee] has finished in [300] ms
27-Feb-2025 21:42:23.845 INFO [main] org.apache.catalina.startup.HostConfig.deployDirectory Deploying web application directory [C:\Users\joelb\OneDrive\Desktop\Coding Projects\im2073-project\apache-tomcat-10.1.35\webapps\host-manager]
27-Feb-2025 21:42:24.133 INFO [main] org.apache.jasper.servlet.TldScanner.scanJars At least one JAR was scanned for TLDs yet contained no TLDs. Enable debug logging for this logger for a complete list of JARs that were scanned but no TLDs were found in them. Skipping unneeded JARs during scanning can improve startup time and JSP compilation time.
27-Feb-2025 21:42:24.138 INFO [main] org.apache.catalina.startup.HostConfig.deployDirectory Deployment of web application directory [C:\Users\joelb\OneDrive\Desktop\Coding Projects\im2073-project\apache-tomcat-10.1.35\webapps\host-manager] has finished in [293] ms
27-Feb-2025 21:42:24.138 INFO [main] org.apache.catalina.startup.HostConfig.deployDirectory Deploying web application directory [C:\Users\joelb\OneDrive\Desktop\Coding Projects\im2073-project\apache-tomcat-10.1.35\webapps\manager]
27-Feb-2025 21:42:24.397 INFO [main] org.apache.jasper.servlet.TldScanner.scanJars At least one JAR was scanned for TLDs yet contained no TLDs. Enable debug logging for this logger for a complete list of JARs that were scanned but no TLDs were found in them. Skipping unneeded JARs during scanning can improve startup time and JSP compilation time.
27-Feb-2025 21:42:24.397 INFO [main] org.apache.catalina.startup.HostConfig.deployDirectory Deployment of web application directory [C:\Users\joelb\OneDrive\Desktop\Coding Projects\im2073-project\apache-tomcat-10.1.35\webapps\manager] has finished in [259] ms
27-Feb-2025 21:42:24.406 INFO [main] org.apache.catalina.startup.HostConfig.deployDirectory Deploying web application directory [C:\Users\joelb\OneDrive\Desktop\Coding Projects\im2073-project\apache-tomcat-10.1.35\webapps\ROOT]
27-Feb-2025 21:42:24.624 INFO [main] org.apache.jasper.servlet.TldScanner.scanJars At least one JAR was scanned for TLDs yet contained no TLDs. Enable debug logging for this logger for a complete list of JARs that were scanned but no TLDs were found in them. Skipping unneeded JARs during scanning can improve startup time and JSP compilation time.
27-Feb-2025 21:42:24.634 INFO [main] org.apache.catalina.startup.HostConfig.deployDirectory Deployment of web application directory [C:\Users\joelb\OneDrive\Desktop\Coding Projects\im2073-project\apache-tomcat-10.1.35\webapps\ROOT] has finished in [224] ms
27-Feb-2025 21:42:24.636 INFO [main] org.apache.coyote.AbstractProtocol.start Starting ProtocolHandler ["http-nio-0.0.0.0-9999"]
27-Feb-2025 21:42:24.654 INFO [main] org.apache.catalina.startup.Catalina.start Server startup in [2755] milliseconds
27-Feb-2025 21:43:33.360 INFO [main] org.apache.catalina.startup.VersionLoggerListener.log Server version name:   Apache Tomcat/10.1.35
27-Feb-2025 21:43:33.362 INFO [main] org.apache.catalina.startup.VersionLoggerListener.log Server built:          Feb 4 2025 21:16:31 UTC
27-Feb-2025 21:43:33.362 INFO [main] org.apache.catalina.startup.VersionLoggerListener.log Server version number: 10.1.35.0
27-Feb-2025 21:43:33.362 INFO [main] org.apache.catalina.startup.VersionLoggerListener.log OS Name:               Windows 11
27-Feb-2025 21:43:33.362 INFO [main] org.apache.catalina.startup.VersionLoggerListener.log OS Version:            10.0
27-Feb-2025 21:43:33.362 INFO [main] org.apache.catalina.startup.VersionLoggerListener.log Architecture:          amd64
27-Feb-2025 21:43:33.365 INFO [main] org.apache.catalina.startup.VersionLoggerListener.log Java Home:             C:\Program Files\Java\jdk-22
27-Feb-2025 21:43:33.365 INFO [main] org.apache.catalina.startup.VersionLoggerListener.log JVM Version:           22.0.1+8-16
27-Feb-2025 21:43:33.365 INFO [main] org.apache.catalina.startup.VersionLoggerListener.log JVM Vendor:            Oracle Corporation
27-Feb-2025 21:43:33.365 INFO [main] org.apache.catalina.startup.VersionLoggerListener.log CATALINA_BASE:         C:\Users\joelb\OneDrive\Desktop\Coding Projects\im2073-project\apache-tomcat-10.1.35
27-Feb-2025 21:43:33.365 INFO [main] org.apache.catalina.startup.VersionLoggerListener.log CATALINA_HOME:         C:\Users\joelb\OneDrive\Desktop\Coding Projects\im2073-project\apache-tomcat-10.1.35
27-Feb-2025 21:43:33.375 INFO [main] org.apache.catalina.startup.VersionLoggerListener.log Command line argument: -Djava.util.logging.config.file=C:\Users\joelb\OneDrive\Desktop\Coding Projects\im2073-project\apache-tomcat-10.1.35\conf\logging.properties
27-Feb-2025 21:43:33.375 INFO [main] org.apache.catalina.startup.VersionLoggerListener.log Command line argument: -Djava.util.logging.manager=org.apache.juli.ClassLoaderLogManager
27-Feb-2025 21:43:33.375 INFO [main] org.apache.catalina.startup.VersionLoggerListener.log Command line argument: -Djdk.tls.ephemeralDHKeySize=2048
27-Feb-2025 21:43:33.375 INFO [main] org.apache.catalina.startup.VersionLoggerListener.log Command line argument: -Djava.protocol.handler.pkgs=org.apache.catalina.webresources
27-Feb-2025 21:43:33.375 INFO [main] org.apache.catalina.startup.VersionLoggerListener.log Command line argument: -Dsun.io.useCanonCaches=false
27-Feb-2025 21:43:33.375 INFO [main] org.apache.catalina.startup.VersionLoggerListener.log Command line argument: --add-opens=java.base/java.lang=ALL-UNNAMED
27-Feb-2025 21:43:33.378 INFO [main] org.apache.catalina.startup.VersionLoggerListener.log Command line argument: --add-opens=java.base/java.io=ALL-UNNAMED
27-Feb-2025 21:43:33.378 INFO [main] org.apache.catalina.startup.VersionLoggerListener.log Command line argument: --add-opens=java.base/java.util=ALL-UNNAMED
27-Feb-2025 21:43:33.378 INFO [main] org.apache.catalina.startup.VersionLoggerListener.log Command line argument: --add-opens=java.base/java.util.concurrent=ALL-UNNAMED
27-Feb-2025 21:43:33.378 INFO [main] org.apache.catalina.startup.VersionLoggerListener.log Command line argument: --add-opens=java.rmi/sun.rmi.transport=ALL-UNNAMED
27-Feb-2025 21:43:33.378 INFO [main] org.apache.catalina.startup.VersionLoggerListener.log Command line argument: -Dcatalina.base=C:\Users\joelb\OneDrive\Desktop\Coding Projects\im2073-project\apache-tomcat-10.1.35
27-Feb-2025 21:43:33.378 INFO [main] org.apache.catalina.startup.VersionLoggerListener.log Command line argument: -Dcatalina.home=C:\Users\joelb\OneDrive\Desktop\Coding Projects\im2073-project\apache-tomcat-10.1.35
27-Feb-2025 21:43:33.378 INFO [main] org.apache.catalina.startup.VersionLoggerListener.log Command line argument: -Djava.io.tmpdir=C:\Users\joelb\OneDrive\Desktop\Coding Projects\im2073-project\apache-tomcat-10.1.35\temp
27-Feb-2025 21:43:33.384 INFO [main] org.apache.catalina.core.AprLifecycleListener.lifecycleEvent The Apache Tomcat Native library which allows using OpenSSL was not found on the java.library.path: [C:\Program Files\Java\jdk-22\bin;C:\WINDOWS\Sun\Java\bin;C:\WINDOWS\system32;C:\WINDOWS;C:\Program Files\PlasticSCM5\server;C:\Program Files\PlasticSCM5\client;C:\Program Files\Common Files\Oracle\Java\javapath;C:\Program Files (x86)\Common Files\Oracle\Java\javapath;C:\WINDOWS\system32;C:\WINDOWS;C:\WINDOWS\System32\Wbem;C:\WINDOWS\System32\WindowsPowerShell\v1.0\;C:\WINDOWS\System32\OpenSSH\;C:\Program Files\Git\cmd;C:\Program Files\dotnet\;C:\Program Files (x86)\Windows Kits\10\Windows Performance Toolkit\;C:\Program Files\nodejs\;C:\ProgramData\chocolatey\bin;C:\Users\joelb\AppData\Local\Programs\Python\Launcher\;C:\Program Files\MySQL\MySQL Shell 8.0\bin\;C:\Users\joelb\AppData\Local\Microsoft\WindowsApps;C:\Users\joelb\AppData\Local\Programs\Microsoft VS Code\bin;C:\Users\joelb\AppData\Local\Programs\Python\Python312\Scripts;C:\Users\joelb\AppData\Local\GitHubDesktop\bin;C:\Program Files\JetBrains\IntelliJ IDEA 2024.1\bin;C:\MinGW\bin;C:\Users\joelb\.dotnet\tools;C:\Users\joelb\AppData\Roaming\npm;.]
27-Feb-2025 21:43:33.654 INFO [main] org.apache.coyote.AbstractProtocol.init Initializing ProtocolHandler ["http-nio-0.0.0.0-9999"]
27-Feb-2025 21:43:33.686 INFO [main] org.apache.catalina.startup.Catalina.load Server initialization in [495] milliseconds
27-Feb-2025 21:43:33.733 INFO [main] org.apache.catalina.core.StandardService.startInternal Starting service [Catalina]
27-Feb-2025 21:43:33.733 INFO [main] org.apache.catalina.core.StandardEngine.startInternal Starting Servlet engine: [Apache Tomcat/10.1.35]
27-Feb-2025 21:43:33.747 INFO [main] org.apache.catalina.startup.HostConfig.deployDirectory Deploying web application directory [C:\Users\joelb\OneDrive\Desktop\Coding Projects\im2073-project\apache-tomcat-10.1.35\webapps\docs]
27-Feb-2025 21:43:34.587 INFO [main] org.apache.jasper.servlet.TldScanner.scanJars At least one JAR was scanned for TLDs yet contained no TLDs. Enable debug logging for this logger for a complete list of JARs that were scanned but no TLDs were found in them. Skipping unneeded JARs during scanning can improve startup time and JSP compilation time.
27-Feb-2025 21:43:34.638 INFO [main] org.apache.catalina.startup.HostConfig.deployDirectory Deployment of web application directory [C:\Users\joelb\OneDrive\Desktop\Coding Projects\im2073-project\apache-tomcat-10.1.35\webapps\docs] has finished in [891] ms
27-Feb-2025 21:43:34.638 INFO [main] org.apache.catalina.startup.HostConfig.deployDirectory Deploying web application directory [C:\Users\joelb\OneDrive\Desktop\Coding Projects\im2073-project\apache-tomcat-10.1.35\webapps\examples]
27-Feb-2025 21:43:35.345 INFO [main] org.apache.jasper.servlet.TldScanner.scanJars At least one JAR was scanned for TLDs yet contained no TLDs. Enable debug logging for this logger for a complete list of JARs that were scanned but no TLDs were found in them. Skipping unneeded JARs during scanning can improve startup time and JSP compilation time.
27-Feb-2025 21:43:35.410 INFO [main] org.apache.catalina.startup.HostConfig.deployDirectory Deployment of web application directory [C:\Users\joelb\OneDrive\Desktop\Coding Projects\im2073-project\apache-tomcat-10.1.35\webapps\examples] has finished in [772] ms
27-Feb-2025 21:43:35.410 INFO [main] org.apache.catalina.startup.HostConfig.deployDirectory Deploying web application directory [C:\Users\joelb\OneDrive\Desktop\Coding Projects\im2073-project\apache-tomcat-10.1.35\webapps\exotic-coffee]
27-Feb-2025 21:43:35.751 INFO [main] org.apache.jasper.servlet.TldScanner.scanJars At least one JAR was scanned for TLDs yet contained no TLDs. Enable debug logging for this logger for a complete list of JARs that were scanned but no TLDs were found in them. Skipping unneeded JARs during scanning can improve startup time and JSP compilation time.
27-Feb-2025 21:43:35.759 INFO [main] org.apache.catalina.startup.HostConfig.deployDirectory Deployment of web application directory [C:\Users\joelb\OneDrive\Desktop\Coding Projects\im2073-project\apache-tomcat-10.1.35\webapps\exotic-coffee] has finished in [349] ms
27-Feb-2025 21:43:35.759 INFO [main] org.apache.catalina.startup.HostConfig.deployDirectory Deploying web application directory [C:\Users\joelb\OneDrive\Desktop\Coding Projects\im2073-project\apache-tomcat-10.1.35\webapps\host-manager]
27-Feb-2025 21:43:36.049 INFO [main] org.apache.jasper.servlet.TldScanner.scanJars At least one JAR was scanned for TLDs yet contained no TLDs. Enable debug logging for this logger for a complete list of JARs that were scanned but no TLDs were found in them. Skipping unneeded JARs during scanning can improve startup time and JSP compilation time.
27-Feb-2025 21:43:36.052 INFO [main] org.apache.catalina.startup.HostConfig.deployDirectory Deployment of web application directory [C:\Users\joelb\OneDrive\Desktop\Coding Projects\im2073-project\apache-tomcat-10.1.35\webapps\host-manager] has finished in [293] ms
27-Feb-2025 21:43:36.052 INFO [main] org.apache.catalina.startup.HostConfig.deployDirectory Deploying web application directory [C:\Users\joelb\OneDrive\Desktop\Coding Projects\im2073-project\apache-tomcat-10.1.35\webapps\manager]
27-Feb-2025 21:43:36.313 INFO [main] org.apache.jasper.servlet.TldScanner.scanJars At least one JAR was scanned for TLDs yet contained no TLDs. Enable debug logging for this logger for a complete list of JARs that were scanned but no TLDs were found in them. Skipping unneeded JARs during scanning can improve startup time and JSP compilation time.
27-Feb-2025 21:43:36.317 INFO [main] org.apache.catalina.startup.HostConfig.deployDirectory Deployment of web application directory [C:\Users\joelb\OneDrive\Desktop\Coding Projects\im2073-project\apache-tomcat-10.1.35\webapps\manager] has finished in [265] ms
27-Feb-2025 21:43:36.317 INFO [main] org.apache.catalina.startup.HostConfig.deployDirectory Deploying web application directory [C:\Users\joelb\OneDrive\Desktop\Coding Projects\im2073-project\apache-tomcat-10.1.35\webapps\ROOT]
27-Feb-2025 21:43:36.549 INFO [main] org.apache.jasper.servlet.TldScanner.scanJars At least one JAR was scanned for TLDs yet contained no TLDs. Enable debug logging for this logger for a complete list of JARs that were scanned but no TLDs were found in them. Skipping unneeded JARs during scanning can improve startup time and JSP compilation time.
27-Feb-2025 21:43:36.559 INFO [main] org.apache.catalina.startup.HostConfig.deployDirectory Deployment of web application directory [C:\Users\joelb\OneDrive\Desktop\Coding Projects\im2073-project\apache-tomcat-10.1.35\webapps\ROOT] has finished in [242] ms
27-Feb-2025 21:43:36.562 INFO [main] org.apache.coyote.AbstractProtocol.start Starting ProtocolHandler ["http-nio-0.0.0.0-9999"]
27-Feb-2025 21:43:36.582 INFO [main] org.apache.catalina.startup.Catalina.start Server startup in [2892] milliseconds
27-Feb-2025 21:45:37.231 INFO [Catalina-utility-1] org.apache.catalina.core.StandardContext.reload Reloading Context with name [/exotic-coffee] has started
27-Feb-2025 21:45:37.553 INFO [Catalina-utility-1] org.apache.jasper.servlet.TldScanner.scanJars At least one JAR was scanned for TLDs yet contained no TLDs. Enable debug logging for this logger for a complete list of JARs that were scanned but no TLDs were found in them. Skipping unneeded JARs during scanning can improve startup time and JSP compilation time.
27-Feb-2025 21:45:37.557 INFO [Catalina-utility-1] org.apache.catalina.core.StandardContext.reload Reloading Context with name [/exotic-coffee] is completed
27-Feb-2025 22:54:50.851 INFO [main] org.apache.catalina.startup.VersionLoggerListener.log Server version name:   Apache Tomcat/10.1.35
27-Feb-2025 22:54:50.861 INFO [main] org.apache.catalina.startup.VersionLoggerListener.log Server built:          Feb 4 2025 21:16:31 UTC
27-Feb-2025 22:54:50.861 INFO [main] org.apache.catalina.startup.VersionLoggerListener.log Server version number: 10.1.35.0
27-Feb-2025 22:54:50.861 INFO [main] org.apache.catalina.startup.VersionLoggerListener.log OS Name:               Windows 11
27-Feb-2025 22:54:50.861 INFO [main] org.apache.catalina.startup.VersionLoggerListener.log OS Version:            10.0
27-Feb-2025 22:54:50.861 INFO [main] org.apache.catalina.startup.VersionLoggerListener.log Architecture:          amd64
27-Feb-2025 22:54:50.866 INFO [main] org.apache.catalina.startup.VersionLoggerListener.log Java Home:             C:\Program Files\Java\jdk-22
27-Feb-2025 22:54:50.869 INFO [main] org.apache.catalina.startup.VersionLoggerListener.log JVM Version:           22.0.1+8-16
27-Feb-2025 22:54:50.869 INFO [main] org.apache.catalina.startup.VersionLoggerListener.log JVM Vendor:            Oracle Corporation
27-Feb-2025 22:54:50.869 INFO [main] org.apache.catalina.startup.VersionLoggerListener.log CATALINA_BASE:         C:\Users\joelb\OneDrive\Desktop\Coding Projects\im2073-project\apache-tomcat-10.1.35
27-Feb-2025 22:54:50.869 INFO [main] org.apache.catalina.startup.VersionLoggerListener.log CATALINA_HOME:         C:\Users\joelb\OneDrive\Desktop\Coding Projects\im2073-project\apache-tomcat-10.1.35
27-Feb-2025 22:54:50.869 INFO [main] org.apache.catalina.startup.VersionLoggerListener.log Command line argument: -Djava.util.logging.config.file=C:\Users\joelb\OneDrive\Desktop\Coding Projects\im2073-project\apache-tomcat-10.1.35\conf\logging.properties
27-Feb-2025 22:54:50.869 INFO [main] org.apache.catalina.startup.VersionLoggerListener.log Command line argument: -Djava.util.logging.manager=org.apache.juli.ClassLoaderLogManager
27-Feb-2025 22:54:50.869 INFO [main] org.apache.catalina.startup.VersionLoggerListener.log Command line argument: -Djdk.tls.ephemeralDHKeySize=2048
27-Feb-2025 22:54:50.869 INFO [main] org.apache.catalina.startup.VersionLoggerListener.log Command line argument: -Djava.protocol.handler.pkgs=org.apache.catalina.webresources
27-Feb-2025 22:54:50.869 INFO [main] org.apache.catalina.startup.VersionLoggerListener.log Command line argument: -Dsun.io.useCanonCaches=false
27-Feb-2025 22:54:50.869 INFO [main] org.apache.catalina.startup.VersionLoggerListener.log Command line argument: --add-opens=java.base/java.lang=ALL-UNNAMED
27-Feb-2025 22:54:50.869 INFO [main] org.apache.catalina.startup.VersionLoggerListener.log Command line argument: --add-opens=java.base/java.io=ALL-UNNAMED
27-Feb-2025 22:54:50.869 INFO [main] org.apache.catalina.startup.VersionLoggerListener.log Command line argument: --add-opens=java.base/java.util=ALL-UNNAMED
27-Feb-2025 22:54:50.869 INFO [main] org.apache.catalina.startup.VersionLoggerListener.log Command line argument: --add-opens=java.base/java.util.concurrent=ALL-UNNAMED
27-Feb-2025 22:54:50.869 INFO [main] org.apache.catalina.startup.VersionLoggerListener.log Command line argument: --add-opens=java.rmi/sun.rmi.transport=ALL-UNNAMED
27-Feb-2025 22:54:50.869 INFO [main] org.apache.catalina.startup.VersionLoggerListener.log Command line argument: -Dcatalina.base=C:\Users\joelb\OneDrive\Desktop\Coding Projects\im2073-project\apache-tomcat-10.1.35
27-Feb-2025 22:54:50.869 INFO [main] org.apache.catalina.startup.VersionLoggerListener.log Command line argument: -Dcatalina.home=C:\Users\joelb\OneDrive\Desktop\Coding Projects\im2073-project\apache-tomcat-10.1.35
27-Feb-2025 22:54:50.869 INFO [main] org.apache.catalina.startup.VersionLoggerListener.log Command line argument: -Djava.io.tmpdir=C:\Users\joelb\OneDrive\Desktop\Coding Projects\im2073-project\apache-tomcat-10.1.35\temp
27-Feb-2025 22:54:50.869 INFO [main] org.apache.catalina.core.AprLifecycleListener.lifecycleEvent The Apache Tomcat Native library which allows using OpenSSL was not found on the java.library.path: [C:\Program Files\Java\jdk-22\bin;C:\WINDOWS\Sun\Java\bin;C:\WINDOWS\system32;C:\WINDOWS;C:\Program Files\PlasticSCM5\server;C:\Program Files\PlasticSCM5\client;C:\Program Files\Common Files\Oracle\Java\javapath;C:\Program Files (x86)\Common Files\Oracle\Java\javapath;C:\WINDOWS\system32;C:\WINDOWS;C:\WINDOWS\System32\Wbem;C:\WINDOWS\System32\WindowsPowerShell\v1.0\;C:\WINDOWS\System32\OpenSSH\;C:\Program Files\Git\cmd;C:\Program Files\dotnet\;C:\Program Files (x86)\Windows Kits\10\Windows Performance Toolkit\;C:\Program Files\nodejs\;C:\ProgramData\chocolatey\bin;C:\Users\joelb\AppData\Local\Programs\Python\Launcher\;C:\Program Files\MySQL\MySQL Shell 8.0\bin\;C:\Users\joelb\AppData\Local\Microsoft\WindowsApps;C:\Users\joelb\AppData\Local\Programs\Microsoft VS Code\bin;C:\Users\joelb\AppData\Local\Programs\Python\Python312\Scripts;C:\Users\joelb\AppData\Local\GitHubDesktop\bin;C:\Program Files\JetBrains\IntelliJ IDEA 2024.1\bin;C:\MinGW\bin;C:\Users\joelb\.dotnet\tools;C:\Users\joelb\AppData\Roaming\npm;.]
27-Feb-2025 22:54:51.121 INFO [main] org.apache.coyote.AbstractProtocol.init Initializing ProtocolHandler ["http-nio-0.0.0.0-9999"]
27-Feb-2025 22:54:51.136 INFO [main] org.apache.catalina.startup.Catalina.load Server initialization in [447] milliseconds
27-Feb-2025 22:54:51.191 INFO [main] org.apache.catalina.core.StandardService.startInternal Starting service [Catalina]
27-Feb-2025 22:54:51.193 INFO [main] org.apache.catalina.core.StandardEngine.startInternal Starting Servlet engine: [Apache Tomcat/10.1.35]
27-Feb-2025 22:54:51.202 INFO [main] org.apache.catalina.startup.HostConfig.deployDirectory Deploying web application directory [C:\Users\joelb\OneDrive\Desktop\Coding Projects\im2073-project\apache-tomcat-10.1.35\webapps\docs]
27-Feb-2025 22:54:51.830 INFO [main] org.apache.jasper.servlet.TldScanner.scanJars At least one JAR was scanned for TLDs yet contained no TLDs. Enable debug logging for this logger for a complete list of JARs that were scanned but no TLDs were found in them. Skipping unneeded JARs during scanning can improve startup time and JSP compilation time.
27-Feb-2025 22:54:51.879 INFO [main] org.apache.catalina.startup.HostConfig.deployDirectory Deployment of web application directory [C:\Users\joelb\OneDrive\Desktop\Coding Projects\im2073-project\apache-tomcat-10.1.35\webapps\docs] has finished in [677] ms
27-Feb-2025 22:54:51.884 INFO [main] org.apache.catalina.startup.HostConfig.deployDirectory Deploying web application directory [C:\Users\joelb\OneDrive\Desktop\Coding Projects\im2073-project\apache-tomcat-10.1.35\webapps\examples]
27-Feb-2025 22:54:52.573 INFO [main] org.apache.jasper.servlet.TldScanner.scanJars At least one JAR was scanned for TLDs yet contained no TLDs. Enable debug logging for this logger for a complete list of JARs that were scanned but no TLDs were found in them. Skipping unneeded JARs during scanning can improve startup time and JSP compilation time.
27-Feb-2025 22:54:52.651 INFO [main] org.apache.catalina.startup.HostConfig.deployDirectory Deployment of web application directory [C:\Users\joelb\OneDrive\Desktop\Coding Projects\im2073-project\apache-tomcat-10.1.35\webapps\examples] has finished in [767] ms
27-Feb-2025 22:54:52.651 INFO [main] org.apache.catalina.startup.HostConfig.deployDirectory Deploying web application directory [C:\Users\joelb\OneDrive\Desktop\Coding Projects\im2073-project\apache-tomcat-10.1.35\webapps\exotic-coffee]
27-Feb-2025 22:54:52.994 INFO [main] org.apache.jasper.servlet.TldScanner.scanJars At least one JAR was scanned for TLDs yet contained no TLDs. Enable debug logging for this logger for a complete list of JARs that were scanned but no TLDs were found in them. Skipping unneeded JARs during scanning can improve startup time and JSP compilation time.
27-Feb-2025 22:54:53.005 INFO [main] org.apache.catalina.startup.HostConfig.deployDirectory Deployment of web application directory [C:\Users\joelb\OneDrive\Desktop\Coding Projects\im2073-project\apache-tomcat-10.1.35\webapps\exotic-coffee] has finished in [354] ms
27-Feb-2025 22:54:53.005 INFO [main] org.apache.catalina.startup.HostConfig.deployDirectory Deploying web application directory [C:\Users\joelb\OneDrive\Desktop\Coding Projects\im2073-project\apache-tomcat-10.1.35\webapps\host-manager]
27-Feb-2025 22:54:53.301 INFO [main] org.apache.jasper.servlet.TldScanner.scanJars At least one JAR was scanned for TLDs yet contained no TLDs. Enable debug logging for this logger for a complete list of JARs that were scanned but no TLDs were found in them. Skipping unneeded JARs during scanning can improve startup time and JSP compilation time.
27-Feb-2025 22:54:53.309 INFO [main] org.apache.catalina.startup.HostConfig.deployDirectory Deployment of web application directory [C:\Users\joelb\OneDrive\Desktop\Coding Projects\im2073-project\apache-tomcat-10.1.35\webapps\host-manager] has finished in [302] ms
27-Feb-2025 22:54:53.309 INFO [main] org.apache.catalina.startup.HostConfig.deployDirectory Deploying web application directory [C:\Users\joelb\OneDrive\Desktop\Coding Projects\im2073-project\apache-tomcat-10.1.35\webapps\manager]
27-Feb-2025 22:54:53.539 INFO [main] org.apache.jasper.servlet.TldScanner.scanJars At least one JAR was scanned for TLDs yet contained no TLDs. Enable debug logging for this logger for a complete list of JARs that were scanned but no TLDs were found in them. Skipping unneeded JARs during scanning can improve startup time and JSP compilation time.
27-Feb-2025 22:54:53.540 INFO [main] org.apache.catalina.startup.HostConfig.deployDirectory Deployment of web application directory [C:\Users\joelb\OneDrive\Desktop\Coding Projects\im2073-project\apache-tomcat-10.1.35\webapps\manager] has finished in [231] ms
27-Feb-2025 22:54:53.540 INFO [main] org.apache.catalina.startup.HostConfig.deployDirectory Deploying web application directory [C:\Users\joelb\OneDrive\Desktop\Coding Projects\im2073-project\apache-tomcat-10.1.35\webapps\ROOT]
27-Feb-2025 22:54:53.774 INFO [main] org.apache.jasper.servlet.TldScanner.scanJars At least one JAR was scanned for TLDs yet contained no TLDs. Enable debug logging for this logger for a complete list of JARs that were scanned but no TLDs were found in them. Skipping unneeded JARs during scanning can improve startup time and JSP compilation time.
27-Feb-2025 22:54:53.780 INFO [main] org.apache.catalina.startup.HostConfig.deployDirectory Deployment of web application directory [C:\Users\joelb\OneDrive\Desktop\Coding Projects\im2073-project\apache-tomcat-10.1.35\webapps\ROOT] has finished in [240] ms
27-Feb-2025 22:54:53.780 INFO [main] org.apache.coyote.AbstractProtocol.start Starting ProtocolHandler ["http-nio-0.0.0.0-9999"]
27-Feb-2025 22:54:53.800 INFO [main] org.apache.catalina.startup.Catalina.start Server startup in [2652] milliseconds
