20-Feb-2025 10:03:28.089 INFO [main] org.apache.catalina.startup.VersionLoggerListener.log Server version name:   Apache Tomcat/10.1.35
20-Feb-2025 10:03:28.098 INFO [main] org.apache.catalina.startup.VersionLoggerListener.log Server built:          Feb 4 2025 21:16:31 UTC
20-Feb-2025 10:03:28.098 INFO [main] org.apache.catalina.startup.VersionLoggerListener.log Server version number: 10.1.35.0
20-Feb-2025 10:03:28.100 INFO [main] org.apache.catalina.startup.VersionLoggerListener.log OS Name:               Windows 11
20-Feb-2025 10:03:28.100 INFO [main] org.apache.catalina.startup.VersionLoggerListener.log OS Version:            10.0
20-Feb-2025 10:03:28.105 INFO [main] org.apache.catalina.startup.VersionLoggerListener.log Architecture:          amd64
20-Feb-2025 10:03:28.105 INFO [main] org.apache.catalina.startup.VersionLoggerListener.log Java Home:             C:\Program Files\Java\jdk-22
20-Feb-2025 10:03:28.109 INFO [main] org.apache.catalina.startup.VersionLoggerListener.log JVM Version:           22.0.1+8-16
20-Feb-2025 10:03:28.109 INFO [main] org.apache.catalina.startup.VersionLoggerListener.log JVM Vendor:            Oracle Corporation
20-Feb-2025 10:03:28.109 INFO [main] org.apache.catalina.startup.VersionLoggerListener.log CATALINA_BASE:         C:\Users\joelb\OneDrive\Desktop\Coding Projects\im2073-project\apache-tomcat-10.1.35\apache-tomcat-10.1.35
20-Feb-2025 10:03:28.112 INFO [main] org.apache.catalina.startup.VersionLoggerListener.log CATALINA_HOME:         C:\Users\joelb\OneDrive\Desktop\Coding Projects\im2073-project\apache-tomcat-10.1.35\apache-tomcat-10.1.35
20-Feb-2025 10:03:28.137 INFO [main] org.apache.catalina.startup.VersionLoggerListener.log Command line argument: -Djava.util.logging.config.file=C:\Users\joelb\OneDrive\Desktop\Coding Projects\im2073-project\apache-tomcat-10.1.35\apache-tomcat-10.1.35\conf\logging.properties
20-Feb-2025 10:03:28.137 INFO [main] org.apache.catalina.startup.VersionLoggerListener.log Command line argument: -Djava.util.logging.manager=org.apache.juli.ClassLoaderLogManager
20-Feb-2025 10:03:28.137 INFO [main] org.apache.catalina.startup.VersionLoggerListener.log Command line argument: -Djdk.tls.ephemeralDHKeySize=2048
20-Feb-2025 10:03:28.137 INFO [main] org.apache.catalina.startup.VersionLoggerListener.log Command line argument: -Djava.protocol.handler.pkgs=org.apache.catalina.webresources
20-Feb-2025 10:03:28.137 INFO [main] org.apache.catalina.startup.VersionLoggerListener.log Command line argument: -Dsun.io.useCanonCaches=false
20-Feb-2025 10:03:28.137 INFO [main] org.apache.catalina.startup.VersionLoggerListener.log Command line argument: --add-opens=java.base/java.lang=ALL-UNNAMED
20-Feb-2025 10:03:28.137 INFO [main] org.apache.catalina.startup.VersionLoggerListener.log Command line argument: --add-opens=java.base/java.io=ALL-UNNAMED
20-Feb-2025 10:03:28.152 INFO [main] org.apache.catalina.startup.VersionLoggerListener.log Command line argument: --add-opens=java.base/java.util=ALL-UNNAMED
20-Feb-2025 10:03:28.152 INFO [main] org.apache.catalina.startup.VersionLoggerListener.log Command line argument: --add-opens=java.base/java.util.concurrent=ALL-UNNAMED
20-Feb-2025 10:03:28.155 INFO [main] org.apache.catalina.startup.VersionLoggerListener.log Command line argument: --add-opens=java.rmi/sun.rmi.transport=ALL-UNNAMED
20-Feb-2025 10:03:28.155 INFO [main] org.apache.catalina.startup.VersionLoggerListener.log Command line argument: -Dcatalina.base=C:\Users\joelb\OneDrive\Desktop\Coding Projects\im2073-project\apache-tomcat-10.1.35\apache-tomcat-10.1.35
20-Feb-2025 10:03:28.155 INFO [main] org.apache.catalina.startup.VersionLoggerListener.log Command line argument: -Dcatalina.home=C:\Users\joelb\OneDrive\Desktop\Coding Projects\im2073-project\apache-tomcat-10.1.35\apache-tomcat-10.1.35
20-Feb-2025 10:03:28.155 INFO [main] org.apache.catalina.startup.VersionLoggerListener.log Command line argument: -Djava.io.tmpdir=C:\Users\joelb\OneDrive\Desktop\Coding Projects\im2073-project\apache-tomcat-10.1.35\apache-tomcat-10.1.35\temp
20-Feb-2025 10:03:28.155 INFO [main] org.apache.catalina.core.AprLifecycleListener.lifecycleEvent The Apache Tomcat Native library which allows using OpenSSL was not found on the java.library.path: [C:\Program Files\Java\jdk-22\bin;C:\WINDOWS\Sun\Java\bin;C:\WINDOWS\system32;C:\WINDOWS;C:\Program Files\PlasticSCM5\server;C:\Program Files\PlasticSCM5\client;C:\Program Files\Common Files\Oracle\Java\javapath;C:\Program Files (x86)\Common Files\Oracle\Java\javapath;C:\WINDOWS\system32;C:\WINDOWS;C:\WINDOWS\System32\Wbem;C:\WINDOWS\System32\WindowsPowerShell\v1.0\;C:\WINDOWS\System32\OpenSSH\;C:\Program Files\Git\cmd;C:\Program Files\dotnet\;C:\Program Files (x86)\Windows Kits\10\Windows Performance Toolkit\;C:\Program Files\nodejs\;C:\ProgramData\chocolatey\bin;C:\Program Files\MySQL\MySQL Shell 8.0\bin\;C:\Users\joelb\AppData\Local\Programs\Python\Launcher\;C:\Users\joelb\AppData\Local\Microsoft\WindowsApps;C:\Users\joelb\AppData\Local\Programs\Microsoft VS Code\bin;C:\Users\joelb\AppData\Local\Programs\Python\Python312\Scripts;C:\Users\joelb\AppData\Local\GitHubDesktop\bin;C:\Program Files\JetBrains\IntelliJ IDEA 2024.1\bin;C:\MinGW\bin;C:\Users\joelb\.dotnet\tools;C:\Users\joelb\AppData\Roaming\npm;.]
20-Feb-2025 10:03:28.708 INFO [main] org.apache.coyote.AbstractProtocol.init Initializing ProtocolHandler ["http-nio-9999"]
20-Feb-2025 10:03:28.825 INFO [main] org.apache.catalina.startup.Catalina.load Server initialization in [1203] milliseconds
20-Feb-2025 10:03:28.970 INFO [main] org.apache.catalina.core.StandardService.startInternal Starting service [Catalina]
20-Feb-2025 10:03:28.975 INFO [main] org.apache.catalina.core.StandardEngine.startInternal Starting Servlet engine: [Apache Tomcat/10.1.35]
20-Feb-2025 10:03:28.994 INFO [main] org.apache.catalina.startup.HostConfig.deployDirectory Deploying web application directory [C:\Users\joelb\OneDrive\Desktop\Coding Projects\im2073-project\apache-tomcat-10.1.35\apache-tomcat-10.1.35\webapps\docs]
20-Feb-2025 10:03:29.650 INFO [main] org.apache.catalina.startup.HostConfig.deployDirectory Deployment of web application directory [C:\Users\joelb\OneDrive\Desktop\Coding Projects\im2073-project\apache-tomcat-10.1.35\apache-tomcat-10.1.35\webapps\docs] has finished in [650] ms
20-Feb-2025 10:03:29.651 INFO [main] org.apache.catalina.startup.HostConfig.deployDirectory Deploying web application directory [C:\Users\joelb\OneDrive\Desktop\Coding Projects\im2073-project\apache-tomcat-10.1.35\apache-tomcat-10.1.35\webapps\examples]
20-Feb-2025 10:03:31.094 INFO [main] org.apache.catalina.startup.HostConfig.deployDirectory Deployment of web application directory [C:\Users\joelb\OneDrive\Desktop\Coding Projects\im2073-project\apache-tomcat-10.1.35\apache-tomcat-10.1.35\webapps\examples] has finished in [1,443] ms
20-Feb-2025 10:03:31.097 INFO [main] org.apache.catalina.startup.HostConfig.deployDirectory Deploying web application directory [C:\Users\joelb\OneDrive\Desktop\Coding Projects\im2073-project\apache-tomcat-10.1.35\apache-tomcat-10.1.35\webapps\host-manager]
20-Feb-2025 10:03:31.196 INFO [main] org.apache.catalina.startup.HostConfig.deployDirectory Deployment of web application directory [C:\Users\joelb\OneDrive\Desktop\Coding Projects\im2073-project\apache-tomcat-10.1.35\apache-tomcat-10.1.35\webapps\host-manager] has finished in [97] ms
20-Feb-2025 10:03:31.196 INFO [main] org.apache.catalina.startup.HostConfig.deployDirectory Deploying web application directory [C:\Users\joelb\OneDrive\Desktop\Coding Projects\im2073-project\apache-tomcat-10.1.35\apache-tomcat-10.1.35\webapps\manager]
20-Feb-2025 10:03:31.307 INFO [main] org.apache.catalina.startup.HostConfig.deployDirectory Deployment of web application directory [C:\Users\joelb\OneDrive\Desktop\Coding Projects\im2073-project\apache-tomcat-10.1.35\apache-tomcat-10.1.35\webapps\manager] has finished in [109] ms
20-Feb-2025 10:03:31.307 INFO [main] org.apache.catalina.startup.HostConfig.deployDirectory Deploying web application directory [C:\Users\joelb\OneDrive\Desktop\Coding Projects\im2073-project\apache-tomcat-10.1.35\apache-tomcat-10.1.35\webapps\ROOT]
20-Feb-2025 10:03:31.390 INFO [main] org.apache.catalina.startup.HostConfig.deployDirectory Deployment of web application directory [C:\Users\joelb\OneDrive\Desktop\Coding Projects\im2073-project\apache-tomcat-10.1.35\apache-tomcat-10.1.35\webapps\ROOT] has finished in [83] ms
20-Feb-2025 10:03:31.394 INFO [main] org.apache.coyote.AbstractProtocol.start Starting ProtocolHandler ["http-nio-9999"]
20-Feb-2025 10:03:31.436 INFO [main] org.apache.catalina.startup.Catalina.start Server startup in [2607] milliseconds
20-Feb-2025 10:15:17.131 INFO [Catalina-utility-1] org.apache.catalina.startup.HostConfig.deployDirectory Deploying web application directory [C:\Users\joelb\OneDrive\Desktop\Coding Projects\im2073-project\apache-tomcat-10.1.35\apache-tomcat-10.1.35\webapps\hello]
20-Feb-2025 10:15:17.271 INFO [Catalina-utility-1] org.apache.catalina.startup.HostConfig.deployDirectory Deployment of web application directory [C:\Users\joelb\OneDrive\Desktop\Coding Projects\im2073-project\apache-tomcat-10.1.35\apache-tomcat-10.1.35\webapps\hello] has finished in [140] ms
20-Feb-2025 10:16:38.264 INFO [Catalina-utility-1] org.apache.catalina.startup.HostConfig.undeploy Undeploying context [/hello]
20-Feb-2025 10:16:38.333 INFO [Catalina-utility-1] org.apache.catalina.startup.HostConfig.deployDirectory Deploying web application directory [C:\Users\joelb\OneDrive\Desktop\Coding Projects\im2073-project\apache-tomcat-10.1.35\apache-tomcat-10.1.35\webapps\Shopmine]
20-Feb-2025 10:16:38.394 INFO [Catalina-utility-1] org.apache.catalina.startup.HostConfig.deployDirectory Deployment of web application directory [C:\Users\joelb\OneDrive\Desktop\Coding Projects\im2073-project\apache-tomcat-10.1.35\apache-tomcat-10.1.35\webapps\Shopmine] has finished in [61] ms
20-Feb-2025 10:16:48.957 INFO [Catalina-utility-1] org.apache.catalina.startup.HostConfig.undeploy Undeploying context [/Shopmine]
20-Feb-2025 10:16:49.034 INFO [Catalina-utility-1] org.apache.catalina.startup.HostConfig.deployDirectory Deploying web application directory [C:\Users\joelb\OneDrive\Desktop\Coding Projects\im2073-project\apache-tomcat-10.1.35\apache-tomcat-10.1.35\webapps\Shopmint]
20-Feb-2025 10:16:49.081 INFO [Catalina-utility-1] org.apache.catalina.startup.HostConfig.deployDirectory Deployment of web application directory [C:\Users\joelb\OneDrive\Desktop\Coding Projects\im2073-project\apache-tomcat-10.1.35\apache-tomcat-10.1.35\webapps\Shopmint] has finished in [48] ms
20-Feb-2025 10:19:57.308 INFO [Thread-1] org.apache.coyote.AbstractProtocol.pause Pausing ProtocolHandler ["http-nio-9999"]
20-Feb-2025 10:19:57.352 INFO [Thread-1] org.apache.catalina.core.StandardService.stopInternal Stopping service [Catalina]
20-Feb-2025 10:19:57.384 INFO [Thread-1] org.apache.coyote.AbstractProtocol.stop Stopping ProtocolHandler ["http-nio-9999"]
20-Feb-2025 10:19:57.412 INFO [Thread-1] org.apache.coyote.AbstractProtocol.destroy Destroying ProtocolHandler ["http-nio-9999"]
20-Feb-2025 10:20:50.880 INFO [main] org.apache.catalina.startup.VersionLoggerListener.log Server version name:   Apache Tomcat/10.1.35
20-Feb-2025 10:20:50.888 INFO [main] org.apache.catalina.startup.VersionLoggerListener.log Server built:          Feb 4 2025 21:16:31 UTC
20-Feb-2025 10:20:50.888 INFO [main] org.apache.catalina.startup.VersionLoggerListener.log Server version number: 10.1.35.0
20-Feb-2025 10:20:50.888 INFO [main] org.apache.catalina.startup.VersionLoggerListener.log OS Name:               Windows 11
20-Feb-2025 10:20:50.888 INFO [main] org.apache.catalina.startup.VersionLoggerListener.log OS Version:            10.0
20-Feb-2025 10:20:50.890 INFO [main] org.apache.catalina.startup.VersionLoggerListener.log Architecture:          amd64
20-Feb-2025 10:20:50.890 INFO [main] org.apache.catalina.startup.VersionLoggerListener.log Java Home:             C:\Program Files\Java\jdk-22
20-Feb-2025 10:20:50.894 INFO [main] org.apache.catalina.startup.VersionLoggerListener.log JVM Version:           22.0.1+8-16
20-Feb-2025 10:20:50.894 INFO [main] org.apache.catalina.startup.VersionLoggerListener.log JVM Vendor:            Oracle Corporation
20-Feb-2025 10:20:50.895 INFO [main] org.apache.catalina.startup.VersionLoggerListener.log CATALINA_BASE:         C:\Users\joelb\OneDrive\Desktop\Coding Projects\im2073-project\apache-tomcat-10.1.35\apache-tomcat-10.1.35
20-Feb-2025 10:20:50.895 INFO [main] org.apache.catalina.startup.VersionLoggerListener.log CATALINA_HOME:         C:\Users\joelb\OneDrive\Desktop\Coding Projects\im2073-project\apache-tomcat-10.1.35\apache-tomcat-10.1.35
20-Feb-2025 10:20:50.907 INFO [main] org.apache.catalina.startup.VersionLoggerListener.log Command line argument: -Djava.util.logging.config.file=C:\Users\joelb\OneDrive\Desktop\Coding Projects\im2073-project\apache-tomcat-10.1.35\apache-tomcat-10.1.35\conf\logging.properties
20-Feb-2025 10:20:50.907 INFO [main] org.apache.catalina.startup.VersionLoggerListener.log Command line argument: -Djava.util.logging.manager=org.apache.juli.ClassLoaderLogManager
20-Feb-2025 10:20:50.907 INFO [main] org.apache.catalina.startup.VersionLoggerListener.log Command line argument: -Djdk.tls.ephemeralDHKeySize=2048
20-Feb-2025 10:20:50.907 INFO [main] org.apache.catalina.startup.VersionLoggerListener.log Command line argument: -Djava.protocol.handler.pkgs=org.apache.catalina.webresources
20-Feb-2025 10:20:50.907 INFO [main] org.apache.catalina.startup.VersionLoggerListener.log Command line argument: -Dsun.io.useCanonCaches=false
20-Feb-2025 10:20:50.907 INFO [main] org.apache.catalina.startup.VersionLoggerListener.log Command line argument: --add-opens=java.base/java.lang=ALL-UNNAMED
20-Feb-2025 10:20:50.910 INFO [main] org.apache.catalina.startup.VersionLoggerListener.log Command line argument: --add-opens=java.base/java.io=ALL-UNNAMED
20-Feb-2025 10:20:50.910 INFO [main] org.apache.catalina.startup.VersionLoggerListener.log Command line argument: --add-opens=java.base/java.util=ALL-UNNAMED
20-Feb-2025 10:20:50.911 INFO [main] org.apache.catalina.startup.VersionLoggerListener.log Command line argument: --add-opens=java.base/java.util.concurrent=ALL-UNNAMED
20-Feb-2025 10:20:50.911 INFO [main] org.apache.catalina.startup.VersionLoggerListener.log Command line argument: --add-opens=java.rmi/sun.rmi.transport=ALL-UNNAMED
20-Feb-2025 10:20:50.912 INFO [main] org.apache.catalina.startup.VersionLoggerListener.log Command line argument: -Dcatalina.base=C:\Users\joelb\OneDrive\Desktop\Coding Projects\im2073-project\apache-tomcat-10.1.35\apache-tomcat-10.1.35
20-Feb-2025 10:20:50.912 INFO [main] org.apache.catalina.startup.VersionLoggerListener.log Command line argument: -Dcatalina.home=C:\Users\joelb\OneDrive\Desktop\Coding Projects\im2073-project\apache-tomcat-10.1.35\apache-tomcat-10.1.35
20-Feb-2025 10:20:50.912 INFO [main] org.apache.catalina.startup.VersionLoggerListener.log Command line argument: -Djava.io.tmpdir=C:\Users\joelb\OneDrive\Desktop\Coding Projects\im2073-project\apache-tomcat-10.1.35\apache-tomcat-10.1.35\temp
20-Feb-2025 10:20:50.922 INFO [main] org.apache.catalina.core.AprLifecycleListener.lifecycleEvent The Apache Tomcat Native library which allows using OpenSSL was not found on the java.library.path: [C:\Program Files\Java\jdk-22\bin;C:\WINDOWS\Sun\Java\bin;C:\WINDOWS\system32;C:\WINDOWS;C:\Program Files\PlasticSCM5\server;C:\Program Files\PlasticSCM5\client;C:\Program Files\Common Files\Oracle\Java\javapath;C:\Program Files (x86)\Common Files\Oracle\Java\javapath;C:\WINDOWS\system32;C:\WINDOWS;C:\WINDOWS\System32\Wbem;C:\WINDOWS\System32\WindowsPowerShell\v1.0\;C:\WINDOWS\System32\OpenSSH\;C:\Program Files\Git\cmd;C:\Program Files\dotnet\;C:\Program Files (x86)\Windows Kits\10\Windows Performance Toolkit\;C:\Program Files\nodejs\;C:\ProgramData\chocolatey\bin;C:\Program Files\MySQL\MySQL Shell 8.0\bin\;C:\Users\joelb\AppData\Local\Programs\Python\Launcher\;C:\Users\joelb\AppData\Local\Microsoft\WindowsApps;C:\Users\joelb\AppData\Local\Programs\Microsoft VS Code\bin;C:\Users\joelb\AppData\Local\Programs\Python\Python312\Scripts;C:\Users\joelb\AppData\Local\GitHubDesktop\bin;C:\Program Files\JetBrains\IntelliJ IDEA 2024.1\bin;C:\MinGW\bin;C:\Users\joelb\.dotnet\tools;C:\Users\joelb\AppData\Roaming\npm;.]
20-Feb-2025 10:20:51.429 INFO [main] org.apache.coyote.AbstractProtocol.init Initializing ProtocolHandler ["http-nio-9999"]
20-Feb-2025 10:20:51.478 INFO [main] org.apache.catalina.startup.Catalina.load Server initialization in [916] milliseconds
20-Feb-2025 10:20:51.537 INFO [main] org.apache.catalina.core.StandardService.startInternal Starting service [Catalina]
20-Feb-2025 10:20:51.537 INFO [main] org.apache.catalina.core.StandardEngine.startInternal Starting Servlet engine: [Apache Tomcat/10.1.35]
20-Feb-2025 10:20:51.544 INFO [main] org.apache.catalina.startup.HostConfig.deployDirectory Deploying web application directory [C:\Users\joelb\OneDrive\Desktop\Coding Projects\im2073-project\apache-tomcat-10.1.35\apache-tomcat-10.1.35\webapps\docs]
20-Feb-2025 10:20:52.065 INFO [main] org.apache.catalina.startup.HostConfig.deployDirectory Deployment of web application directory [C:\Users\joelb\OneDrive\Desktop\Coding Projects\im2073-project\apache-tomcat-10.1.35\apache-tomcat-10.1.35\webapps\docs] has finished in [521] ms
20-Feb-2025 10:20:52.068 INFO [main] org.apache.catalina.startup.HostConfig.deployDirectory Deploying web application directory [C:\Users\joelb\OneDrive\Desktop\Coding Projects\im2073-project\apache-tomcat-10.1.35\apache-tomcat-10.1.35\webapps\examples]
20-Feb-2025 10:20:53.070 INFO [main] org.apache.catalina.startup.HostConfig.deployDirectory Deployment of web application directory [C:\Users\joelb\OneDrive\Desktop\Coding Projects\im2073-project\apache-tomcat-10.1.35\apache-tomcat-10.1.35\webapps\examples] has finished in [1,002] ms
20-Feb-2025 10:20:53.070 INFO [main] org.apache.catalina.startup.HostConfig.deployDirectory Deploying web application directory [C:\Users\joelb\OneDrive\Desktop\Coding Projects\im2073-project\apache-tomcat-10.1.35\apache-tomcat-10.1.35\webapps\host-manager]
20-Feb-2025 10:20:53.182 INFO [main] org.apache.catalina.startup.HostConfig.deployDirectory Deployment of web application directory [C:\Users\joelb\OneDrive\Desktop\Coding Projects\im2073-project\apache-tomcat-10.1.35\apache-tomcat-10.1.35\webapps\host-manager] has finished in [112] ms
20-Feb-2025 10:20:53.193 INFO [main] org.apache.catalina.startup.HostConfig.deployDirectory Deploying web application directory [C:\Users\joelb\OneDrive\Desktop\Coding Projects\im2073-project\apache-tomcat-10.1.35\apache-tomcat-10.1.35\webapps\manager]
20-Feb-2025 10:20:53.272 INFO [main] org.apache.catalina.startup.HostConfig.deployDirectory Deployment of web application directory [C:\Users\joelb\OneDrive\Desktop\Coding Projects\im2073-project\apache-tomcat-10.1.35\apache-tomcat-10.1.35\webapps\manager] has finished in [79] ms
20-Feb-2025 10:20:53.275 INFO [main] org.apache.catalina.startup.HostConfig.deployDirectory Deploying web application directory [C:\Users\joelb\OneDrive\Desktop\Coding Projects\im2073-project\apache-tomcat-10.1.35\apache-tomcat-10.1.35\webapps\ROOT]
20-Feb-2025 10:20:53.322 INFO [main] org.apache.catalina.startup.HostConfig.deployDirectory Deployment of web application directory [C:\Users\joelb\OneDrive\Desktop\Coding Projects\im2073-project\apache-tomcat-10.1.35\apache-tomcat-10.1.35\webapps\ROOT] has finished in [47] ms
20-Feb-2025 10:20:53.325 INFO [main] org.apache.catalina.startup.HostConfig.deployDirectory Deploying web application directory [C:\Users\joelb\OneDrive\Desktop\Coding Projects\im2073-project\apache-tomcat-10.1.35\apache-tomcat-10.1.35\webapps\Shopmint]
20-Feb-2025 10:20:53.402 INFO [main] org.apache.catalina.startup.HostConfig.deployDirectory Deployment of web application directory [C:\Users\joelb\OneDrive\Desktop\Coding Projects\im2073-project\apache-tomcat-10.1.35\apache-tomcat-10.1.35\webapps\Shopmint] has finished in [80] ms
20-Feb-2025 10:20:53.409 INFO [main] org.apache.coyote.AbstractProtocol.start Starting ProtocolHandler ["http-nio-9999"]
20-Feb-2025 10:20:53.443 INFO [main] org.apache.catalina.startup.Catalina.start Server startup in [1963] milliseconds
20-Feb-2025 10:30:49.770 INFO [Thread-1] org.apache.coyote.AbstractProtocol.pause Pausing ProtocolHandler ["http-nio-9999"]
20-Feb-2025 10:30:49.786 INFO [Thread-1] org.apache.catalina.core.StandardService.stopInternal Stopping service [Catalina]
20-Feb-2025 10:30:49.848 INFO [Thread-1] org.apache.coyote.AbstractProtocol.stop Stopping ProtocolHandler ["http-nio-9999"]
20-Feb-2025 10:30:49.869 INFO [Thread-1] org.apache.coyote.AbstractProtocol.destroy Destroying ProtocolHandler ["http-nio-9999"]
20-Feb-2025 10:30:52.837 INFO [main] org.apache.catalina.startup.VersionLoggerListener.log Server version name:   Apache Tomcat/10.1.35
20-Feb-2025 10:30:52.847 INFO [main] org.apache.catalina.startup.VersionLoggerListener.log Server built:          Feb 4 2025 21:16:31 UTC
20-Feb-2025 10:30:52.852 INFO [main] org.apache.catalina.startup.VersionLoggerListener.log Server version number: 10.1.35.0
20-Feb-2025 10:30:52.854 INFO [main] org.apache.catalina.startup.VersionLoggerListener.log OS Name:               Windows 11
20-Feb-2025 10:30:52.855 INFO [main] org.apache.catalina.startup.VersionLoggerListener.log OS Version:            10.0
20-Feb-2025 10:30:52.859 INFO [main] org.apache.catalina.startup.VersionLoggerListener.log Architecture:          amd64
20-Feb-2025 10:30:52.861 INFO [main] org.apache.catalina.startup.VersionLoggerListener.log Java Home:             C:\Program Files\Java\jdk-22
20-Feb-2025 10:30:52.862 INFO [main] org.apache.catalina.startup.VersionLoggerListener.log JVM Version:           22.0.1+8-16
20-Feb-2025 10:30:52.862 INFO [main] org.apache.catalina.startup.VersionLoggerListener.log JVM Vendor:            Oracle Corporation
20-Feb-2025 10:30:52.863 INFO [main] org.apache.catalina.startup.VersionLoggerListener.log CATALINA_BASE:         C:\Users\joelb\OneDrive\Desktop\Coding Projects\im2073-project\apache-tomcat-10.1.35\apache-tomcat-10.1.35
20-Feb-2025 10:30:52.863 INFO [main] org.apache.catalina.startup.VersionLoggerListener.log CATALINA_HOME:         C:\Users\joelb\OneDrive\Desktop\Coding Projects\im2073-project\apache-tomcat-10.1.35\apache-tomcat-10.1.35
20-Feb-2025 10:30:52.870 INFO [main] org.apache.catalina.startup.VersionLoggerListener.log Command line argument: -Djava.util.logging.config.file=C:\Users\joelb\OneDrive\Desktop\Coding Projects\im2073-project\apache-tomcat-10.1.35\apache-tomcat-10.1.35\conf\logging.properties
20-Feb-2025 10:30:52.870 INFO [main] org.apache.catalina.startup.VersionLoggerListener.log Command line argument: -Djava.util.logging.manager=org.apache.juli.ClassLoaderLogManager
20-Feb-2025 10:30:52.870 INFO [main] org.apache.catalina.startup.VersionLoggerListener.log Command line argument: -Djdk.tls.ephemeralDHKeySize=2048
20-Feb-2025 10:30:52.870 INFO [main] org.apache.catalina.startup.VersionLoggerListener.log Command line argument: -Djava.protocol.handler.pkgs=org.apache.catalina.webresources
20-Feb-2025 10:30:52.870 INFO [main] org.apache.catalina.startup.VersionLoggerListener.log Command line argument: -Dsun.io.useCanonCaches=false
20-Feb-2025 10:30:52.871 INFO [main] org.apache.catalina.startup.VersionLoggerListener.log Command line argument: --add-opens=java.base/java.lang=ALL-UNNAMED
20-Feb-2025 10:30:52.872 INFO [main] org.apache.catalina.startup.VersionLoggerListener.log Command line argument: --add-opens=java.base/java.io=ALL-UNNAMED
20-Feb-2025 10:30:52.874 INFO [main] org.apache.catalina.startup.VersionLoggerListener.log Command line argument: --add-opens=java.base/java.util=ALL-UNNAMED
20-Feb-2025 10:30:52.874 INFO [main] org.apache.catalina.startup.VersionLoggerListener.log Command line argument: --add-opens=java.base/java.util.concurrent=ALL-UNNAMED
20-Feb-2025 10:30:52.875 INFO [main] org.apache.catalina.startup.VersionLoggerListener.log Command line argument: --add-opens=java.rmi/sun.rmi.transport=ALL-UNNAMED
20-Feb-2025 10:30:52.875 INFO [main] org.apache.catalina.startup.VersionLoggerListener.log Command line argument: -Dcatalina.base=C:\Users\joelb\OneDrive\Desktop\Coding Projects\im2073-project\apache-tomcat-10.1.35\apache-tomcat-10.1.35
20-Feb-2025 10:30:52.876 INFO [main] org.apache.catalina.startup.VersionLoggerListener.log Command line argument: -Dcatalina.home=C:\Users\joelb\OneDrive\Desktop\Coding Projects\im2073-project\apache-tomcat-10.1.35\apache-tomcat-10.1.35
20-Feb-2025 10:30:52.876 INFO [main] org.apache.catalina.startup.VersionLoggerListener.log Command line argument: -Djava.io.tmpdir=C:\Users\joelb\OneDrive\Desktop\Coding Projects\im2073-project\apache-tomcat-10.1.35\apache-tomcat-10.1.35\temp
20-Feb-2025 10:30:52.885 INFO [main] org.apache.catalina.core.AprLifecycleListener.lifecycleEvent The Apache Tomcat Native library which allows using OpenSSL was not found on the java.library.path: [C:\Program Files\Java\jdk-22\bin;C:\WINDOWS\Sun\Java\bin;C:\WINDOWS\system32;C:\WINDOWS;C:\Program Files\PlasticSCM5\server;C:\Program Files\PlasticSCM5\client;C:\Program Files\Common Files\Oracle\Java\javapath;C:\Program Files (x86)\Common Files\Oracle\Java\javapath;C:\WINDOWS\system32;C:\WINDOWS;C:\WINDOWS\System32\Wbem;C:\WINDOWS\System32\WindowsPowerShell\v1.0\;C:\WINDOWS\System32\OpenSSH\;C:\Program Files\Git\cmd;C:\Program Files\dotnet\;C:\Program Files (x86)\Windows Kits\10\Windows Performance Toolkit\;C:\Program Files\nodejs\;C:\ProgramData\chocolatey\bin;C:\Program Files\MySQL\MySQL Shell 8.0\bin\;C:\Users\joelb\AppData\Local\Programs\Python\Launcher\;C:\Users\joelb\AppData\Local\Microsoft\WindowsApps;C:\Users\joelb\AppData\Local\Programs\Microsoft VS Code\bin;C:\Users\joelb\AppData\Local\Programs\Python\Python312\Scripts;C:\Users\joelb\AppData\Local\GitHubDesktop\bin;C:\Program Files\JetBrains\IntelliJ IDEA 2024.1\bin;C:\MinGW\bin;C:\Users\joelb\.dotnet\tools;C:\Users\joelb\AppData\Roaming\npm;.]
20-Feb-2025 10:30:53.498 INFO [main] org.apache.coyote.AbstractProtocol.init Initializing ProtocolHandler ["http-nio-0.0.0.0-9999"]
20-Feb-2025 10:30:53.579 INFO [main] org.apache.catalina.startup.Catalina.load Server initialization in [1046] milliseconds
20-Feb-2025 10:30:53.683 INFO [main] org.apache.catalina.core.StandardService.startInternal Starting service [Catalina]
20-Feb-2025 10:30:53.683 INFO [main] org.apache.catalina.core.StandardEngine.startInternal Starting Servlet engine: [Apache Tomcat/10.1.35]
20-Feb-2025 10:30:53.701 INFO [main] org.apache.catalina.startup.HostConfig.deployDirectory Deploying web application directory [C:\Users\joelb\OneDrive\Desktop\Coding Projects\im2073-project\apache-tomcat-10.1.35\apache-tomcat-10.1.35\webapps\docs]
20-Feb-2025 10:30:54.198 INFO [main] org.apache.catalina.startup.HostConfig.deployDirectory Deployment of web application directory [C:\Users\joelb\OneDrive\Desktop\Coding Projects\im2073-project\apache-tomcat-10.1.35\apache-tomcat-10.1.35\webapps\docs] has finished in [497] ms
20-Feb-2025 10:30:54.202 INFO [main] org.apache.catalina.startup.HostConfig.deployDirectory Deploying web application directory [C:\Users\joelb\OneDrive\Desktop\Coding Projects\im2073-project\apache-tomcat-10.1.35\apache-tomcat-10.1.35\webapps\examples]
20-Feb-2025 10:30:55.199 INFO [main] org.apache.catalina.startup.HostConfig.deployDirectory Deployment of web application directory [C:\Users\joelb\OneDrive\Desktop\Coding Projects\im2073-project\apache-tomcat-10.1.35\apache-tomcat-10.1.35\webapps\examples] has finished in [993] ms
20-Feb-2025 10:30:55.199 INFO [main] org.apache.catalina.startup.HostConfig.deployDirectory Deploying web application directory [C:\Users\joelb\OneDrive\Desktop\Coding Projects\im2073-project\apache-tomcat-10.1.35\apache-tomcat-10.1.35\webapps\host-manager]
20-Feb-2025 10:30:55.330 INFO [main] org.apache.catalina.startup.HostConfig.deployDirectory Deployment of web application directory [C:\Users\joelb\OneDrive\Desktop\Coding Projects\im2073-project\apache-tomcat-10.1.35\apache-tomcat-10.1.35\webapps\host-manager] has finished in [129] ms
20-Feb-2025 10:30:55.332 INFO [main] org.apache.catalina.startup.HostConfig.deployDirectory Deploying web application directory [C:\Users\joelb\OneDrive\Desktop\Coding Projects\im2073-project\apache-tomcat-10.1.35\apache-tomcat-10.1.35\webapps\manager]
20-Feb-2025 10:30:55.454 INFO [main] org.apache.catalina.startup.HostConfig.deployDirectory Deployment of web application directory [C:\Users\joelb\OneDrive\Desktop\Coding Projects\im2073-project\apache-tomcat-10.1.35\apache-tomcat-10.1.35\webapps\manager] has finished in [122] ms
20-Feb-2025 10:30:55.454 INFO [main] org.apache.catalina.startup.HostConfig.deployDirectory Deploying web application directory [C:\Users\joelb\OneDrive\Desktop\Coding Projects\im2073-project\apache-tomcat-10.1.35\apache-tomcat-10.1.35\webapps\ROOT]
20-Feb-2025 10:30:55.509 INFO [main] org.apache.catalina.startup.HostConfig.deployDirectory Deployment of web application directory [C:\Users\joelb\OneDrive\Desktop\Coding Projects\im2073-project\apache-tomcat-10.1.35\apache-tomcat-10.1.35\webapps\ROOT] has finished in [55] ms
20-Feb-2025 10:30:55.509 INFO [main] org.apache.catalina.startup.HostConfig.deployDirectory Deploying web application directory [C:\Users\joelb\OneDrive\Desktop\Coding Projects\im2073-project\apache-tomcat-10.1.35\apache-tomcat-10.1.35\webapps\Shopmint]
20-Feb-2025 10:30:55.570 INFO [main] org.apache.catalina.startup.HostConfig.deployDirectory Deployment of web application directory [C:\Users\joelb\OneDrive\Desktop\Coding Projects\im2073-project\apache-tomcat-10.1.35\apache-tomcat-10.1.35\webapps\Shopmint] has finished in [61] ms
20-Feb-2025 10:30:55.573 INFO [main] org.apache.coyote.AbstractProtocol.start Starting ProtocolHandler ["http-nio-0.0.0.0-9999"]
20-Feb-2025 10:30:55.610 INFO [main] org.apache.catalina.startup.Catalina.start Server startup in [2026] milliseconds
20-Feb-2025 10:38:28.796 INFO [Thread-1] org.apache.coyote.AbstractProtocol.pause Pausing ProtocolHandler ["http-nio-0.0.0.0-9999"]
20-Feb-2025 10:38:28.810 INFO [Thread-1] org.apache.catalina.core.StandardService.stopInternal Stopping service [Catalina]
20-Feb-2025 10:38:28.936 INFO [Thread-1] org.apache.coyote.AbstractProtocol.stop Stopping ProtocolHandler ["http-nio-0.0.0.0-9999"]
20-Feb-2025 10:38:28.955 INFO [Thread-1] org.apache.coyote.AbstractProtocol.destroy Destroying ProtocolHandler ["http-nio-0.0.0.0-9999"]
20-Feb-2025 10:38:32.456 INFO [main] org.apache.catalina.startup.VersionLoggerListener.log Server version name:   Apache Tomcat/10.1.35
20-Feb-2025 10:38:32.469 INFO [main] org.apache.catalina.startup.VersionLoggerListener.log Server built:          Feb 4 2025 21:16:31 UTC
20-Feb-2025 10:38:32.471 INFO [main] org.apache.catalina.startup.VersionLoggerListener.log Server version number: 10.1.35.0
20-Feb-2025 10:38:32.474 INFO [main] org.apache.catalina.startup.VersionLoggerListener.log OS Name:               Windows 11
20-Feb-2025 10:38:32.475 INFO [main] org.apache.catalina.startup.VersionLoggerListener.log OS Version:            10.0
20-Feb-2025 10:38:32.476 INFO [main] org.apache.catalina.startup.VersionLoggerListener.log Architecture:          amd64
20-Feb-2025 10:38:32.476 INFO [main] org.apache.catalina.startup.VersionLoggerListener.log Java Home:             C:\Program Files\Java\jdk-22
20-Feb-2025 10:38:32.478 INFO [main] org.apache.catalina.startup.VersionLoggerListener.log JVM Version:           22.0.1+8-16
20-Feb-2025 10:38:32.478 INFO [main] org.apache.catalina.startup.VersionLoggerListener.log JVM Vendor:            Oracle Corporation
20-Feb-2025 10:38:32.480 INFO [main] org.apache.catalina.startup.VersionLoggerListener.log CATALINA_BASE:         C:\Users\joelb\OneDrive\Desktop\Coding Projects\im2073-project\apache-tomcat-10.1.35\apache-tomcat-10.1.35
20-Feb-2025 10:38:32.480 INFO [main] org.apache.catalina.startup.VersionLoggerListener.log CATALINA_HOME:         C:\Users\joelb\OneDrive\Desktop\Coding Projects\im2073-project\apache-tomcat-10.1.35\apache-tomcat-10.1.35
20-Feb-2025 10:38:32.508 INFO [main] org.apache.catalina.startup.VersionLoggerListener.log Command line argument: -Djava.util.logging.config.file=C:\Users\joelb\OneDrive\Desktop\Coding Projects\im2073-project\apache-tomcat-10.1.35\apache-tomcat-10.1.35\conf\logging.properties
20-Feb-2025 10:38:32.508 INFO [main] org.apache.catalina.startup.VersionLoggerListener.log Command line argument: -Djava.util.logging.manager=org.apache.juli.ClassLoaderLogManager
20-Feb-2025 10:38:32.508 INFO [main] org.apache.catalina.startup.VersionLoggerListener.log Command line argument: -Djdk.tls.ephemeralDHKeySize=2048
20-Feb-2025 10:38:32.510 INFO [main] org.apache.catalina.startup.VersionLoggerListener.log Command line argument: -Djava.protocol.handler.pkgs=org.apache.catalina.webresources
20-Feb-2025 10:38:32.510 INFO [main] org.apache.catalina.startup.VersionLoggerListener.log Command line argument: -Dsun.io.useCanonCaches=false
20-Feb-2025 10:38:32.511 INFO [main] org.apache.catalina.startup.VersionLoggerListener.log Command line argument: --add-opens=java.base/java.lang=ALL-UNNAMED
20-Feb-2025 10:38:32.511 INFO [main] org.apache.catalina.startup.VersionLoggerListener.log Command line argument: --add-opens=java.base/java.io=ALL-UNNAMED
20-Feb-2025 10:38:32.511 INFO [main] org.apache.catalina.startup.VersionLoggerListener.log Command line argument: --add-opens=java.base/java.util=ALL-UNNAMED
20-Feb-2025 10:38:32.511 INFO [main] org.apache.catalina.startup.VersionLoggerListener.log Command line argument: --add-opens=java.base/java.util.concurrent=ALL-UNNAMED
20-Feb-2025 10:38:32.513 INFO [main] org.apache.catalina.startup.VersionLoggerListener.log Command line argument: --add-opens=java.rmi/sun.rmi.transport=ALL-UNNAMED
20-Feb-2025 10:38:32.514 INFO [main] org.apache.catalina.startup.VersionLoggerListener.log Command line argument: -Dcatalina.base=C:\Users\joelb\OneDrive\Desktop\Coding Projects\im2073-project\apache-tomcat-10.1.35\apache-tomcat-10.1.35
20-Feb-2025 10:38:32.514 INFO [main] org.apache.catalina.startup.VersionLoggerListener.log Command line argument: -Dcatalina.home=C:\Users\joelb\OneDrive\Desktop\Coding Projects\im2073-project\apache-tomcat-10.1.35\apache-tomcat-10.1.35
20-Feb-2025 10:38:32.515 INFO [main] org.apache.catalina.startup.VersionLoggerListener.log Command line argument: -Djava.io.tmpdir=C:\Users\joelb\OneDrive\Desktop\Coding Projects\im2073-project\apache-tomcat-10.1.35\apache-tomcat-10.1.35\temp
20-Feb-2025 10:38:32.529 INFO [main] org.apache.catalina.core.AprLifecycleListener.lifecycleEvent The Apache Tomcat Native library which allows using OpenSSL was not found on the java.library.path: [C:\Program Files\Java\jdk-22\bin;C:\WINDOWS\Sun\Java\bin;C:\WINDOWS\system32;C:\WINDOWS;C:\Program Files\PlasticSCM5\server;C:\Program Files\PlasticSCM5\client;C:\Program Files\Common Files\Oracle\Java\javapath;C:\Program Files (x86)\Common Files\Oracle\Java\javapath;C:\WINDOWS\system32;C:\WINDOWS;C:\WINDOWS\System32\Wbem;C:\WINDOWS\System32\WindowsPowerShell\v1.0\;C:\WINDOWS\System32\OpenSSH\;C:\Program Files\Git\cmd;C:\Program Files\dotnet\;C:\Program Files (x86)\Windows Kits\10\Windows Performance Toolkit\;C:\Program Files\nodejs\;C:\ProgramData\chocolatey\bin;C:\Program Files\MySQL\MySQL Shell 8.0\bin\;C:\Users\joelb\AppData\Local\Programs\Python\Launcher\;C:\Users\joelb\AppData\Local\Microsoft\WindowsApps;C:\Users\joelb\AppData\Local\Programs\Microsoft VS Code\bin;C:\Users\joelb\AppData\Local\Programs\Python\Python312\Scripts;C:\Users\joelb\AppData\Local\GitHubDesktop\bin;C:\Program Files\JetBrains\IntelliJ IDEA 2024.1\bin;C:\MinGW\bin;C:\Users\joelb\.dotnet\tools;C:\Users\joelb\AppData\Roaming\npm;.]
20-Feb-2025 10:38:32.968 INFO [main] org.apache.coyote.AbstractProtocol.init Initializing ProtocolHandler ["http-nio-0.0.0.0-9999"]
20-Feb-2025 10:38:33.001 INFO [main] org.apache.catalina.startup.Catalina.load Server initialization in [936] milliseconds
20-Feb-2025 10:38:33.089 INFO [main] org.apache.catalina.core.StandardService.startInternal Starting service [Catalina]
20-Feb-2025 10:38:33.089 INFO [main] org.apache.catalina.core.StandardEngine.startInternal Starting Servlet engine: [Apache Tomcat/10.1.35]
20-Feb-2025 10:38:33.113 INFO [main] org.apache.catalina.startup.HostConfig.deployDirectory Deploying web application directory [C:\Users\joelb\OneDrive\Desktop\Coding Projects\im2073-project\apache-tomcat-10.1.35\apache-tomcat-10.1.35\webapps\docs]
20-Feb-2025 10:38:33.566 INFO [main] org.apache.catalina.startup.HostConfig.deployDirectory Deployment of web application directory [C:\Users\joelb\OneDrive\Desktop\Coding Projects\im2073-project\apache-tomcat-10.1.35\apache-tomcat-10.1.35\webapps\docs] has finished in [453] ms
20-Feb-2025 10:38:33.566 INFO [main] org.apache.catalina.startup.HostConfig.deployDirectory Deploying web application directory [C:\Users\joelb\OneDrive\Desktop\Coding Projects\im2073-project\apache-tomcat-10.1.35\apache-tomcat-10.1.35\webapps\examples]
20-Feb-2025 10:38:34.517 INFO [main] org.apache.catalina.startup.HostConfig.deployDirectory Deployment of web application directory [C:\Users\joelb\OneDrive\Desktop\Coding Projects\im2073-project\apache-tomcat-10.1.35\apache-tomcat-10.1.35\webapps\examples] has finished in [951] ms
20-Feb-2025 10:38:34.517 INFO [main] org.apache.catalina.startup.HostConfig.deployDirectory Deploying web application directory [C:\Users\joelb\OneDrive\Desktop\Coding Projects\im2073-project\apache-tomcat-10.1.35\apache-tomcat-10.1.35\webapps\host-manager]
20-Feb-2025 10:38:34.635 INFO [main] org.apache.catalina.startup.HostConfig.deployDirectory Deployment of web application directory [C:\Users\joelb\OneDrive\Desktop\Coding Projects\im2073-project\apache-tomcat-10.1.35\apache-tomcat-10.1.35\webapps\host-manager] has finished in [110] ms
20-Feb-2025 10:38:34.638 INFO [main] org.apache.catalina.startup.HostConfig.deployDirectory Deploying web application directory [C:\Users\joelb\OneDrive\Desktop\Coding Projects\im2073-project\apache-tomcat-10.1.35\apache-tomcat-10.1.35\webapps\manager]
20-Feb-2025 10:38:34.872 INFO [main] org.apache.catalina.startup.HostConfig.deployDirectory Deployment of web application directory [C:\Users\joelb\OneDrive\Desktop\Coding Projects\im2073-project\apache-tomcat-10.1.35\apache-tomcat-10.1.35\webapps\manager] has finished in [235] ms
20-Feb-2025 10:38:34.877 INFO [main] org.apache.catalina.startup.HostConfig.deployDirectory Deploying web application directory [C:\Users\joelb\OneDrive\Desktop\Coding Projects\im2073-project\apache-tomcat-10.1.35\apache-tomcat-10.1.35\webapps\ROOT]
20-Feb-2025 10:38:34.940 INFO [main] org.apache.catalina.startup.HostConfig.deployDirectory Deployment of web application directory [C:\Users\joelb\OneDrive\Desktop\Coding Projects\im2073-project\apache-tomcat-10.1.35\apache-tomcat-10.1.35\webapps\ROOT] has finished in [63] ms
20-Feb-2025 10:38:34.943 INFO [main] org.apache.catalina.startup.HostConfig.deployDirectory Deploying web application directory [C:\Users\joelb\OneDrive\Desktop\Coding Projects\im2073-project\apache-tomcat-10.1.35\apache-tomcat-10.1.35\webapps\Shopmint]
20-Feb-2025 10:38:34.998 INFO [main] org.apache.catalina.startup.HostConfig.deployDirectory Deployment of web application directory [C:\Users\joelb\OneDrive\Desktop\Coding Projects\im2073-project\apache-tomcat-10.1.35\apache-tomcat-10.1.35\webapps\Shopmint] has finished in [54] ms
20-Feb-2025 10:38:35.000 INFO [main] org.apache.coyote.AbstractProtocol.start Starting ProtocolHandler ["http-nio-0.0.0.0-9999"]
20-Feb-2025 10:38:35.040 INFO [main] org.apache.catalina.startup.Catalina.start Server startup in [2038] milliseconds
20-Feb-2025 10:51:16.401 INFO [Thread-1] org.apache.coyote.AbstractProtocol.pause Pausing ProtocolHandler ["http-nio-0.0.0.0-9999"]
20-Feb-2025 10:51:16.427 INFO [Thread-1] org.apache.catalina.core.StandardService.stopInternal Stopping service [Catalina]
20-Feb-2025 10:51:16.573 INFO [Thread-1] org.apache.coyote.AbstractProtocol.stop Stopping ProtocolHandler ["http-nio-0.0.0.0-9999"]
20-Feb-2025 10:51:16.596 INFO [Thread-1] org.apache.coyote.AbstractProtocol.destroy Destroying ProtocolHandler ["http-nio-0.0.0.0-9999"]
20-Feb-2025 10:54:09.817 INFO [main] org.apache.catalina.startup.VersionLoggerListener.log Server version name:   Apache Tomcat/10.1.35
20-Feb-2025 10:54:09.832 INFO [main] org.apache.catalina.startup.VersionLoggerListener.log Server built:          Feb 4 2025 21:16:31 UTC
20-Feb-2025 10:54:09.832 INFO [main] org.apache.catalina.startup.VersionLoggerListener.log Server version number: 10.1.35.0
20-Feb-2025 10:54:09.832 INFO [main] org.apache.catalina.startup.VersionLoggerListener.log OS Name:               Windows 11
20-Feb-2025 10:54:09.832 INFO [main] org.apache.catalina.startup.VersionLoggerListener.log OS Version:            10.0
20-Feb-2025 10:54:09.832 INFO [main] org.apache.catalina.startup.VersionLoggerListener.log Architecture:          amd64
20-Feb-2025 10:54:09.832 INFO [main] org.apache.catalina.startup.VersionLoggerListener.log Java Home:             C:\Program Files\Java\jdk-22
20-Feb-2025 10:54:09.832 INFO [main] org.apache.catalina.startup.VersionLoggerListener.log JVM Version:           22.0.1+8-16
20-Feb-2025 10:54:09.832 INFO [main] org.apache.catalina.startup.VersionLoggerListener.log JVM Vendor:            Oracle Corporation
20-Feb-2025 10:54:09.832 INFO [main] org.apache.catalina.startup.VersionLoggerListener.log CATALINA_BASE:         C:\Users\joelb\OneDrive\Desktop\Coding Projects\im2073-project\apache-tomcat-10.1.35\apache-tomcat-10.1.35
20-Feb-2025 10:54:09.832 INFO [main] org.apache.catalina.startup.VersionLoggerListener.log CATALINA_HOME:         C:\Users\joelb\OneDrive\Desktop\Coding Projects\im2073-project\apache-tomcat-10.1.35\apache-tomcat-10.1.35
20-Feb-2025 10:54:09.848 INFO [main] org.apache.catalina.startup.VersionLoggerListener.log Command line argument: -Djava.util.logging.config.file=C:\Users\joelb\OneDrive\Desktop\Coding Projects\im2073-project\apache-tomcat-10.1.35\apache-tomcat-10.1.35\conf\logging.properties
20-Feb-2025 10:54:09.848 INFO [main] org.apache.catalina.startup.VersionLoggerListener.log Command line argument: -Djava.util.logging.manager=org.apache.juli.ClassLoaderLogManager
20-Feb-2025 10:54:09.848 INFO [main] org.apache.catalina.startup.VersionLoggerListener.log Command line argument: -Djdk.tls.ephemeralDHKeySize=2048
20-Feb-2025 10:54:09.848 INFO [main] org.apache.catalina.startup.VersionLoggerListener.log Command line argument: -Djava.protocol.handler.pkgs=org.apache.catalina.webresources
20-Feb-2025 10:54:09.848 INFO [main] org.apache.catalina.startup.VersionLoggerListener.log Command line argument: -Dsun.io.useCanonCaches=false
20-Feb-2025 10:54:09.848 INFO [main] org.apache.catalina.startup.VersionLoggerListener.log Command line argument: --add-opens=java.base/java.lang=ALL-UNNAMED
20-Feb-2025 10:54:09.848 INFO [main] org.apache.catalina.startup.VersionLoggerListener.log Command line argument: --add-opens=java.base/java.io=ALL-UNNAMED
20-Feb-2025 10:54:09.848 INFO [main] org.apache.catalina.startup.VersionLoggerListener.log Command line argument: --add-opens=java.base/java.util=ALL-UNNAMED
20-Feb-2025 10:54:09.848 INFO [main] org.apache.catalina.startup.VersionLoggerListener.log Command line argument: --add-opens=java.base/java.util.concurrent=ALL-UNNAMED
20-Feb-2025 10:54:09.848 INFO [main] org.apache.catalina.startup.VersionLoggerListener.log Command line argument: --add-opens=java.rmi/sun.rmi.transport=ALL-UNNAMED
20-Feb-2025 10:54:09.848 INFO [main] org.apache.catalina.startup.VersionLoggerListener.log Command line argument: -Dcatalina.base=C:\Users\joelb\OneDrive\Desktop\Coding Projects\im2073-project\apache-tomcat-10.1.35\apache-tomcat-10.1.35
20-Feb-2025 10:54:09.848 INFO [main] org.apache.catalina.startup.VersionLoggerListener.log Command line argument: -Dcatalina.home=C:\Users\joelb\OneDrive\Desktop\Coding Projects\im2073-project\apache-tomcat-10.1.35\apache-tomcat-10.1.35
20-Feb-2025 10:54:09.848 INFO [main] org.apache.catalina.startup.VersionLoggerListener.log Command line argument: -Djava.io.tmpdir=C:\Users\joelb\OneDrive\Desktop\Coding Projects\im2073-project\apache-tomcat-10.1.35\apache-tomcat-10.1.35\temp
20-Feb-2025 10:54:09.864 INFO [main] org.apache.catalina.core.AprLifecycleListener.lifecycleEvent The Apache Tomcat Native library which allows using OpenSSL was not found on the java.library.path: [C:\Program Files\Java\jdk-22\bin;C:\WINDOWS\Sun\Java\bin;C:\WINDOWS\system32;C:\WINDOWS;C:\Program Files\PlasticSCM5\server;C:\Program Files\PlasticSCM5\client;C:\Program Files\Common Files\Oracle\Java\javapath;C:\Program Files (x86)\Common Files\Oracle\Java\javapath;C:\WINDOWS\system32;C:\WINDOWS;C:\WINDOWS\System32\Wbem;C:\WINDOWS\System32\WindowsPowerShell\v1.0\;C:\WINDOWS\System32\OpenSSH\;C:\Program Files\Git\cmd;C:\Program Files\dotnet\;C:\Program Files (x86)\Windows Kits\10\Windows Performance Toolkit\;C:\Program Files\nodejs\;C:\ProgramData\chocolatey\bin;C:\Program Files\MySQL\MySQL Shell 8.0\bin\;C:\Users\joelb\AppData\Local\Programs\Python\Launcher\;C:\Users\joelb\AppData\Local\Microsoft\WindowsApps;C:\Users\joelb\AppData\Local\Programs\Microsoft VS Code\bin;C:\Users\joelb\AppData\Local\Programs\Python\Python312\Scripts;C:\Users\joelb\AppData\Local\GitHubDesktop\bin;C:\Program Files\JetBrains\IntelliJ IDEA 2024.1\bin;C:\MinGW\bin;C:\Users\joelb\.dotnet\tools;C:\Users\joelb\AppData\Roaming\npm;.]
20-Feb-2025 10:54:10.338 INFO [main] org.apache.coyote.AbstractProtocol.init Initializing ProtocolHandler ["http-nio-0.0.0.0-9999"]
20-Feb-2025 10:54:10.387 INFO [main] org.apache.catalina.startup.Catalina.load Server initialization in [875] milliseconds
20-Feb-2025 10:54:10.519 INFO [main] org.apache.catalina.core.StandardService.startInternal Starting service [Catalina]
20-Feb-2025 10:54:10.519 INFO [main] org.apache.catalina.core.StandardEngine.startInternal Starting Servlet engine: [Apache Tomcat/10.1.35]
20-Feb-2025 10:54:10.528 INFO [main] org.apache.catalina.startup.HostConfig.deployDirectory Deploying web application directory [C:\Users\joelb\OneDrive\Desktop\Coding Projects\im2073-project\apache-tomcat-10.1.35\apache-tomcat-10.1.35\webapps\docs]
20-Feb-2025 10:54:11.131 INFO [main] org.apache.catalina.startup.HostConfig.deployDirectory Deployment of web application directory [C:\Users\joelb\OneDrive\Desktop\Coding Projects\im2073-project\apache-tomcat-10.1.35\apache-tomcat-10.1.35\webapps\docs] has finished in [603] ms
20-Feb-2025 10:54:11.147 INFO [main] org.apache.catalina.startup.HostConfig.deployDirectory Deploying web application directory [C:\Users\joelb\OneDrive\Desktop\Coding Projects\im2073-project\apache-tomcat-10.1.35\apache-tomcat-10.1.35\webapps\examples]
20-Feb-2025 10:54:12.153 INFO [main] org.apache.catalina.startup.HostConfig.deployDirectory Deployment of web application directory [C:\Users\joelb\OneDrive\Desktop\Coding Projects\im2073-project\apache-tomcat-10.1.35\apache-tomcat-10.1.35\webapps\examples] has finished in [1,022] ms
20-Feb-2025 10:54:12.153 INFO [main] org.apache.catalina.startup.HostConfig.deployDirectory Deploying web application directory [C:\Users\joelb\OneDrive\Desktop\Coding Projects\im2073-project\apache-tomcat-10.1.35\apache-tomcat-10.1.35\webapps\host-manager]
20-Feb-2025 10:54:12.233 INFO [main] org.apache.catalina.startup.HostConfig.deployDirectory Deployment of web application directory [C:\Users\joelb\OneDrive\Desktop\Coding Projects\im2073-project\apache-tomcat-10.1.35\apache-tomcat-10.1.35\webapps\host-manager] has finished in [80] ms
20-Feb-2025 10:54:12.233 INFO [main] org.apache.catalina.startup.HostConfig.deployDirectory Deploying web application directory [C:\Users\joelb\OneDrive\Desktop\Coding Projects\im2073-project\apache-tomcat-10.1.35\apache-tomcat-10.1.35\webapps\manager]
20-Feb-2025 10:54:12.312 INFO [main] org.apache.catalina.startup.HostConfig.deployDirectory Deployment of web application directory [C:\Users\joelb\OneDrive\Desktop\Coding Projects\im2073-project\apache-tomcat-10.1.35\apache-tomcat-10.1.35\webapps\manager] has finished in [63] ms
20-Feb-2025 10:54:12.312 INFO [main] org.apache.catalina.startup.HostConfig.deployDirectory Deploying web application directory [C:\Users\joelb\OneDrive\Desktop\Coding Projects\im2073-project\apache-tomcat-10.1.35\apache-tomcat-10.1.35\webapps\ROOT]
20-Feb-2025 10:54:12.360 INFO [main] org.apache.catalina.startup.HostConfig.deployDirectory Deployment of web application directory [C:\Users\joelb\OneDrive\Desktop\Coding Projects\im2073-project\apache-tomcat-10.1.35\apache-tomcat-10.1.35\webapps\ROOT] has finished in [48] ms
20-Feb-2025 10:54:12.360 INFO [main] org.apache.catalina.startup.HostConfig.deployDirectory Deploying web application directory [C:\Users\joelb\OneDrive\Desktop\Coding Projects\im2073-project\apache-tomcat-10.1.35\apache-tomcat-10.1.35\webapps\Shopmint]
20-Feb-2025 10:54:12.455 INFO [main] org.apache.catalina.startup.HostConfig.deployDirectory Deployment of web application directory [C:\Users\joelb\OneDrive\Desktop\Coding Projects\im2073-project\apache-tomcat-10.1.35\apache-tomcat-10.1.35\webapps\Shopmint] has finished in [95] ms
20-Feb-2025 10:54:12.470 INFO [main] org.apache.coyote.AbstractProtocol.start Starting ProtocolHandler ["http-nio-0.0.0.0-9999"]
20-Feb-2025 10:54:12.521 INFO [main] org.apache.catalina.startup.Catalina.start Server startup in [2124] milliseconds
20-Feb-2025 10:58:34.550 INFO [Catalina-utility-1] org.apache.catalina.core.StandardContext.reload Reloading Context with name [/Shopmint] has started
20-Feb-2025 11:01:10.742 INFO [Catalina-utility-1] org.apache.catalina.core.StandardContext.reload Reloading Context with name [/Shopmint] is completed
20-Feb-2025 11:01:14.456 INFO [Thread-1] org.apache.coyote.AbstractProtocol.pause Pausing ProtocolHandler ["http-nio-0.0.0.0-9999"]
20-Feb-2025 11:01:14.463 INFO [Thread-1] org.apache.catalina.core.StandardService.stopInternal Stopping service [Catalina]
20-Feb-2025 11:01:14.492 INFO [Thread-1] org.apache.coyote.AbstractProtocol.stop Stopping ProtocolHandler ["http-nio-0.0.0.0-9999"]
20-Feb-2025 11:01:14.514 INFO [Thread-1] org.apache.coyote.AbstractProtocol.destroy Destroying ProtocolHandler ["http-nio-0.0.0.0-9999"]
20-Feb-2025 11:01:18.474 INFO [main] org.apache.catalina.startup.VersionLoggerListener.log Server version name:   Apache Tomcat/10.1.35
20-Feb-2025 11:01:18.483 INFO [main] org.apache.catalina.startup.VersionLoggerListener.log Server built:          Feb 4 2025 21:16:31 UTC
20-Feb-2025 11:01:18.483 INFO [main] org.apache.catalina.startup.VersionLoggerListener.log Server version number: 10.1.35.0
20-Feb-2025 11:01:18.483 INFO [main] org.apache.catalina.startup.VersionLoggerListener.log OS Name:               Windows 11
20-Feb-2025 11:01:18.483 INFO [main] org.apache.catalina.startup.VersionLoggerListener.log OS Version:            10.0
20-Feb-2025 11:01:18.483 INFO [main] org.apache.catalina.startup.VersionLoggerListener.log Architecture:          amd64
20-Feb-2025 11:01:18.485 INFO [main] org.apache.catalina.startup.VersionLoggerListener.log Java Home:             C:\Program Files\Java\jdk-22
20-Feb-2025 11:01:18.486 INFO [main] org.apache.catalina.startup.VersionLoggerListener.log JVM Version:           22.0.1+8-16
20-Feb-2025 11:01:18.486 INFO [main] org.apache.catalina.startup.VersionLoggerListener.log JVM Vendor:            Oracle Corporation
20-Feb-2025 11:01:18.486 INFO [main] org.apache.catalina.startup.VersionLoggerListener.log CATALINA_BASE:         C:\Users\joelb\OneDrive\Desktop\Coding Projects\im2073-project\apache-tomcat-10.1.35\apache-tomcat-10.1.35
20-Feb-2025 11:01:18.486 INFO [main] org.apache.catalina.startup.VersionLoggerListener.log CATALINA_HOME:         C:\Users\joelb\OneDrive\Desktop\Coding Projects\im2073-project\apache-tomcat-10.1.35\apache-tomcat-10.1.35
20-Feb-2025 11:01:18.502 INFO [main] org.apache.catalina.startup.VersionLoggerListener.log Command line argument: -Djava.util.logging.config.file=C:\Users\joelb\OneDrive\Desktop\Coding Projects\im2073-project\apache-tomcat-10.1.35\apache-tomcat-10.1.35\conf\logging.properties
20-Feb-2025 11:01:18.502 INFO [main] org.apache.catalina.startup.VersionLoggerListener.log Command line argument: -Djava.util.logging.manager=org.apache.juli.ClassLoaderLogManager
20-Feb-2025 11:01:18.502 INFO [main] org.apache.catalina.startup.VersionLoggerListener.log Command line argument: -Djdk.tls.ephemeralDHKeySize=2048
20-Feb-2025 11:01:18.502 INFO [main] org.apache.catalina.startup.VersionLoggerListener.log Command line argument: -Djava.protocol.handler.pkgs=org.apache.catalina.webresources
20-Feb-2025 11:01:18.502 INFO [main] org.apache.catalina.startup.VersionLoggerListener.log Command line argument: -Dsun.io.useCanonCaches=false
20-Feb-2025 11:01:18.502 INFO [main] org.apache.catalina.startup.VersionLoggerListener.log Command line argument: --add-opens=java.base/java.lang=ALL-UNNAMED
20-Feb-2025 11:01:18.502 INFO [main] org.apache.catalina.startup.VersionLoggerListener.log Command line argument: --add-opens=java.base/java.io=ALL-UNNAMED
20-Feb-2025 11:01:18.502 INFO [main] org.apache.catalina.startup.VersionLoggerListener.log Command line argument: --add-opens=java.base/java.util=ALL-UNNAMED
20-Feb-2025 11:01:18.502 INFO [main] org.apache.catalina.startup.VersionLoggerListener.log Command line argument: --add-opens=java.base/java.util.concurrent=ALL-UNNAMED
20-Feb-2025 11:01:18.502 INFO [main] org.apache.catalina.startup.VersionLoggerListener.log Command line argument: --add-opens=java.rmi/sun.rmi.transport=ALL-UNNAMED
20-Feb-2025 11:01:18.502 INFO [main] org.apache.catalina.startup.VersionLoggerListener.log Command line argument: -Dcatalina.base=C:\Users\joelb\OneDrive\Desktop\Coding Projects\im2073-project\apache-tomcat-10.1.35\apache-tomcat-10.1.35
20-Feb-2025 11:01:18.502 INFO [main] org.apache.catalina.startup.VersionLoggerListener.log Command line argument: -Dcatalina.home=C:\Users\joelb\OneDrive\Desktop\Coding Projects\im2073-project\apache-tomcat-10.1.35\apache-tomcat-10.1.35
20-Feb-2025 11:01:18.502 INFO [main] org.apache.catalina.startup.VersionLoggerListener.log Command line argument: -Djava.io.tmpdir=C:\Users\joelb\OneDrive\Desktop\Coding Projects\im2073-project\apache-tomcat-10.1.35\apache-tomcat-10.1.35\temp
20-Feb-2025 11:01:18.518 INFO [main] org.apache.catalina.core.AprLifecycleListener.lifecycleEvent The Apache Tomcat Native library which allows using OpenSSL was not found on the java.library.path: [C:\Program Files\Java\jdk-22\bin;C:\WINDOWS\Sun\Java\bin;C:\WINDOWS\system32;C:\WINDOWS;C:\Program Files\PlasticSCM5\server;C:\Program Files\PlasticSCM5\client;C:\Program Files\Common Files\Oracle\Java\javapath;C:\Program Files (x86)\Common Files\Oracle\Java\javapath;C:\WINDOWS\system32;C:\WINDOWS;C:\WINDOWS\System32\Wbem;C:\WINDOWS\System32\WindowsPowerShell\v1.0\;C:\WINDOWS\System32\OpenSSH\;C:\Program Files\Git\cmd;C:\Program Files\dotnet\;C:\Program Files (x86)\Windows Kits\10\Windows Performance Toolkit\;C:\Program Files\nodejs\;C:\ProgramData\chocolatey\bin;C:\Program Files\MySQL\MySQL Shell 8.0\bin\;C:\Users\joelb\AppData\Local\Programs\Python\Launcher\;C:\Users\joelb\AppData\Local\Microsoft\WindowsApps;C:\Users\joelb\AppData\Local\Programs\Microsoft VS Code\bin;C:\Users\joelb\AppData\Local\Programs\Python\Python312\Scripts;C:\Users\joelb\AppData\Local\GitHubDesktop\bin;C:\Program Files\JetBrains\IntelliJ IDEA 2024.1\bin;C:\MinGW\bin;C:\Users\joelb\.dotnet\tools;C:\Users\joelb\AppData\Roaming\npm;.]
20-Feb-2025 11:01:18.960 INFO [main] org.apache.coyote.AbstractProtocol.init Initializing ProtocolHandler ["http-nio-0.0.0.0-9999"]
20-Feb-2025 11:01:18.998 INFO [main] org.apache.catalina.startup.Catalina.load Server initialization in [945] milliseconds
20-Feb-2025 11:01:19.059 INFO [main] org.apache.catalina.core.StandardService.startInternal Starting service [Catalina]
20-Feb-2025 11:01:19.059 INFO [main] org.apache.catalina.core.StandardEngine.startInternal Starting Servlet engine: [Apache Tomcat/10.1.35]
20-Feb-2025 11:01:19.072 INFO [main] org.apache.catalina.startup.HostConfig.deployDirectory Deploying web application directory [C:\Users\joelb\OneDrive\Desktop\Coding Projects\im2073-project\apache-tomcat-10.1.35\apache-tomcat-10.1.35\webapps\docs]
20-Feb-2025 11:01:19.618 INFO [main] org.apache.catalina.startup.HostConfig.deployDirectory Deployment of web application directory [C:\Users\joelb\OneDrive\Desktop\Coding Projects\im2073-project\apache-tomcat-10.1.35\apache-tomcat-10.1.35\webapps\docs] has finished in [546] ms
20-Feb-2025 11:01:19.618 INFO [main] org.apache.catalina.startup.HostConfig.deployDirectory Deploying web application directory [C:\Users\joelb\OneDrive\Desktop\Coding Projects\im2073-project\apache-tomcat-10.1.35\apache-tomcat-10.1.35\webapps\examples]
20-Feb-2025 11:01:20.650 INFO [main] org.apache.catalina.startup.HostConfig.deployDirectory Deployment of web application directory [C:\Users\joelb\OneDrive\Desktop\Coding Projects\im2073-project\apache-tomcat-10.1.35\apache-tomcat-10.1.35\webapps\examples] has finished in [1,032] ms
20-Feb-2025 11:01:20.650 INFO [main] org.apache.catalina.startup.HostConfig.deployDirectory Deploying web application directory [C:\Users\joelb\OneDrive\Desktop\Coding Projects\im2073-project\apache-tomcat-10.1.35\apache-tomcat-10.1.35\webapps\host-manager]
20-Feb-2025 11:01:20.812 INFO [main] org.apache.catalina.startup.HostConfig.deployDirectory Deployment of web application directory [C:\Users\joelb\OneDrive\Desktop\Coding Projects\im2073-project\apache-tomcat-10.1.35\apache-tomcat-10.1.35\webapps\host-manager] has finished in [162] ms
20-Feb-2025 11:01:20.812 INFO [main] org.apache.catalina.startup.HostConfig.deployDirectory Deploying web application directory [C:\Users\joelb\OneDrive\Desktop\Coding Projects\im2073-project\apache-tomcat-10.1.35\apache-tomcat-10.1.35\webapps\manager]
20-Feb-2025 11:01:20.907 INFO [main] org.apache.catalina.startup.HostConfig.deployDirectory Deployment of web application directory [C:\Users\joelb\OneDrive\Desktop\Coding Projects\im2073-project\apache-tomcat-10.1.35\apache-tomcat-10.1.35\webapps\manager] has finished in [95] ms
20-Feb-2025 11:01:20.907 INFO [main] org.apache.catalina.startup.HostConfig.deployDirectory Deploying web application directory [C:\Users\joelb\OneDrive\Desktop\Coding Projects\im2073-project\apache-tomcat-10.1.35\apache-tomcat-10.1.35\webapps\ROOT]
20-Feb-2025 11:01:20.970 INFO [main] org.apache.catalina.startup.HostConfig.deployDirectory Deployment of web application directory [C:\Users\joelb\OneDrive\Desktop\Coding Projects\im2073-project\apache-tomcat-10.1.35\apache-tomcat-10.1.35\webapps\ROOT] has finished in [63] ms
20-Feb-2025 11:01:20.970 INFO [main] org.apache.catalina.startup.HostConfig.deployDirectory Deploying web application directory [C:\Users\joelb\OneDrive\Desktop\Coding Projects\im2073-project\apache-tomcat-10.1.35\apache-tomcat-10.1.35\webapps\Shopmint]
20-Feb-2025 11:01:21.049 INFO [main] org.apache.catalina.startup.HostConfig.deployDirectory Deployment of web application directory [C:\Users\joelb\OneDrive\Desktop\Coding Projects\im2073-project\apache-tomcat-10.1.35\apache-tomcat-10.1.35\webapps\Shopmint] has finished in [79] ms
20-Feb-2025 11:01:21.049 INFO [main] org.apache.coyote.AbstractProtocol.start Starting ProtocolHandler ["http-nio-0.0.0.0-9999"]
20-Feb-2025 11:01:21.096 INFO [main] org.apache.catalina.startup.Catalina.start Server startup in [2095] milliseconds
20-Feb-2025 11:02:11.399 INFO [Catalina-utility-2] org.apache.catalina.core.StandardContext.reload Reloading Context with name [/Shopmint] has started
20-Feb-2025 11:02:11.507 INFO [Catalina-utility-2] org.apache.catalina.core.StandardContext.reload Reloading Context with name [/Shopmint] is completed
20-Feb-2025 11:32:49.335 INFO [Thread-1] org.apache.coyote.AbstractProtocol.pause Pausing ProtocolHandler ["http-nio-0.0.0.0-9999"]
20-Feb-2025 11:32:49.348 INFO [Thread-1] org.apache.catalina.core.StandardService.stopInternal Stopping service [Catalina]
20-Feb-2025 11:32:49.380 INFO [Thread-1] org.apache.coyote.AbstractProtocol.stop Stopping ProtocolHandler ["http-nio-0.0.0.0-9999"]
20-Feb-2025 11:32:49.398 INFO [Thread-1] org.apache.coyote.AbstractProtocol.destroy Destroying ProtocolHandler ["http-nio-0.0.0.0-9999"]
