15-Mar-2025 15:37:07.598 INFO [main] org.apache.catalina.startup.VersionLoggerListener.log Server version name:   Apache Tomcat/10.1.35
15-Mar-2025 15:37:07.599 INFO [main] org.apache.catalina.startup.VersionLoggerListener.log Server built:          Feb 4 2025 21:16:31 UTC
15-Mar-2025 15:37:07.602 INFO [main] org.apache.catalina.startup.VersionLoggerListener.log Server version number: 10.1.35.0
15-Mar-2025 15:37:07.602 INFO [main] org.apache.catalina.startup.VersionLoggerListener.log OS Name:               Windows 11
15-Mar-2025 15:37:07.602 INFO [main] org.apache.catalina.startup.VersionLoggerListener.log OS Version:            10.0
15-Mar-2025 15:37:07.602 INFO [main] org.apache.catalina.startup.VersionLoggerListener.log Architecture:          amd64
15-Mar-2025 15:37:07.602 INFO [main] org.apache.catalina.startup.VersionLoggerListener.log Java Home:             C:\Program Files\Java\jdk-22
15-Mar-2025 15:37:07.602 INFO [main] org.apache.catalina.startup.VersionLoggerListener.log JVM Version:           22.0.1+8-16
15-Mar-2025 15:37:07.602 INFO [main] org.apache.catalina.startup.VersionLoggerListener.log JVM Vendor:            Oracle Corporation
15-Mar-2025 15:37:07.602 INFO [main] org.apache.catalina.startup.VersionLoggerListener.log CATALINA_BASE:         C:\Users\joelb\OneDrive\Desktop\Coding Projects\im2073-project\apache-tomcat-10.1.35
15-Mar-2025 15:37:07.602 INFO [main] org.apache.catalina.startup.VersionLoggerListener.log CATALINA_HOME:         C:\Users\joelb\OneDrive\Desktop\Coding Projects\im2073-project\apache-tomcat-10.1.35
15-Mar-2025 15:37:07.612 INFO [main] org.apache.catalina.startup.VersionLoggerListener.log Command line argument: -Djava.util.logging.config.file=C:\Users\joelb\OneDrive\Desktop\Coding Projects\im2073-project\apache-tomcat-10.1.35\conf\logging.properties
15-Mar-2025 15:37:07.612 INFO [main] org.apache.catalina.startup.VersionLoggerListener.log Command line argument: -Djava.util.logging.manager=org.apache.juli.ClassLoaderLogManager
15-Mar-2025 15:37:07.612 INFO [main] org.apache.catalina.startup.VersionLoggerListener.log Command line argument: -Djdk.tls.ephemeralDHKeySize=2048
15-Mar-2025 15:37:07.612 INFO [main] org.apache.catalina.startup.VersionLoggerListener.log Command line argument: -Djava.protocol.handler.pkgs=org.apache.catalina.webresources
15-Mar-2025 15:37:07.612 INFO [main] org.apache.catalina.startup.VersionLoggerListener.log Command line argument: -Dsun.io.useCanonCaches=false
15-Mar-2025 15:37:07.612 INFO [main] org.apache.catalina.startup.VersionLoggerListener.log Command line argument: --add-opens=java.base/java.lang=ALL-UNNAMED
15-Mar-2025 15:37:07.613 INFO [main] org.apache.catalina.startup.VersionLoggerListener.log Command line argument: --add-opens=java.base/java.io=ALL-UNNAMED
15-Mar-2025 15:37:07.613 INFO [main] org.apache.catalina.startup.VersionLoggerListener.log Command line argument: --add-opens=java.base/java.util=ALL-UNNAMED
15-Mar-2025 15:37:07.613 INFO [main] org.apache.catalina.startup.VersionLoggerListener.log Command line argument: --add-opens=java.base/java.util.concurrent=ALL-UNNAMED
15-Mar-2025 15:37:07.613 INFO [main] org.apache.catalina.startup.VersionLoggerListener.log Command line argument: --add-opens=java.rmi/sun.rmi.transport=ALL-UNNAMED
15-Mar-2025 15:37:07.613 INFO [main] org.apache.catalina.startup.VersionLoggerListener.log Command line argument: -Dcatalina.base=C:\Users\joelb\OneDrive\Desktop\Coding Projects\im2073-project\apache-tomcat-10.1.35
15-Mar-2025 15:37:07.613 INFO [main] org.apache.catalina.startup.VersionLoggerListener.log Command line argument: -Dcatalina.home=C:\Users\joelb\OneDrive\Desktop\Coding Projects\im2073-project\apache-tomcat-10.1.35
15-Mar-2025 15:37:07.614 INFO [main] org.apache.catalina.startup.VersionLoggerListener.log Command line argument: -Djava.io.tmpdir=C:\Users\joelb\OneDrive\Desktop\Coding Projects\im2073-project\apache-tomcat-10.1.35\temp
15-Mar-2025 15:37:07.620 INFO [main] org.apache.catalina.core.AprLifecycleListener.lifecycleEvent The Apache Tomcat Native library which allows using OpenSSL was not found on the java.library.path: [C:\Program Files\Java\jdk-22\bin;C:\WINDOWS\Sun\Java\bin;C:\WINDOWS\system32;C:\WINDOWS;C:\Program Files\PlasticSCM5\server;C:\Program Files\PlasticSCM5\client;C:\Program Files\Common Files\Oracle\Java\javapath;C:\Program Files (x86)\Common Files\Oracle\Java\javapath;C:\WINDOWS\system32;C:\WINDOWS;C:\WINDOWS\System32\Wbem;C:\WINDOWS\System32\WindowsPowerShell\v1.0\;C:\WINDOWS\System32\OpenSSH\;C:\Program Files\Git\cmd;C:\Program Files\dotnet\;C:\Program Files (x86)\Windows Kits\10\Windows Performance Toolkit\;C:\Program Files\nodejs\;C:\ProgramData\chocolatey\bin;C:\Users\joelb\AppData\Local\Programs\Python\Launcher\;C:\Program Files\MySQL\MySQL Shell 8.0\bin\;C:\Users\joelb\AppData\Local\Microsoft\WindowsApps;C:\Users\joelb\AppData\Local\Programs\Microsoft VS Code\bin;C:\Users\joelb\AppData\Local\Programs\Python\Python312\Scripts;C:\Users\joelb\AppData\Local\GitHubDesktop\bin;C:\Program Files\JetBrains\IntelliJ IDEA 2024.1\bin;C:\MinGW\bin;C:\Users\joelb\.dotnet\tools;C:\Users\joelb\AppData\Roaming\npm;.]
15-Mar-2025 15:37:07.827 INFO [main] org.apache.coyote.AbstractProtocol.init Initializing ProtocolHandler ["http-nio-0.0.0.0-9999"]
15-Mar-2025 15:37:07.846 INFO [main] org.apache.catalina.startup.Catalina.load Server initialization in [391] milliseconds
15-Mar-2025 15:37:07.911 INFO [main] org.apache.catalina.core.StandardService.startInternal Starting service [Catalina]
15-Mar-2025 15:37:07.911 INFO [main] org.apache.catalina.core.StandardEngine.startInternal Starting Servlet engine: [Apache Tomcat/10.1.35]
15-Mar-2025 15:37:07.919 INFO [main] org.apache.catalina.startup.HostConfig.deployDirectory Deploying web application directory [C:\Users\joelb\OneDrive\Desktop\Coding Projects\im2073-project\apache-tomcat-10.1.35\webapps\docs]
15-Mar-2025 15:37:08.491 INFO [main] org.apache.jasper.servlet.TldScanner.scanJars At least one JAR was scanned for TLDs yet contained no TLDs. Enable debug logging for this logger for a complete list of JARs that were scanned but no TLDs were found in them. Skipping unneeded JARs during scanning can improve startup time and JSP compilation time.
15-Mar-2025 15:37:08.556 INFO [main] org.apache.catalina.startup.HostConfig.deployDirectory Deployment of web application directory [C:\Users\joelb\OneDrive\Desktop\Coding Projects\im2073-project\apache-tomcat-10.1.35\webapps\docs] has finished in [633] ms
15-Mar-2025 15:37:08.556 INFO [main] org.apache.catalina.startup.HostConfig.deployDirectory Deploying web application directory [C:\Users\joelb\OneDrive\Desktop\Coding Projects\im2073-project\apache-tomcat-10.1.35\webapps\examples]
15-Mar-2025 15:37:09.169 INFO [main] org.apache.jasper.servlet.TldScanner.scanJars At least one JAR was scanned for TLDs yet contained no TLDs. Enable debug logging for this logger for a complete list of JARs that were scanned but no TLDs were found in them. Skipping unneeded JARs during scanning can improve startup time and JSP compilation time.
15-Mar-2025 15:37:09.229 INFO [main] org.apache.catalina.startup.HostConfig.deployDirectory Deployment of web application directory [C:\Users\joelb\OneDrive\Desktop\Coding Projects\im2073-project\apache-tomcat-10.1.35\webapps\examples] has finished in [673] ms
15-Mar-2025 15:37:09.229 INFO [main] org.apache.catalina.startup.HostConfig.deployDirectory Deploying web application directory [C:\Users\joelb\OneDrive\Desktop\Coding Projects\im2073-project\apache-tomcat-10.1.35\webapps\exotic-coffee]
15-Mar-2025 15:37:09.519 INFO [main] org.apache.jasper.servlet.TldScanner.scanJars At least one JAR was scanned for TLDs yet contained no TLDs. Enable debug logging for this logger for a complete list of JARs that were scanned but no TLDs were found in them. Skipping unneeded JARs during scanning can improve startup time and JSP compilation time.
15-Mar-2025 15:37:09.526 INFO [main] org.apache.catalina.startup.HostConfig.deployDirectory Deployment of web application directory [C:\Users\joelb\OneDrive\Desktop\Coding Projects\im2073-project\apache-tomcat-10.1.35\webapps\exotic-coffee] has finished in [297] ms
15-Mar-2025 15:37:09.526 INFO [main] org.apache.catalina.startup.HostConfig.deployDirectory Deploying web application directory [C:\Users\joelb\OneDrive\Desktop\Coding Projects\im2073-project\apache-tomcat-10.1.35\webapps\host-manager]
15-Mar-2025 15:37:09.814 INFO [main] org.apache.jasper.servlet.TldScanner.scanJars At least one JAR was scanned for TLDs yet contained no TLDs. Enable debug logging for this logger for a complete list of JARs that were scanned but no TLDs were found in them. Skipping unneeded JARs during scanning can improve startup time and JSP compilation time.
15-Mar-2025 15:37:09.823 INFO [main] org.apache.catalina.startup.HostConfig.deployDirectory Deployment of web application directory [C:\Users\joelb\OneDrive\Desktop\Coding Projects\im2073-project\apache-tomcat-10.1.35\webapps\host-manager] has finished in [297] ms
15-Mar-2025 15:37:09.824 INFO [main] org.apache.catalina.startup.HostConfig.deployDirectory Deploying web application directory [C:\Users\joelb\OneDrive\Desktop\Coding Projects\im2073-project\apache-tomcat-10.1.35\webapps\manager]
15-Mar-2025 15:37:10.082 INFO [main] org.apache.jasper.servlet.TldScanner.scanJars At least one JAR was scanned for TLDs yet contained no TLDs. Enable debug logging for this logger for a complete list of JARs that were scanned but no TLDs were found in them. Skipping unneeded JARs during scanning can improve startup time and JSP compilation time.
15-Mar-2025 15:37:10.083 INFO [main] org.apache.catalina.startup.HostConfig.deployDirectory Deployment of web application directory [C:\Users\joelb\OneDrive\Desktop\Coding Projects\im2073-project\apache-tomcat-10.1.35\webapps\manager] has finished in [259] ms
15-Mar-2025 15:37:10.083 INFO [main] org.apache.catalina.startup.HostConfig.deployDirectory Deploying web application directory [C:\Users\joelb\OneDrive\Desktop\Coding Projects\im2073-project\apache-tomcat-10.1.35\webapps\ROOT]
15-Mar-2025 15:37:10.319 INFO [main] org.apache.jasper.servlet.TldScanner.scanJars At least one JAR was scanned for TLDs yet contained no TLDs. Enable debug logging for this logger for a complete list of JARs that were scanned but no TLDs were found in them. Skipping unneeded JARs during scanning can improve startup time and JSP compilation time.
15-Mar-2025 15:37:10.319 INFO [main] org.apache.catalina.startup.HostConfig.deployDirectory Deployment of web application directory [C:\Users\joelb\OneDrive\Desktop\Coding Projects\im2073-project\apache-tomcat-10.1.35\webapps\ROOT] has finished in [236] ms
15-Mar-2025 15:37:10.319 INFO [main] org.apache.coyote.AbstractProtocol.start Starting ProtocolHandler ["http-nio-0.0.0.0-9999"]
15-Mar-2025 15:37:10.344 INFO [main] org.apache.catalina.startup.Catalina.start Server startup in [2495] milliseconds
15-Mar-2025 16:23:34.172 INFO [Thread-1] org.apache.coyote.AbstractProtocol.pause Pausing ProtocolHandler ["http-nio-0.0.0.0-9999"]
15-Mar-2025 16:23:34.176 INFO [Thread-1] org.apache.catalina.core.StandardService.stopInternal Stopping service [Catalina]
15-Mar-2025 16:23:34.197 INFO [Thread-1] org.apache.coyote.AbstractProtocol.stop Stopping ProtocolHandler ["http-nio-0.0.0.0-9999"]
15-Mar-2025 16:23:34.215 INFO [Thread-1] org.apache.coyote.AbstractProtocol.destroy Destroying ProtocolHandler ["http-nio-0.0.0.0-9999"]
15-Mar-2025 16:27:45.646 INFO [main] org.apache.catalina.startup.VersionLoggerListener.log Server version name:   Apache Tomcat/10.1.35
15-Mar-2025 16:27:45.650 INFO [main] org.apache.catalina.startup.VersionLoggerListener.log Server built:          Feb 4 2025 21:16:31 UTC
15-Mar-2025 16:27:45.650 INFO [main] org.apache.catalina.startup.VersionLoggerListener.log Server version number: 10.1.35.0
15-Mar-2025 16:27:45.650 INFO [main] org.apache.catalina.startup.VersionLoggerListener.log OS Name:               Windows 11
15-Mar-2025 16:27:45.650 INFO [main] org.apache.catalina.startup.VersionLoggerListener.log OS Version:            10.0
15-Mar-2025 16:27:45.650 INFO [main] org.apache.catalina.startup.VersionLoggerListener.log Architecture:          amd64
15-Mar-2025 16:27:45.650 INFO [main] org.apache.catalina.startup.VersionLoggerListener.log Java Home:             C:\Program Files\Java\jdk-22
15-Mar-2025 16:27:45.650 INFO [main] org.apache.catalina.startup.VersionLoggerListener.log JVM Version:           22.0.1+8-16
15-Mar-2025 16:27:45.650 INFO [main] org.apache.catalina.startup.VersionLoggerListener.log JVM Vendor:            Oracle Corporation
15-Mar-2025 16:27:45.650 INFO [main] org.apache.catalina.startup.VersionLoggerListener.log CATALINA_BASE:         C:\Users\joelb\OneDrive\Desktop\Coding Projects\im2073-project\apache-tomcat-10.1.35
15-Mar-2025 16:27:45.650 INFO [main] org.apache.catalina.startup.VersionLoggerListener.log CATALINA_HOME:         C:\Users\joelb\OneDrive\Desktop\Coding Projects\im2073-project\apache-tomcat-10.1.35
15-Mar-2025 16:27:45.661 INFO [main] org.apache.catalina.startup.VersionLoggerListener.log Command line argument: -Djava.util.logging.config.file=C:\Users\joelb\OneDrive\Desktop\Coding Projects\im2073-project\apache-tomcat-10.1.35\conf\logging.properties
15-Mar-2025 16:27:45.661 INFO [main] org.apache.catalina.startup.VersionLoggerListener.log Command line argument: -Djava.util.logging.manager=org.apache.juli.ClassLoaderLogManager
15-Mar-2025 16:27:45.661 INFO [main] org.apache.catalina.startup.VersionLoggerListener.log Command line argument: -Djdk.tls.ephemeralDHKeySize=2048
15-Mar-2025 16:27:45.661 INFO [main] org.apache.catalina.startup.VersionLoggerListener.log Command line argument: -Djava.protocol.handler.pkgs=org.apache.catalina.webresources
15-Mar-2025 16:27:45.661 INFO [main] org.apache.catalina.startup.VersionLoggerListener.log Command line argument: -Dsun.io.useCanonCaches=false
15-Mar-2025 16:27:45.664 INFO [main] org.apache.catalina.startup.VersionLoggerListener.log Command line argument: --add-opens=java.base/java.lang=ALL-UNNAMED
15-Mar-2025 16:27:45.664 INFO [main] org.apache.catalina.startup.VersionLoggerListener.log Command line argument: --add-opens=java.base/java.io=ALL-UNNAMED
15-Mar-2025 16:27:45.664 INFO [main] org.apache.catalina.startup.VersionLoggerListener.log Command line argument: --add-opens=java.base/java.util=ALL-UNNAMED
15-Mar-2025 16:27:45.664 INFO [main] org.apache.catalina.startup.VersionLoggerListener.log Command line argument: --add-opens=java.base/java.util.concurrent=ALL-UNNAMED
15-Mar-2025 16:27:45.664 INFO [main] org.apache.catalina.startup.VersionLoggerListener.log Command line argument: --add-opens=java.rmi/sun.rmi.transport=ALL-UNNAMED
15-Mar-2025 16:27:45.664 INFO [main] org.apache.catalina.startup.VersionLoggerListener.log Command line argument: -Dcatalina.base=C:\Users\joelb\OneDrive\Desktop\Coding Projects\im2073-project\apache-tomcat-10.1.35
15-Mar-2025 16:27:45.664 INFO [main] org.apache.catalina.startup.VersionLoggerListener.log Command line argument: -Dcatalina.home=C:\Users\joelb\OneDrive\Desktop\Coding Projects\im2073-project\apache-tomcat-10.1.35
15-Mar-2025 16:27:45.664 INFO [main] org.apache.catalina.startup.VersionLoggerListener.log Command line argument: -Djava.io.tmpdir=C:\Users\joelb\OneDrive\Desktop\Coding Projects\im2073-project\apache-tomcat-10.1.35\temp
15-Mar-2025 16:27:45.671 INFO [main] org.apache.catalina.core.AprLifecycleListener.lifecycleEvent The Apache Tomcat Native library which allows using OpenSSL was not found on the java.library.path: [C:\Program Files\Java\jdk-22\bin;C:\WINDOWS\Sun\Java\bin;C:\WINDOWS\system32;C:\WINDOWS;C:\Program Files\PlasticSCM5\server;C:\Program Files\PlasticSCM5\client;C:\Program Files\Common Files\Oracle\Java\javapath;C:\Program Files (x86)\Common Files\Oracle\Java\javapath;C:\WINDOWS\system32;C:\WINDOWS;C:\WINDOWS\System32\Wbem;C:\WINDOWS\System32\WindowsPowerShell\v1.0\;C:\WINDOWS\System32\OpenSSH\;C:\Program Files\Git\cmd;C:\Program Files\dotnet\;C:\Program Files (x86)\Windows Kits\10\Windows Performance Toolkit\;C:\Program Files\nodejs\;C:\ProgramData\chocolatey\bin;C:\Users\joelb\AppData\Local\Programs\Python\Launcher\;C:\Program Files\MySQL\MySQL Shell 8.0\bin\;C:\Users\joelb\AppData\Local\Microsoft\WindowsApps;C:\Users\joelb\AppData\Local\Programs\Microsoft VS Code\bin;C:\Users\joelb\AppData\Local\Programs\Python\Python312\Scripts;C:\Users\joelb\AppData\Local\GitHubDesktop\bin;C:\Program Files\JetBrains\IntelliJ IDEA 2024.1\bin;C:\MinGW\bin;C:\Users\joelb\.dotnet\tools;C:\Users\joelb\AppData\Roaming\npm;.]
15-Mar-2025 16:27:45.916 INFO [main] org.apache.coyote.AbstractProtocol.init Initializing ProtocolHandler ["http-nio-0.0.0.0-9999"]
15-Mar-2025 16:27:45.945 INFO [main] org.apache.catalina.startup.Catalina.load Server initialization in [466] milliseconds
15-Mar-2025 16:27:46.013 INFO [main] org.apache.catalina.core.StandardService.startInternal Starting service [Catalina]
15-Mar-2025 16:27:46.013 INFO [main] org.apache.catalina.core.StandardEngine.startInternal Starting Servlet engine: [Apache Tomcat/10.1.35]
15-Mar-2025 16:27:46.031 INFO [main] org.apache.catalina.startup.HostConfig.deployDirectory Deploying web application directory [C:\Users\joelb\OneDrive\Desktop\Coding Projects\im2073-project\apache-tomcat-10.1.35\webapps\docs]
15-Mar-2025 16:27:46.850 INFO [main] org.apache.jasper.servlet.TldScanner.scanJars At least one JAR was scanned for TLDs yet contained no TLDs. Enable debug logging for this logger for a complete list of JARs that were scanned but no TLDs were found in them. Skipping unneeded JARs during scanning can improve startup time and JSP compilation time.
15-Mar-2025 16:27:46.921 INFO [main] org.apache.catalina.startup.HostConfig.deployDirectory Deployment of web application directory [C:\Users\joelb\OneDrive\Desktop\Coding Projects\im2073-project\apache-tomcat-10.1.35\webapps\docs] has finished in [890] ms
15-Mar-2025 16:27:46.923 INFO [main] org.apache.catalina.startup.HostConfig.deployDirectory Deploying web application directory [C:\Users\joelb\OneDrive\Desktop\Coding Projects\im2073-project\apache-tomcat-10.1.35\webapps\examples]
15-Mar-2025 16:27:47.751 INFO [main] org.apache.jasper.servlet.TldScanner.scanJars At least one JAR was scanned for TLDs yet contained no TLDs. Enable debug logging for this logger for a complete list of JARs that were scanned but no TLDs were found in them. Skipping unneeded JARs during scanning can improve startup time and JSP compilation time.
15-Mar-2025 16:27:47.831 INFO [main] org.apache.catalina.startup.HostConfig.deployDirectory Deployment of web application directory [C:\Users\joelb\OneDrive\Desktop\Coding Projects\im2073-project\apache-tomcat-10.1.35\webapps\examples] has finished in [908] ms
15-Mar-2025 16:27:47.831 INFO [main] org.apache.catalina.startup.HostConfig.deployDirectory Deploying web application directory [C:\Users\joelb\OneDrive\Desktop\Coding Projects\im2073-project\apache-tomcat-10.1.35\webapps\exotic-coffee]
15-Mar-2025 16:27:48.270 INFO [main] org.apache.jasper.servlet.TldScanner.scanJars At least one JAR was scanned for TLDs yet contained no TLDs. Enable debug logging for this logger for a complete list of JARs that were scanned but no TLDs were found in them. Skipping unneeded JARs during scanning can improve startup time and JSP compilation time.
15-Mar-2025 16:27:48.283 INFO [main] org.apache.catalina.startup.HostConfig.deployDirectory Deployment of web application directory [C:\Users\joelb\OneDrive\Desktop\Coding Projects\im2073-project\apache-tomcat-10.1.35\webapps\exotic-coffee] has finished in [452] ms
15-Mar-2025 16:27:48.283 INFO [main] org.apache.catalina.startup.HostConfig.deployDirectory Deploying web application directory [C:\Users\joelb\OneDrive\Desktop\Coding Projects\im2073-project\apache-tomcat-10.1.35\webapps\host-manager]
15-Mar-2025 16:27:48.672 INFO [main] org.apache.jasper.servlet.TldScanner.scanJars At least one JAR was scanned for TLDs yet contained no TLDs. Enable debug logging for this logger for a complete list of JARs that were scanned but no TLDs were found in them. Skipping unneeded JARs during scanning can improve startup time and JSP compilation time.
15-Mar-2025 16:27:48.681 INFO [main] org.apache.catalina.startup.HostConfig.deployDirectory Deployment of web application directory [C:\Users\joelb\OneDrive\Desktop\Coding Projects\im2073-project\apache-tomcat-10.1.35\webapps\host-manager] has finished in [398] ms
15-Mar-2025 16:27:48.681 INFO [main] org.apache.catalina.startup.HostConfig.deployDirectory Deploying web application directory [C:\Users\joelb\OneDrive\Desktop\Coding Projects\im2073-project\apache-tomcat-10.1.35\webapps\manager]
15-Mar-2025 16:27:49.033 INFO [main] org.apache.jasper.servlet.TldScanner.scanJars At least one JAR was scanned for TLDs yet contained no TLDs. Enable debug logging for this logger for a complete list of JARs that were scanned but no TLDs were found in them. Skipping unneeded JARs during scanning can improve startup time and JSP compilation time.
15-Mar-2025 16:27:49.040 INFO [main] org.apache.catalina.startup.HostConfig.deployDirectory Deployment of web application directory [C:\Users\joelb\OneDrive\Desktop\Coding Projects\im2073-project\apache-tomcat-10.1.35\webapps\manager] has finished in [359] ms
15-Mar-2025 16:27:49.040 INFO [main] org.apache.catalina.startup.HostConfig.deployDirectory Deploying web application directory [C:\Users\joelb\OneDrive\Desktop\Coding Projects\im2073-project\apache-tomcat-10.1.35\webapps\ROOT]
15-Mar-2025 16:27:49.353 INFO [main] org.apache.jasper.servlet.TldScanner.scanJars At least one JAR was scanned for TLDs yet contained no TLDs. Enable debug logging for this logger for a complete list of JARs that were scanned but no TLDs were found in them. Skipping unneeded JARs during scanning can improve startup time and JSP compilation time.
15-Mar-2025 16:27:49.358 INFO [main] org.apache.catalina.startup.HostConfig.deployDirectory Deployment of web application directory [C:\Users\joelb\OneDrive\Desktop\Coding Projects\im2073-project\apache-tomcat-10.1.35\webapps\ROOT] has finished in [318] ms
15-Mar-2025 16:27:49.361 INFO [main] org.apache.coyote.AbstractProtocol.start Starting ProtocolHandler ["http-nio-0.0.0.0-9999"]
15-Mar-2025 16:27:49.385 INFO [main] org.apache.catalina.startup.Catalina.start Server startup in [3439] milliseconds
