13-Mar-2025 10:35:33.122 INFO [main] org.apache.catalina.startup.VersionLoggerListener.log Server version name:   Apache Tomcat/10.1.35
13-Mar-2025 10:35:33.138 INFO [main] org.apache.catalina.startup.VersionLoggerListener.log Server built:          Feb 4 2025 21:16:31 UTC
13-Mar-2025 10:35:33.138 INFO [main] org.apache.catalina.startup.VersionLoggerListener.log Server version number: 10.1.35.0
13-Mar-2025 10:35:33.138 INFO [main] org.apache.catalina.startup.VersionLoggerListener.log OS Name:               Windows 11
13-Mar-2025 10:35:33.138 INFO [main] org.apache.catalina.startup.VersionLoggerListener.log OS Version:            10.0
13-Mar-2025 10:35:33.138 INFO [main] org.apache.catalina.startup.VersionLoggerListener.log Architecture:          amd64
13-Mar-2025 10:35:33.138 INFO [main] org.apache.catalina.startup.VersionLoggerListener.log Java Home:             C:\Program Files\Java\jdk-22
13-Mar-2025 10:35:33.138 INFO [main] org.apache.catalina.startup.VersionLoggerListener.log JVM Version:           22.0.1+8-16
13-Mar-2025 10:35:33.138 INFO [main] org.apache.catalina.startup.VersionLoggerListener.log JVM Vendor:            Oracle Corporation
13-Mar-2025 10:35:33.138 INFO [main] org.apache.catalina.startup.VersionLoggerListener.log CATALINA_BASE:         C:\Users\joelb\OneDrive\Desktop\Coding Projects\im2073-project\apache-tomcat-10.1.35
13-Mar-2025 10:35:33.138 INFO [main] org.apache.catalina.startup.VersionLoggerListener.log CATALINA_HOME:         C:\Users\joelb\OneDrive\Desktop\Coding Projects\im2073-project\apache-tomcat-10.1.35
13-Mar-2025 10:35:33.146 INFO [main] org.apache.catalina.startup.VersionLoggerListener.log Command line argument: -Djava.util.logging.config.file=C:\Users\joelb\OneDrive\Desktop\Coding Projects\im2073-project\apache-tomcat-10.1.35\conf\logging.properties
13-Mar-2025 10:35:33.146 INFO [main] org.apache.catalina.startup.VersionLoggerListener.log Command line argument: -Djava.util.logging.manager=org.apache.juli.ClassLoaderLogManager
13-Mar-2025 10:35:33.146 INFO [main] org.apache.catalina.startup.VersionLoggerListener.log Command line argument: -Djdk.tls.ephemeralDHKeySize=2048
13-Mar-2025 10:35:33.146 INFO [main] org.apache.catalina.startup.VersionLoggerListener.log Command line argument: -Djava.protocol.handler.pkgs=org.apache.catalina.webresources
13-Mar-2025 10:35:33.146 INFO [main] org.apache.catalina.startup.VersionLoggerListener.log Command line argument: -Dsun.io.useCanonCaches=false
13-Mar-2025 10:35:33.146 INFO [main] org.apache.catalina.startup.VersionLoggerListener.log Command line argument: --add-opens=java.base/java.lang=ALL-UNNAMED
13-Mar-2025 10:35:33.146 INFO [main] org.apache.catalina.startup.VersionLoggerListener.log Command line argument: --add-opens=java.base/java.io=ALL-UNNAMED
13-Mar-2025 10:35:33.146 INFO [main] org.apache.catalina.startup.VersionLoggerListener.log Command line argument: --add-opens=java.base/java.util=ALL-UNNAMED
13-Mar-2025 10:35:33.151 INFO [main] org.apache.catalina.startup.VersionLoggerListener.log Command line argument: --add-opens=java.base/java.util.concurrent=ALL-UNNAMED
13-Mar-2025 10:35:33.151 INFO [main] org.apache.catalina.startup.VersionLoggerListener.log Command line argument: --add-opens=java.rmi/sun.rmi.transport=ALL-UNNAMED
13-Mar-2025 10:35:33.151 INFO [main] org.apache.catalina.startup.VersionLoggerListener.log Command line argument: -Dcatalina.base=C:\Users\joelb\OneDrive\Desktop\Coding Projects\im2073-project\apache-tomcat-10.1.35
13-Mar-2025 10:35:33.151 INFO [main] org.apache.catalina.startup.VersionLoggerListener.log Command line argument: -Dcatalina.home=C:\Users\joelb\OneDrive\Desktop\Coding Projects\im2073-project\apache-tomcat-10.1.35
13-Mar-2025 10:35:33.151 INFO [main] org.apache.catalina.startup.VersionLoggerListener.log Command line argument: -Djava.io.tmpdir=C:\Users\joelb\OneDrive\Desktop\Coding Projects\im2073-project\apache-tomcat-10.1.35\temp
13-Mar-2025 10:35:33.157 INFO [main] org.apache.catalina.core.AprLifecycleListener.lifecycleEvent The Apache Tomcat Native library which allows using OpenSSL was not found on the java.library.path: [C:\Program Files\Java\jdk-22\bin;C:\WINDOWS\Sun\Java\bin;C:\WINDOWS\system32;C:\WINDOWS;C:\Program Files\PlasticSCM5\server;C:\Program Files\PlasticSCM5\client;C:\Program Files\Common Files\Oracle\Java\javapath;C:\Program Files (x86)\Common Files\Oracle\Java\javapath;C:\WINDOWS\system32;C:\WINDOWS;C:\WINDOWS\System32\Wbem;C:\WINDOWS\System32\WindowsPowerShell\v1.0\;C:\WINDOWS\System32\OpenSSH\;C:\Program Files\Git\cmd;C:\Program Files\dotnet\;C:\Program Files (x86)\Windows Kits\10\Windows Performance Toolkit\;C:\Program Files\nodejs\;C:\ProgramData\chocolatey\bin;C:\Users\joelb\AppData\Local\Programs\Python\Launcher\;C:\Program Files\MySQL\MySQL Shell 8.0\bin\;C:\Users\joelb\AppData\Local\Microsoft\WindowsApps;C:\Users\joelb\AppData\Local\Programs\Microsoft VS Code\bin;C:\Users\joelb\AppData\Local\Programs\Python\Python312\Scripts;C:\Users\joelb\AppData\Local\GitHubDesktop\bin;C:\Program Files\JetBrains\IntelliJ IDEA 2024.1\bin;C:\MinGW\bin;C:\Users\joelb\.dotnet\tools;C:\Users\joelb\AppData\Roaming\npm;.]
13-Mar-2025 10:35:33.359 INFO [main] org.apache.coyote.AbstractProtocol.init Initializing ProtocolHandler ["http-nio-0.0.0.0-9999"]
13-Mar-2025 10:35:33.386 INFO [main] org.apache.catalina.startup.Catalina.load Server initialization in [400] milliseconds
13-Mar-2025 10:35:33.444 INFO [main] org.apache.catalina.core.StandardService.startInternal Starting service [Catalina]
13-Mar-2025 10:35:33.444 INFO [main] org.apache.catalina.core.StandardEngine.startInternal Starting Servlet engine: [Apache Tomcat/10.1.35]
13-Mar-2025 10:35:33.455 INFO [main] org.apache.catalina.startup.HostConfig.deployDirectory Deploying web application directory [C:\Users\joelb\OneDrive\Desktop\Coding Projects\im2073-project\apache-tomcat-10.1.35\webapps\docs]
13-Mar-2025 10:35:34.162 INFO [main] org.apache.jasper.servlet.TldScanner.scanJars At least one JAR was scanned for TLDs yet contained no TLDs. Enable debug logging for this logger for a complete list of JARs that were scanned but no TLDs were found in them. Skipping unneeded JARs during scanning can improve startup time and JSP compilation time.
13-Mar-2025 10:35:34.227 INFO [main] org.apache.catalina.startup.HostConfig.deployDirectory Deployment of web application directory [C:\Users\joelb\OneDrive\Desktop\Coding Projects\im2073-project\apache-tomcat-10.1.35\webapps\docs] has finished in [772] ms
13-Mar-2025 10:35:34.243 INFO [main] org.apache.catalina.startup.HostConfig.deployDirectory Deploying web application directory [C:\Users\joelb\OneDrive\Desktop\Coding Projects\im2073-project\apache-tomcat-10.1.35\webapps\examples]
13-Mar-2025 10:35:35.082 INFO [main] org.apache.jasper.servlet.TldScanner.scanJars At least one JAR was scanned for TLDs yet contained no TLDs. Enable debug logging for this logger for a complete list of JARs that were scanned but no TLDs were found in them. Skipping unneeded JARs during scanning can improve startup time and JSP compilation time.
13-Mar-2025 10:35:35.139 INFO [main] org.apache.catalina.startup.HostConfig.deployDirectory Deployment of web application directory [C:\Users\joelb\OneDrive\Desktop\Coding Projects\im2073-project\apache-tomcat-10.1.35\webapps\examples] has finished in [896] ms
13-Mar-2025 10:35:35.139 INFO [main] org.apache.catalina.startup.HostConfig.deployDirectory Deploying web application directory [C:\Users\joelb\OneDrive\Desktop\Coding Projects\im2073-project\apache-tomcat-10.1.35\webapps\exotic-coffee]
13-Mar-2025 10:35:35.391 INFO [main] org.apache.jasper.servlet.TldScanner.scanJars At least one JAR was scanned for TLDs yet contained no TLDs. Enable debug logging for this logger for a complete list of JARs that were scanned but no TLDs were found in them. Skipping unneeded JARs during scanning can improve startup time and JSP compilation time.
13-Mar-2025 10:35:35.391 INFO [main] org.apache.catalina.startup.HostConfig.deployDirectory Deployment of web application directory [C:\Users\joelb\OneDrive\Desktop\Coding Projects\im2073-project\apache-tomcat-10.1.35\webapps\exotic-coffee] has finished in [252] ms
13-Mar-2025 10:35:35.391 INFO [main] org.apache.catalina.startup.HostConfig.deployDirectory Deploying web application directory [C:\Users\joelb\OneDrive\Desktop\Coding Projects\im2073-project\apache-tomcat-10.1.35\webapps\host-manager]
13-Mar-2025 10:35:35.640 INFO [main] org.apache.jasper.servlet.TldScanner.scanJars At least one JAR was scanned for TLDs yet contained no TLDs. Enable debug logging for this logger for a complete list of JARs that were scanned but no TLDs were found in them. Skipping unneeded JARs during scanning can improve startup time and JSP compilation time.
13-Mar-2025 10:35:35.642 INFO [main] org.apache.catalina.startup.HostConfig.deployDirectory Deployment of web application directory [C:\Users\joelb\OneDrive\Desktop\Coding Projects\im2073-project\apache-tomcat-10.1.35\webapps\host-manager] has finished in [251] ms
13-Mar-2025 10:35:35.650 INFO [main] org.apache.catalina.startup.HostConfig.deployDirectory Deploying web application directory [C:\Users\joelb\OneDrive\Desktop\Coding Projects\im2073-project\apache-tomcat-10.1.35\webapps\manager]
13-Mar-2025 10:35:35.896 INFO [main] org.apache.jasper.servlet.TldScanner.scanJars At least one JAR was scanned for TLDs yet contained no TLDs. Enable debug logging for this logger for a complete list of JARs that were scanned but no TLDs were found in them. Skipping unneeded JARs during scanning can improve startup time and JSP compilation time.
13-Mar-2025 10:35:35.896 INFO [main] org.apache.catalina.startup.HostConfig.deployDirectory Deployment of web application directory [C:\Users\joelb\OneDrive\Desktop\Coding Projects\im2073-project\apache-tomcat-10.1.35\webapps\manager] has finished in [246] ms
13-Mar-2025 10:35:35.896 INFO [main] org.apache.catalina.startup.HostConfig.deployDirectory Deploying web application directory [C:\Users\joelb\OneDrive\Desktop\Coding Projects\im2073-project\apache-tomcat-10.1.35\webapps\ROOT]
13-Mar-2025 10:35:36.132 INFO [main] org.apache.jasper.servlet.TldScanner.scanJars At least one JAR was scanned for TLDs yet contained no TLDs. Enable debug logging for this logger for a complete list of JARs that were scanned but no TLDs were found in them. Skipping unneeded JARs during scanning can improve startup time and JSP compilation time.
13-Mar-2025 10:35:36.136 INFO [main] org.apache.catalina.startup.HostConfig.deployDirectory Deployment of web application directory [C:\Users\joelb\OneDrive\Desktop\Coding Projects\im2073-project\apache-tomcat-10.1.35\webapps\ROOT] has finished in [236] ms
13-Mar-2025 10:35:36.136 INFO [main] org.apache.coyote.AbstractProtocol.start Starting ProtocolHandler ["http-nio-0.0.0.0-9999"]
13-Mar-2025 10:35:36.179 INFO [main] org.apache.catalina.startup.Catalina.start Server startup in [2790] milliseconds
13-Mar-2025 11:45:51.078 INFO [Thread-1] org.apache.coyote.AbstractProtocol.pause Pausing ProtocolHandler ["http-nio-0.0.0.0-9999"]
13-Mar-2025 11:45:51.086 INFO [Thread-1] org.apache.catalina.core.StandardService.stopInternal Stopping service [Catalina]
13-Mar-2025 11:45:51.136 INFO [Thread-1] org.apache.coyote.AbstractProtocol.stop Stopping ProtocolHandler ["http-nio-0.0.0.0-9999"]
13-Mar-2025 11:45:51.157 INFO [Thread-1] org.apache.coyote.AbstractProtocol.destroy Destroying ProtocolHandler ["http-nio-0.0.0.0-9999"]
13-Mar-2025 11:45:54.052 INFO [main] org.apache.catalina.startup.VersionLoggerListener.log Server version name:   Apache Tomcat/10.1.35
13-Mar-2025 11:45:54.052 INFO [main] org.apache.catalina.startup.VersionLoggerListener.log Server built:          Feb 4 2025 21:16:31 UTC
13-Mar-2025 11:45:54.052 INFO [main] org.apache.catalina.startup.VersionLoggerListener.log Server version number: 10.1.35.0
13-Mar-2025 11:45:54.052 INFO [main] org.apache.catalina.startup.VersionLoggerListener.log OS Name:               Windows 11
13-Mar-2025 11:45:54.052 INFO [main] org.apache.catalina.startup.VersionLoggerListener.log OS Version:            10.0
13-Mar-2025 11:45:54.052 INFO [main] org.apache.catalina.startup.VersionLoggerListener.log Architecture:          amd64
13-Mar-2025 11:45:54.052 INFO [main] org.apache.catalina.startup.VersionLoggerListener.log Java Home:             C:\Program Files\Java\jdk-22
13-Mar-2025 11:45:54.052 INFO [main] org.apache.catalina.startup.VersionLoggerListener.log JVM Version:           22.0.1+8-16
13-Mar-2025 11:45:54.052 INFO [main] org.apache.catalina.startup.VersionLoggerListener.log JVM Vendor:            Oracle Corporation
13-Mar-2025 11:45:54.052 INFO [main] org.apache.catalina.startup.VersionLoggerListener.log CATALINA_BASE:         C:\Users\joelb\OneDrive\Desktop\Coding Projects\im2073-project\apache-tomcat-10.1.35
13-Mar-2025 11:45:54.068 INFO [main] org.apache.catalina.startup.VersionLoggerListener.log CATALINA_HOME:         C:\Users\joelb\OneDrive\Desktop\Coding Projects\im2073-project\apache-tomcat-10.1.35
13-Mar-2025 11:45:54.079 INFO [main] org.apache.catalina.startup.VersionLoggerListener.log Command line argument: -Djava.util.logging.config.file=C:\Users\joelb\OneDrive\Desktop\Coding Projects\im2073-project\apache-tomcat-10.1.35\conf\logging.properties
13-Mar-2025 11:45:54.080 INFO [main] org.apache.catalina.startup.VersionLoggerListener.log Command line argument: -Djava.util.logging.manager=org.apache.juli.ClassLoaderLogManager
13-Mar-2025 11:45:54.080 INFO [main] org.apache.catalina.startup.VersionLoggerListener.log Command line argument: -Djdk.tls.ephemeralDHKeySize=2048
13-Mar-2025 11:45:54.080 INFO [main] org.apache.catalina.startup.VersionLoggerListener.log Command line argument: -Djava.protocol.handler.pkgs=org.apache.catalina.webresources
13-Mar-2025 11:45:54.080 INFO [main] org.apache.catalina.startup.VersionLoggerListener.log Command line argument: -Dsun.io.useCanonCaches=false
13-Mar-2025 11:45:54.080 INFO [main] org.apache.catalina.startup.VersionLoggerListener.log Command line argument: --add-opens=java.base/java.lang=ALL-UNNAMED
13-Mar-2025 11:45:54.081 INFO [main] org.apache.catalina.startup.VersionLoggerListener.log Command line argument: --add-opens=java.base/java.io=ALL-UNNAMED
13-Mar-2025 11:45:54.081 INFO [main] org.apache.catalina.startup.VersionLoggerListener.log Command line argument: --add-opens=java.base/java.util=ALL-UNNAMED
13-Mar-2025 11:45:54.081 INFO [main] org.apache.catalina.startup.VersionLoggerListener.log Command line argument: --add-opens=java.base/java.util.concurrent=ALL-UNNAMED
13-Mar-2025 11:45:54.081 INFO [main] org.apache.catalina.startup.VersionLoggerListener.log Command line argument: --add-opens=java.rmi/sun.rmi.transport=ALL-UNNAMED
13-Mar-2025 11:45:54.082 INFO [main] org.apache.catalina.startup.VersionLoggerListener.log Command line argument: -Dcatalina.base=C:\Users\joelb\OneDrive\Desktop\Coding Projects\im2073-project\apache-tomcat-10.1.35
13-Mar-2025 11:45:54.082 INFO [main] org.apache.catalina.startup.VersionLoggerListener.log Command line argument: -Dcatalina.home=C:\Users\joelb\OneDrive\Desktop\Coding Projects\im2073-project\apache-tomcat-10.1.35
13-Mar-2025 11:45:54.082 INFO [main] org.apache.catalina.startup.VersionLoggerListener.log Command line argument: -Djava.io.tmpdir=C:\Users\joelb\OneDrive\Desktop\Coding Projects\im2073-project\apache-tomcat-10.1.35\temp
13-Mar-2025 11:45:54.087 INFO [main] org.apache.catalina.core.AprLifecycleListener.lifecycleEvent The Apache Tomcat Native library which allows using OpenSSL was not found on the java.library.path: [C:\Program Files\Java\jdk-22\bin;C:\WINDOWS\Sun\Java\bin;C:\WINDOWS\system32;C:\WINDOWS;C:\Program Files\PlasticSCM5\server;C:\Program Files\PlasticSCM5\client;C:\Program Files\Common Files\Oracle\Java\javapath;C:\Program Files (x86)\Common Files\Oracle\Java\javapath;C:\WINDOWS\system32;C:\WINDOWS;C:\WINDOWS\System32\Wbem;C:\WINDOWS\System32\WindowsPowerShell\v1.0\;C:\WINDOWS\System32\OpenSSH\;C:\Program Files\Git\cmd;C:\Program Files\dotnet\;C:\Program Files (x86)\Windows Kits\10\Windows Performance Toolkit\;C:\Program Files\nodejs\;C:\ProgramData\chocolatey\bin;C:\Users\joelb\AppData\Local\Programs\Python\Launcher\;C:\Program Files\MySQL\MySQL Shell 8.0\bin\;C:\Users\joelb\AppData\Local\Microsoft\WindowsApps;C:\Users\joelb\AppData\Local\Programs\Microsoft VS Code\bin;C:\Users\joelb\AppData\Local\Programs\Python\Python312\Scripts;C:\Users\joelb\AppData\Local\GitHubDesktop\bin;C:\Program Files\JetBrains\IntelliJ IDEA 2024.1\bin;C:\MinGW\bin;C:\Users\joelb\.dotnet\tools;C:\Users\joelb\AppData\Roaming\npm;.]
13-Mar-2025 11:45:54.362 INFO [main] org.apache.coyote.AbstractProtocol.init Initializing ProtocolHandler ["http-nio-0.0.0.0-9999"]
13-Mar-2025 11:45:54.385 INFO [main] org.apache.catalina.startup.Catalina.load Server initialization in [534] milliseconds
13-Mar-2025 11:45:54.417 INFO [main] org.apache.catalina.core.StandardService.startInternal Starting service [Catalina]
13-Mar-2025 11:45:54.417 INFO [main] org.apache.catalina.core.StandardEngine.startInternal Starting Servlet engine: [Apache Tomcat/10.1.35]
13-Mar-2025 11:45:54.434 INFO [main] org.apache.catalina.startup.HostConfig.deployDirectory Deploying web application directory [C:\Users\joelb\OneDrive\Desktop\Coding Projects\im2073-project\apache-tomcat-10.1.35\webapps\docs]
13-Mar-2025 11:45:55.184 INFO [main] org.apache.jasper.servlet.TldScanner.scanJars At least one JAR was scanned for TLDs yet contained no TLDs. Enable debug logging for this logger for a complete list of JARs that were scanned but no TLDs were found in them. Skipping unneeded JARs during scanning can improve startup time and JSP compilation time.
13-Mar-2025 11:45:55.234 INFO [main] org.apache.catalina.startup.HostConfig.deployDirectory Deployment of web application directory [C:\Users\joelb\OneDrive\Desktop\Coding Projects\im2073-project\apache-tomcat-10.1.35\webapps\docs] has finished in [800] ms
13-Mar-2025 11:45:55.246 INFO [main] org.apache.catalina.startup.HostConfig.deployDirectory Deploying web application directory [C:\Users\joelb\OneDrive\Desktop\Coding Projects\im2073-project\apache-tomcat-10.1.35\webapps\examples]
13-Mar-2025 11:45:55.925 INFO [main] org.apache.jasper.servlet.TldScanner.scanJars At least one JAR was scanned for TLDs yet contained no TLDs. Enable debug logging for this logger for a complete list of JARs that were scanned but no TLDs were found in them. Skipping unneeded JARs during scanning can improve startup time and JSP compilation time.
13-Mar-2025 11:45:56.005 INFO [main] org.apache.catalina.startup.HostConfig.deployDirectory Deployment of web application directory [C:\Users\joelb\OneDrive\Desktop\Coding Projects\im2073-project\apache-tomcat-10.1.35\webapps\examples] has finished in [771] ms
13-Mar-2025 11:45:56.005 INFO [main] org.apache.catalina.startup.HostConfig.deployDirectory Deploying web application directory [C:\Users\joelb\OneDrive\Desktop\Coding Projects\im2073-project\apache-tomcat-10.1.35\webapps\exotic-coffee]
13-Mar-2025 11:45:56.349 INFO [main] org.apache.jasper.servlet.TldScanner.scanJars At least one JAR was scanned for TLDs yet contained no TLDs. Enable debug logging for this logger for a complete list of JARs that were scanned but no TLDs were found in them. Skipping unneeded JARs during scanning can improve startup time and JSP compilation time.
13-Mar-2025 11:45:56.372 INFO [main] org.apache.catalina.startup.HostConfig.deployDirectory Deployment of web application directory [C:\Users\joelb\OneDrive\Desktop\Coding Projects\im2073-project\apache-tomcat-10.1.35\webapps\exotic-coffee] has finished in [367] ms
13-Mar-2025 11:45:56.372 INFO [main] org.apache.catalina.startup.HostConfig.deployDirectory Deploying web application directory [C:\Users\joelb\OneDrive\Desktop\Coding Projects\im2073-project\apache-tomcat-10.1.35\webapps\host-manager]
13-Mar-2025 11:45:56.638 INFO [main] org.apache.jasper.servlet.TldScanner.scanJars At least one JAR was scanned for TLDs yet contained no TLDs. Enable debug logging for this logger for a complete list of JARs that were scanned but no TLDs were found in them. Skipping unneeded JARs during scanning can improve startup time and JSP compilation time.
13-Mar-2025 11:45:56.654 INFO [main] org.apache.catalina.startup.HostConfig.deployDirectory Deployment of web application directory [C:\Users\joelb\OneDrive\Desktop\Coding Projects\im2073-project\apache-tomcat-10.1.35\webapps\host-manager] has finished in [282] ms
13-Mar-2025 11:45:56.654 INFO [main] org.apache.catalina.startup.HostConfig.deployDirectory Deploying web application directory [C:\Users\joelb\OneDrive\Desktop\Coding Projects\im2073-project\apache-tomcat-10.1.35\webapps\manager]
13-Mar-2025 11:45:56.891 INFO [main] org.apache.jasper.servlet.TldScanner.scanJars At least one JAR was scanned for TLDs yet contained no TLDs. Enable debug logging for this logger for a complete list of JARs that were scanned but no TLDs were found in them. Skipping unneeded JARs during scanning can improve startup time and JSP compilation time.
13-Mar-2025 11:45:56.901 INFO [main] org.apache.catalina.startup.HostConfig.deployDirectory Deployment of web application directory [C:\Users\joelb\OneDrive\Desktop\Coding Projects\im2073-project\apache-tomcat-10.1.35\webapps\manager] has finished in [247] ms
13-Mar-2025 11:45:56.901 INFO [main] org.apache.catalina.startup.HostConfig.deployDirectory Deploying web application directory [C:\Users\joelb\OneDrive\Desktop\Coding Projects\im2073-project\apache-tomcat-10.1.35\webapps\ROOT]
13-Mar-2025 11:45:57.132 INFO [main] org.apache.jasper.servlet.TldScanner.scanJars At least one JAR was scanned for TLDs yet contained no TLDs. Enable debug logging for this logger for a complete list of JARs that were scanned but no TLDs were found in them. Skipping unneeded JARs during scanning can improve startup time and JSP compilation time.
13-Mar-2025 11:45:57.140 INFO [main] org.apache.catalina.startup.HostConfig.deployDirectory Deployment of web application directory [C:\Users\joelb\OneDrive\Desktop\Coding Projects\im2073-project\apache-tomcat-10.1.35\webapps\ROOT] has finished in [238] ms
13-Mar-2025 11:45:57.142 INFO [main] org.apache.coyote.AbstractProtocol.start Starting ProtocolHandler ["http-nio-0.0.0.0-9999"]
13-Mar-2025 11:45:57.161 INFO [main] org.apache.catalina.startup.Catalina.start Server startup in [2769] milliseconds
13-Mar-2025 11:46:07.150 INFO [Catalina-utility-2] org.apache.catalina.core.StandardContext.reload Reloading Context with name [/exotic-coffee] has started
13-Mar-2025 11:46:07.445 INFO [Catalina-utility-2] org.apache.jasper.servlet.TldScanner.scanJars At least one JAR was scanned for TLDs yet contained no TLDs. Enable debug logging for this logger for a complete list of JARs that were scanned but no TLDs were found in them. Skipping unneeded JARs during scanning can improve startup time and JSP compilation time.
13-Mar-2025 11:46:07.453 INFO [Catalina-utility-2] org.apache.catalina.core.StandardContext.reload Reloading Context with name [/exotic-coffee] is completed
13-Mar-2025 11:46:10.474 INFO [Thread-1] org.apache.coyote.AbstractProtocol.pause Pausing ProtocolHandler ["http-nio-0.0.0.0-9999"]
13-Mar-2025 11:46:10.487 INFO [Thread-1] org.apache.catalina.core.StandardService.stopInternal Stopping service [Catalina]
13-Mar-2025 11:46:10.517 INFO [Thread-1] org.apache.coyote.AbstractProtocol.stop Stopping ProtocolHandler ["http-nio-0.0.0.0-9999"]
13-Mar-2025 11:46:10.549 INFO [Thread-1] org.apache.coyote.AbstractProtocol.destroy Destroying ProtocolHandler ["http-nio-0.0.0.0-9999"]
13-Mar-2025 11:46:21.352 INFO [main] org.apache.catalina.startup.VersionLoggerListener.log Server version name:   Apache Tomcat/10.1.35
13-Mar-2025 11:46:21.352 INFO [main] org.apache.catalina.startup.VersionLoggerListener.log Server built:          Feb 4 2025 21:16:31 UTC
13-Mar-2025 11:46:21.352 INFO [main] org.apache.catalina.startup.VersionLoggerListener.log Server version number: 10.1.35.0
13-Mar-2025 11:46:21.352 INFO [main] org.apache.catalina.startup.VersionLoggerListener.log OS Name:               Windows 11
13-Mar-2025 11:46:21.352 INFO [main] org.apache.catalina.startup.VersionLoggerListener.log OS Version:            10.0
13-Mar-2025 11:46:21.352 INFO [main] org.apache.catalina.startup.VersionLoggerListener.log Architecture:          amd64
13-Mar-2025 11:46:21.352 INFO [main] org.apache.catalina.startup.VersionLoggerListener.log Java Home:             C:\Program Files\Java\jdk-22
13-Mar-2025 11:46:21.352 INFO [main] org.apache.catalina.startup.VersionLoggerListener.log JVM Version:           22.0.1+8-16
13-Mar-2025 11:46:21.352 INFO [main] org.apache.catalina.startup.VersionLoggerListener.log JVM Vendor:            Oracle Corporation
13-Mar-2025 11:46:21.352 INFO [main] org.apache.catalina.startup.VersionLoggerListener.log CATALINA_BASE:         C:\Users\joelb\OneDrive\Desktop\Coding Projects\im2073-project\apache-tomcat-10.1.35
13-Mar-2025 11:46:21.352 INFO [main] org.apache.catalina.startup.VersionLoggerListener.log CATALINA_HOME:         C:\Users\joelb\OneDrive\Desktop\Coding Projects\im2073-project\apache-tomcat-10.1.35
13-Mar-2025 11:46:21.373 INFO [main] org.apache.catalina.startup.VersionLoggerListener.log Command line argument: -Djava.util.logging.config.file=C:\Users\joelb\OneDrive\Desktop\Coding Projects\im2073-project\apache-tomcat-10.1.35\conf\logging.properties
13-Mar-2025 11:46:21.373 INFO [main] org.apache.catalina.startup.VersionLoggerListener.log Command line argument: -Djava.util.logging.manager=org.apache.juli.ClassLoaderLogManager
13-Mar-2025 11:46:21.373 INFO [main] org.apache.catalina.startup.VersionLoggerListener.log Command line argument: -Djdk.tls.ephemeralDHKeySize=2048
13-Mar-2025 11:46:21.373 INFO [main] org.apache.catalina.startup.VersionLoggerListener.log Command line argument: -Djava.protocol.handler.pkgs=org.apache.catalina.webresources
13-Mar-2025 11:46:21.373 INFO [main] org.apache.catalina.startup.VersionLoggerListener.log Command line argument: -Dsun.io.useCanonCaches=false
13-Mar-2025 11:46:21.373 INFO [main] org.apache.catalina.startup.VersionLoggerListener.log Command line argument: --add-opens=java.base/java.lang=ALL-UNNAMED
13-Mar-2025 11:46:21.373 INFO [main] org.apache.catalina.startup.VersionLoggerListener.log Command line argument: --add-opens=java.base/java.io=ALL-UNNAMED
13-Mar-2025 11:46:21.373 INFO [main] org.apache.catalina.startup.VersionLoggerListener.log Command line argument: --add-opens=java.base/java.util=ALL-UNNAMED
13-Mar-2025 11:46:21.373 INFO [main] org.apache.catalina.startup.VersionLoggerListener.log Command line argument: --add-opens=java.base/java.util.concurrent=ALL-UNNAMED
13-Mar-2025 11:46:21.373 INFO [main] org.apache.catalina.startup.VersionLoggerListener.log Command line argument: --add-opens=java.rmi/sun.rmi.transport=ALL-UNNAMED
13-Mar-2025 11:46:21.373 INFO [main] org.apache.catalina.startup.VersionLoggerListener.log Command line argument: -Dcatalina.base=C:\Users\joelb\OneDrive\Desktop\Coding Projects\im2073-project\apache-tomcat-10.1.35
13-Mar-2025 11:46:21.373 INFO [main] org.apache.catalina.startup.VersionLoggerListener.log Command line argument: -Dcatalina.home=C:\Users\joelb\OneDrive\Desktop\Coding Projects\im2073-project\apache-tomcat-10.1.35
13-Mar-2025 11:46:21.373 INFO [main] org.apache.catalina.startup.VersionLoggerListener.log Command line argument: -Djava.io.tmpdir=C:\Users\joelb\OneDrive\Desktop\Coding Projects\im2073-project\apache-tomcat-10.1.35\temp
13-Mar-2025 11:46:21.380 INFO [main] org.apache.catalina.core.AprLifecycleListener.lifecycleEvent The Apache Tomcat Native library which allows using OpenSSL was not found on the java.library.path: [C:\Program Files\Java\jdk-22\bin;C:\WINDOWS\Sun\Java\bin;C:\WINDOWS\system32;C:\WINDOWS;C:\Program Files\PlasticSCM5\server;C:\Program Files\PlasticSCM5\client;C:\Program Files\Common Files\Oracle\Java\javapath;C:\Program Files (x86)\Common Files\Oracle\Java\javapath;C:\WINDOWS\system32;C:\WINDOWS;C:\WINDOWS\System32\Wbem;C:\WINDOWS\System32\WindowsPowerShell\v1.0\;C:\WINDOWS\System32\OpenSSH\;C:\Program Files\Git\cmd;C:\Program Files\dotnet\;C:\Program Files (x86)\Windows Kits\10\Windows Performance Toolkit\;C:\Program Files\nodejs\;C:\ProgramData\chocolatey\bin;C:\Users\joelb\AppData\Local\Programs\Python\Launcher\;C:\Program Files\MySQL\MySQL Shell 8.0\bin\;C:\Users\joelb\AppData\Local\Microsoft\WindowsApps;C:\Users\joelb\AppData\Local\Programs\Microsoft VS Code\bin;C:\Users\joelb\AppData\Local\Programs\Python\Python312\Scripts;C:\Users\joelb\AppData\Local\GitHubDesktop\bin;C:\Program Files\JetBrains\IntelliJ IDEA 2024.1\bin;C:\MinGW\bin;C:\Users\joelb\.dotnet\tools;C:\Users\joelb\AppData\Roaming\npm;.]
13-Mar-2025 11:46:21.643 INFO [main] org.apache.coyote.AbstractProtocol.init Initializing ProtocolHandler ["http-nio-0.0.0.0-9999"]
13-Mar-2025 11:46:21.668 INFO [main] org.apache.catalina.startup.Catalina.load Server initialization in [468] milliseconds
13-Mar-2025 11:46:21.754 INFO [main] org.apache.catalina.core.StandardService.startInternal Starting service [Catalina]
13-Mar-2025 11:46:21.754 INFO [main] org.apache.catalina.core.StandardEngine.startInternal Starting Servlet engine: [Apache Tomcat/10.1.35]
13-Mar-2025 11:46:21.762 INFO [main] org.apache.catalina.startup.HostConfig.deployDirectory Deploying web application directory [C:\Users\joelb\OneDrive\Desktop\Coding Projects\im2073-project\apache-tomcat-10.1.35\webapps\docs]
13-Mar-2025 11:46:22.434 INFO [main] org.apache.jasper.servlet.TldScanner.scanJars At least one JAR was scanned for TLDs yet contained no TLDs. Enable debug logging for this logger for a complete list of JARs that were scanned but no TLDs were found in them. Skipping unneeded JARs during scanning can improve startup time and JSP compilation time.
13-Mar-2025 11:46:22.482 INFO [main] org.apache.catalina.startup.HostConfig.deployDirectory Deployment of web application directory [C:\Users\joelb\OneDrive\Desktop\Coding Projects\im2073-project\apache-tomcat-10.1.35\webapps\docs] has finished in [720] ms
13-Mar-2025 11:46:22.482 INFO [main] org.apache.catalina.startup.HostConfig.deployDirectory Deploying web application directory [C:\Users\joelb\OneDrive\Desktop\Coding Projects\im2073-project\apache-tomcat-10.1.35\webapps\examples]
13-Mar-2025 11:46:23.118 INFO [main] org.apache.jasper.servlet.TldScanner.scanJars At least one JAR was scanned for TLDs yet contained no TLDs. Enable debug logging for this logger for a complete list of JARs that were scanned but no TLDs were found in them. Skipping unneeded JARs during scanning can improve startup time and JSP compilation time.
13-Mar-2025 11:46:23.181 INFO [main] org.apache.catalina.startup.HostConfig.deployDirectory Deployment of web application directory [C:\Users\joelb\OneDrive\Desktop\Coding Projects\im2073-project\apache-tomcat-10.1.35\webapps\examples] has finished in [699] ms
13-Mar-2025 11:46:23.181 INFO [main] org.apache.catalina.startup.HostConfig.deployDirectory Deploying web application directory [C:\Users\joelb\OneDrive\Desktop\Coding Projects\im2073-project\apache-tomcat-10.1.35\webapps\exotic-coffee]
13-Mar-2025 11:46:23.474 INFO [main] org.apache.jasper.servlet.TldScanner.scanJars At least one JAR was scanned for TLDs yet contained no TLDs. Enable debug logging for this logger for a complete list of JARs that were scanned but no TLDs were found in them. Skipping unneeded JARs during scanning can improve startup time and JSP compilation time.
13-Mar-2025 11:46:23.489 INFO [main] org.apache.catalina.startup.HostConfig.deployDirectory Deployment of web application directory [C:\Users\joelb\OneDrive\Desktop\Coding Projects\im2073-project\apache-tomcat-10.1.35\webapps\exotic-coffee] has finished in [308] ms
13-Mar-2025 11:46:23.491 INFO [main] org.apache.catalina.startup.HostConfig.deployDirectory Deploying web application directory [C:\Users\joelb\OneDrive\Desktop\Coding Projects\im2073-project\apache-tomcat-10.1.35\webapps\host-manager]
13-Mar-2025 11:46:23.793 INFO [main] org.apache.jasper.servlet.TldScanner.scanJars At least one JAR was scanned for TLDs yet contained no TLDs. Enable debug logging for this logger for a complete list of JARs that were scanned but no TLDs were found in them. Skipping unneeded JARs during scanning can improve startup time and JSP compilation time.
13-Mar-2025 11:46:23.809 INFO [main] org.apache.catalina.startup.HostConfig.deployDirectory Deployment of web application directory [C:\Users\joelb\OneDrive\Desktop\Coding Projects\im2073-project\apache-tomcat-10.1.35\webapps\host-manager] has finished in [318] ms
13-Mar-2025 11:46:23.809 INFO [main] org.apache.catalina.startup.HostConfig.deployDirectory Deploying web application directory [C:\Users\joelb\OneDrive\Desktop\Coding Projects\im2073-project\apache-tomcat-10.1.35\webapps\manager]
13-Mar-2025 11:46:24.209 INFO [main] org.apache.jasper.servlet.TldScanner.scanJars At least one JAR was scanned for TLDs yet contained no TLDs. Enable debug logging for this logger for a complete list of JARs that were scanned but no TLDs were found in them. Skipping unneeded JARs during scanning can improve startup time and JSP compilation time.
13-Mar-2025 11:46:24.212 INFO [main] org.apache.catalina.startup.HostConfig.deployDirectory Deployment of web application directory [C:\Users\joelb\OneDrive\Desktop\Coding Projects\im2073-project\apache-tomcat-10.1.35\webapps\manager] has finished in [403] ms
13-Mar-2025 11:46:24.212 INFO [main] org.apache.catalina.startup.HostConfig.deployDirectory Deploying web application directory [C:\Users\joelb\OneDrive\Desktop\Coding Projects\im2073-project\apache-tomcat-10.1.35\webapps\ROOT]
13-Mar-2025 11:46:24.428 INFO [main] org.apache.jasper.servlet.TldScanner.scanJars At least one JAR was scanned for TLDs yet contained no TLDs. Enable debug logging for this logger for a complete list of JARs that were scanned but no TLDs were found in them. Skipping unneeded JARs during scanning can improve startup time and JSP compilation time.
13-Mar-2025 11:46:24.428 INFO [main] org.apache.catalina.startup.HostConfig.deployDirectory Deployment of web application directory [C:\Users\joelb\OneDrive\Desktop\Coding Projects\im2073-project\apache-tomcat-10.1.35\webapps\ROOT] has finished in [216] ms
13-Mar-2025 11:46:24.434 INFO [main] org.apache.coyote.AbstractProtocol.start Starting ProtocolHandler ["http-nio-0.0.0.0-9999"]
13-Mar-2025 11:46:24.457 INFO [main] org.apache.catalina.startup.Catalina.start Server startup in [2780] milliseconds
13-Mar-2025 11:59:51.514 INFO [Thread-1] org.apache.coyote.AbstractProtocol.pause Pausing ProtocolHandler ["http-nio-0.0.0.0-9999"]
13-Mar-2025 11:59:51.527 INFO [Thread-1] org.apache.catalina.core.StandardService.stopInternal Stopping service [Catalina]
13-Mar-2025 11:59:51.585 INFO [Thread-1] org.apache.coyote.AbstractProtocol.stop Stopping ProtocolHandler ["http-nio-0.0.0.0-9999"]
13-Mar-2025 11:59:51.601 INFO [Thread-1] org.apache.coyote.AbstractProtocol.destroy Destroying ProtocolHandler ["http-nio-0.0.0.0-9999"]
13-Mar-2025 12:00:03.637 INFO [main] org.apache.catalina.startup.VersionLoggerListener.log Server version name:   Apache Tomcat/10.1.35
13-Mar-2025 12:00:03.637 INFO [main] org.apache.catalina.startup.VersionLoggerListener.log Server built:          Feb 4 2025 21:16:31 UTC
13-Mar-2025 12:00:03.637 INFO [main] org.apache.catalina.startup.VersionLoggerListener.log Server version number: 10.1.35.0
13-Mar-2025 12:00:03.637 INFO [main] org.apache.catalina.startup.VersionLoggerListener.log OS Name:               Windows 11
13-Mar-2025 12:00:03.637 INFO [main] org.apache.catalina.startup.VersionLoggerListener.log OS Version:            10.0
13-Mar-2025 12:00:03.637 INFO [main] org.apache.catalina.startup.VersionLoggerListener.log Architecture:          amd64
13-Mar-2025 12:00:03.637 INFO [main] org.apache.catalina.startup.VersionLoggerListener.log Java Home:             C:\Program Files\Java\jdk-22
13-Mar-2025 12:00:03.637 INFO [main] org.apache.catalina.startup.VersionLoggerListener.log JVM Version:           22.0.1+8-16
13-Mar-2025 12:00:03.637 INFO [main] org.apache.catalina.startup.VersionLoggerListener.log JVM Vendor:            Oracle Corporation
13-Mar-2025 12:00:03.645 INFO [main] org.apache.catalina.startup.VersionLoggerListener.log CATALINA_BASE:         C:\Users\joelb\OneDrive\Desktop\Coding Projects\im2073-project\apache-tomcat-10.1.35
13-Mar-2025 12:00:03.645 INFO [main] org.apache.catalina.startup.VersionLoggerListener.log CATALINA_HOME:         C:\Users\joelb\OneDrive\Desktop\Coding Projects\im2073-project\apache-tomcat-10.1.35
13-Mar-2025 12:00:03.653 INFO [main] org.apache.catalina.startup.VersionLoggerListener.log Command line argument: -Djava.util.logging.config.file=C:\Users\joelb\OneDrive\Desktop\Coding Projects\im2073-project\apache-tomcat-10.1.35\conf\logging.properties
13-Mar-2025 12:00:03.653 INFO [main] org.apache.catalina.startup.VersionLoggerListener.log Command line argument: -Djava.util.logging.manager=org.apache.juli.ClassLoaderLogManager
13-Mar-2025 12:00:03.653 INFO [main] org.apache.catalina.startup.VersionLoggerListener.log Command line argument: -Djdk.tls.ephemeralDHKeySize=2048
13-Mar-2025 12:00:03.653 INFO [main] org.apache.catalina.startup.VersionLoggerListener.log Command line argument: -Djava.protocol.handler.pkgs=org.apache.catalina.webresources
13-Mar-2025 12:00:03.653 INFO [main] org.apache.catalina.startup.VersionLoggerListener.log Command line argument: -Dsun.io.useCanonCaches=false
13-Mar-2025 12:00:03.653 INFO [main] org.apache.catalina.startup.VersionLoggerListener.log Command line argument: --add-opens=java.base/java.lang=ALL-UNNAMED
13-Mar-2025 12:00:03.653 INFO [main] org.apache.catalina.startup.VersionLoggerListener.log Command line argument: --add-opens=java.base/java.io=ALL-UNNAMED
13-Mar-2025 12:00:03.653 INFO [main] org.apache.catalina.startup.VersionLoggerListener.log Command line argument: --add-opens=java.base/java.util=ALL-UNNAMED
13-Mar-2025 12:00:03.653 INFO [main] org.apache.catalina.startup.VersionLoggerListener.log Command line argument: --add-opens=java.base/java.util.concurrent=ALL-UNNAMED
13-Mar-2025 12:00:03.653 INFO [main] org.apache.catalina.startup.VersionLoggerListener.log Command line argument: --add-opens=java.rmi/sun.rmi.transport=ALL-UNNAMED
13-Mar-2025 12:00:03.653 INFO [main] org.apache.catalina.startup.VersionLoggerListener.log Command line argument: -Dcatalina.base=C:\Users\joelb\OneDrive\Desktop\Coding Projects\im2073-project\apache-tomcat-10.1.35
13-Mar-2025 12:00:03.653 INFO [main] org.apache.catalina.startup.VersionLoggerListener.log Command line argument: -Dcatalina.home=C:\Users\joelb\OneDrive\Desktop\Coding Projects\im2073-project\apache-tomcat-10.1.35
13-Mar-2025 12:00:03.653 INFO [main] org.apache.catalina.startup.VersionLoggerListener.log Command line argument: -Djava.io.tmpdir=C:\Users\joelb\OneDrive\Desktop\Coding Projects\im2073-project\apache-tomcat-10.1.35\temp
13-Mar-2025 12:00:03.653 INFO [main] org.apache.catalina.core.AprLifecycleListener.lifecycleEvent The Apache Tomcat Native library which allows using OpenSSL was not found on the java.library.path: [C:\Program Files\Java\jdk-22\bin;C:\WINDOWS\Sun\Java\bin;C:\WINDOWS\system32;C:\WINDOWS;C:\Program Files\PlasticSCM5\server;C:\Program Files\PlasticSCM5\client;C:\Program Files\Common Files\Oracle\Java\javapath;C:\Program Files (x86)\Common Files\Oracle\Java\javapath;C:\WINDOWS\system32;C:\WINDOWS;C:\WINDOWS\System32\Wbem;C:\WINDOWS\System32\WindowsPowerShell\v1.0\;C:\WINDOWS\System32\OpenSSH\;C:\Program Files\Git\cmd;C:\Program Files\dotnet\;C:\Program Files (x86)\Windows Kits\10\Windows Performance Toolkit\;C:\Program Files\nodejs\;C:\ProgramData\chocolatey\bin;C:\Users\joelb\AppData\Local\Programs\Python\Launcher\;C:\Program Files\MySQL\MySQL Shell 8.0\bin\;C:\Users\joelb\AppData\Local\Microsoft\WindowsApps;C:\Users\joelb\AppData\Local\Programs\Microsoft VS Code\bin;C:\Users\joelb\AppData\Local\Programs\Python\Python312\Scripts;C:\Users\joelb\AppData\Local\GitHubDesktop\bin;C:\Program Files\JetBrains\IntelliJ IDEA 2024.1\bin;C:\MinGW\bin;C:\Users\joelb\.dotnet\tools;C:\Users\joelb\AppData\Roaming\npm;.]
13-Mar-2025 12:00:03.953 INFO [main] org.apache.coyote.AbstractProtocol.init Initializing ProtocolHandler ["http-nio-0.0.0.0-9999"]
13-Mar-2025 12:00:03.984 INFO [main] org.apache.catalina.startup.Catalina.load Server initialization in [510] milliseconds
13-Mar-2025 12:00:04.059 INFO [main] org.apache.catalina.core.StandardService.startInternal Starting service [Catalina]
13-Mar-2025 12:00:04.059 INFO [main] org.apache.catalina.core.StandardEngine.startInternal Starting Servlet engine: [Apache Tomcat/10.1.35]
13-Mar-2025 12:00:04.073 INFO [main] org.apache.catalina.startup.HostConfig.deployDirectory Deploying web application directory [C:\Users\joelb\OneDrive\Desktop\Coding Projects\im2073-project\apache-tomcat-10.1.35\webapps\docs]
13-Mar-2025 12:00:04.800 INFO [main] org.apache.jasper.servlet.TldScanner.scanJars At least one JAR was scanned for TLDs yet contained no TLDs. Enable debug logging for this logger for a complete list of JARs that were scanned but no TLDs were found in them. Skipping unneeded JARs during scanning can improve startup time and JSP compilation time.
13-Mar-2025 12:00:04.855 INFO [main] org.apache.catalina.startup.HostConfig.deployDirectory Deployment of web application directory [C:\Users\joelb\OneDrive\Desktop\Coding Projects\im2073-project\apache-tomcat-10.1.35\webapps\docs] has finished in [782] ms
13-Mar-2025 12:00:04.855 INFO [main] org.apache.catalina.startup.HostConfig.deployDirectory Deploying web application directory [C:\Users\joelb\OneDrive\Desktop\Coding Projects\im2073-project\apache-tomcat-10.1.35\webapps\examples]
13-Mar-2025 12:00:05.513 INFO [main] org.apache.jasper.servlet.TldScanner.scanJars At least one JAR was scanned for TLDs yet contained no TLDs. Enable debug logging for this logger for a complete list of JARs that were scanned but no TLDs were found in them. Skipping unneeded JARs during scanning can improve startup time and JSP compilation time.
13-Mar-2025 12:00:05.624 INFO [main] org.apache.catalina.startup.HostConfig.deployDirectory Deployment of web application directory [C:\Users\joelb\OneDrive\Desktop\Coding Projects\im2073-project\apache-tomcat-10.1.35\webapps\examples] has finished in [769] ms
13-Mar-2025 12:00:05.624 INFO [main] org.apache.catalina.startup.HostConfig.deployDirectory Deploying web application directory [C:\Users\joelb\OneDrive\Desktop\Coding Projects\im2073-project\apache-tomcat-10.1.35\webapps\exotic-coffee]
13-Mar-2025 12:00:05.952 INFO [main] org.apache.jasper.servlet.TldScanner.scanJars At least one JAR was scanned for TLDs yet contained no TLDs. Enable debug logging for this logger for a complete list of JARs that were scanned but no TLDs were found in them. Skipping unneeded JARs during scanning can improve startup time and JSP compilation time.
13-Mar-2025 12:00:05.964 INFO [main] org.apache.catalina.startup.HostConfig.deployDirectory Deployment of web application directory [C:\Users\joelb\OneDrive\Desktop\Coding Projects\im2073-project\apache-tomcat-10.1.35\webapps\exotic-coffee] has finished in [340] ms
13-Mar-2025 12:00:05.969 INFO [main] org.apache.catalina.startup.HostConfig.deployDirectory Deploying web application directory [C:\Users\joelb\OneDrive\Desktop\Coding Projects\im2073-project\apache-tomcat-10.1.35\webapps\host-manager]
13-Mar-2025 12:00:06.253 INFO [main] org.apache.jasper.servlet.TldScanner.scanJars At least one JAR was scanned for TLDs yet contained no TLDs. Enable debug logging for this logger for a complete list of JARs that were scanned but no TLDs were found in them. Skipping unneeded JARs during scanning can improve startup time and JSP compilation time.
13-Mar-2025 12:00:06.259 INFO [main] org.apache.catalina.startup.HostConfig.deployDirectory Deployment of web application directory [C:\Users\joelb\OneDrive\Desktop\Coding Projects\im2073-project\apache-tomcat-10.1.35\webapps\host-manager] has finished in [290] ms
13-Mar-2025 12:00:06.262 INFO [main] org.apache.catalina.startup.HostConfig.deployDirectory Deploying web application directory [C:\Users\joelb\OneDrive\Desktop\Coding Projects\im2073-project\apache-tomcat-10.1.35\webapps\manager]
13-Mar-2025 12:00:06.517 INFO [main] org.apache.jasper.servlet.TldScanner.scanJars At least one JAR was scanned for TLDs yet contained no TLDs. Enable debug logging for this logger for a complete list of JARs that were scanned but no TLDs were found in them. Skipping unneeded JARs during scanning can improve startup time and JSP compilation time.
13-Mar-2025 12:00:06.519 INFO [main] org.apache.catalina.startup.HostConfig.deployDirectory Deployment of web application directory [C:\Users\joelb\OneDrive\Desktop\Coding Projects\im2073-project\apache-tomcat-10.1.35\webapps\manager] has finished in [257] ms
13-Mar-2025 12:00:06.519 INFO [main] org.apache.catalina.startup.HostConfig.deployDirectory Deploying web application directory [C:\Users\joelb\OneDrive\Desktop\Coding Projects\im2073-project\apache-tomcat-10.1.35\webapps\ROOT]
13-Mar-2025 12:00:06.762 INFO [main] org.apache.jasper.servlet.TldScanner.scanJars At least one JAR was scanned for TLDs yet contained no TLDs. Enable debug logging for this logger for a complete list of JARs that were scanned but no TLDs were found in them. Skipping unneeded JARs during scanning can improve startup time and JSP compilation time.
13-Mar-2025 12:00:06.765 INFO [main] org.apache.catalina.startup.HostConfig.deployDirectory Deployment of web application directory [C:\Users\joelb\OneDrive\Desktop\Coding Projects\im2073-project\apache-tomcat-10.1.35\webapps\ROOT] has finished in [246] ms
13-Mar-2025 12:00:06.767 INFO [main] org.apache.coyote.AbstractProtocol.start Starting ProtocolHandler ["http-nio-0.0.0.0-9999"]
13-Mar-2025 12:00:06.781 INFO [main] org.apache.catalina.startup.Catalina.start Server startup in [2803] milliseconds
