06-Mar-2025 00:35:15.090 INFO [Thread-1] org.apache.coyote.AbstractProtocol.pause Pausing ProtocolHandler ["http-nio-0.0.0.0-9999"]
06-Mar-2025 00:35:15.124 INFO [Thread-1] org.apache.catalina.core.StandardService.stopInternal Stopping service [Catalina]
06-Mar-2025 00:35:15.181 INFO [Thread-1] org.apache.coyote.AbstractProtocol.stop Stopping ProtocolHandler ["http-nio-0.0.0.0-9999"]
06-Mar-2025 00:35:15.199 INFO [Thread-1] org.apache.coyote.AbstractProtocol.destroy Destroying ProtocolHandler ["http-nio-0.0.0.0-9999"]
06-Mar-2025 11:53:46.794 INFO [main] org.apache.catalina.startup.VersionLoggerListener.log Server version name:   Apache Tomcat/10.1.35
06-Mar-2025 11:53:46.800 INFO [main] org.apache.catalina.startup.VersionLoggerListener.log Server built:          Feb 4 2025 21:16:31 UTC
06-Mar-2025 11:53:46.800 INFO [main] org.apache.catalina.startup.VersionLoggerListener.log Server version number: 10.1.35.0
06-Mar-2025 11:53:46.801 INFO [main] org.apache.catalina.startup.VersionLoggerListener.log OS Name:               Windows 11
06-Mar-2025 11:53:46.801 INFO [main] org.apache.catalina.startup.VersionLoggerListener.log OS Version:            10.0
06-Mar-2025 11:53:46.801 INFO [main] org.apache.catalina.startup.VersionLoggerListener.log Architecture:          amd64
06-Mar-2025 11:53:46.801 INFO [main] org.apache.catalina.startup.VersionLoggerListener.log Java Home:             C:\Program Files\Java\jdk-22
06-Mar-2025 11:53:46.801 INFO [main] org.apache.catalina.startup.VersionLoggerListener.log JVM Version:           22.0.1+8-16
06-Mar-2025 11:53:46.801 INFO [main] org.apache.catalina.startup.VersionLoggerListener.log JVM Vendor:            Oracle Corporation
06-Mar-2025 11:53:46.801 INFO [main] org.apache.catalina.startup.VersionLoggerListener.log CATALINA_BASE:         C:\Users\joelb\OneDrive\Desktop\Coding Projects\im2073-project\apache-tomcat-10.1.35
06-Mar-2025 11:53:46.802 INFO [main] org.apache.catalina.startup.VersionLoggerListener.log CATALINA_HOME:         C:\Users\joelb\OneDrive\Desktop\Coding Projects\im2073-project\apache-tomcat-10.1.35
06-Mar-2025 11:53:46.810 INFO [main] org.apache.catalina.startup.VersionLoggerListener.log Command line argument: -Djava.util.logging.config.file=C:\Users\joelb\OneDrive\Desktop\Coding Projects\im2073-project\apache-tomcat-10.1.35\conf\logging.properties
06-Mar-2025 11:53:46.810 INFO [main] org.apache.catalina.startup.VersionLoggerListener.log Command line argument: -Djava.util.logging.manager=org.apache.juli.ClassLoaderLogManager
06-Mar-2025 11:53:46.810 INFO [main] org.apache.catalina.startup.VersionLoggerListener.log Command line argument: -Djdk.tls.ephemeralDHKeySize=2048
06-Mar-2025 11:53:46.811 INFO [main] org.apache.catalina.startup.VersionLoggerListener.log Command line argument: -Djava.protocol.handler.pkgs=org.apache.catalina.webresources
06-Mar-2025 11:53:46.811 INFO [main] org.apache.catalina.startup.VersionLoggerListener.log Command line argument: -Dsun.io.useCanonCaches=false
06-Mar-2025 11:53:46.811 INFO [main] org.apache.catalina.startup.VersionLoggerListener.log Command line argument: --add-opens=java.base/java.lang=ALL-UNNAMED
06-Mar-2025 11:53:46.812 INFO [main] org.apache.catalina.startup.VersionLoggerListener.log Command line argument: --add-opens=java.base/java.io=ALL-UNNAMED
06-Mar-2025 11:53:46.812 INFO [main] org.apache.catalina.startup.VersionLoggerListener.log Command line argument: --add-opens=java.base/java.util=ALL-UNNAMED
06-Mar-2025 11:53:46.812 INFO [main] org.apache.catalina.startup.VersionLoggerListener.log Command line argument: --add-opens=java.base/java.util.concurrent=ALL-UNNAMED
06-Mar-2025 11:53:46.812 INFO [main] org.apache.catalina.startup.VersionLoggerListener.log Command line argument: --add-opens=java.rmi/sun.rmi.transport=ALL-UNNAMED
06-Mar-2025 11:53:46.812 INFO [main] org.apache.catalina.startup.VersionLoggerListener.log Command line argument: -Dcatalina.base=C:\Users\joelb\OneDrive\Desktop\Coding Projects\im2073-project\apache-tomcat-10.1.35
06-Mar-2025 11:53:46.812 INFO [main] org.apache.catalina.startup.VersionLoggerListener.log Command line argument: -Dcatalina.home=C:\Users\joelb\OneDrive\Desktop\Coding Projects\im2073-project\apache-tomcat-10.1.35
06-Mar-2025 11:53:46.812 INFO [main] org.apache.catalina.startup.VersionLoggerListener.log Command line argument: -Djava.io.tmpdir=C:\Users\joelb\OneDrive\Desktop\Coding Projects\im2073-project\apache-tomcat-10.1.35\temp
06-Mar-2025 11:53:46.835 INFO [main] org.apache.catalina.core.AprLifecycleListener.lifecycleEvent The Apache Tomcat Native library which allows using OpenSSL was not found on the java.library.path: [C:\Program Files\Java\jdk-22\bin;C:\WINDOWS\Sun\Java\bin;C:\WINDOWS\system32;C:\WINDOWS;C:\Program Files\PlasticSCM5\server;C:\Program Files\PlasticSCM5\client;C:\Program Files\Common Files\Oracle\Java\javapath;C:\Program Files (x86)\Common Files\Oracle\Java\javapath;C:\WINDOWS\system32;C:\WINDOWS;C:\WINDOWS\System32\Wbem;C:\WINDOWS\System32\WindowsPowerShell\v1.0\;C:\WINDOWS\System32\OpenSSH\;C:\Program Files\Git\cmd;C:\Program Files\dotnet\;C:\Program Files (x86)\Windows Kits\10\Windows Performance Toolkit\;C:\Program Files\nodejs\;C:\ProgramData\chocolatey\bin;C:\Users\joelb\AppData\Local\Programs\Python\Launcher\;C:\Program Files\MySQL\MySQL Shell 8.0\bin\;C:\Users\joelb\AppData\Local\Microsoft\WindowsApps;C:\Users\joelb\AppData\Local\Programs\Microsoft VS Code\bin;C:\Users\joelb\AppData\Local\Programs\Python\Python312\Scripts;C:\Users\joelb\AppData\Local\GitHubDesktop\bin;C:\Program Files\JetBrains\IntelliJ IDEA 2024.1\bin;C:\MinGW\bin;C:\Users\joelb\.dotnet\tools;C:\Users\joelb\AppData\Roaming\npm;.]
06-Mar-2025 11:53:47.155 INFO [main] org.apache.coyote.AbstractProtocol.init Initializing ProtocolHandler ["http-nio-0.0.0.0-9999"]
06-Mar-2025 11:53:47.180 INFO [main] org.apache.catalina.startup.Catalina.load Server initialization in [564] milliseconds
06-Mar-2025 11:53:47.241 INFO [main] org.apache.catalina.core.StandardService.startInternal Starting service [Catalina]
06-Mar-2025 11:53:47.241 INFO [main] org.apache.catalina.core.StandardEngine.startInternal Starting Servlet engine: [Apache Tomcat/10.1.35]
06-Mar-2025 11:53:47.253 INFO [main] org.apache.catalina.startup.HostConfig.deployDirectory Deploying web application directory [C:\Users\joelb\OneDrive\Desktop\Coding Projects\im2073-project\apache-tomcat-10.1.35\webapps\docs]
06-Mar-2025 11:53:47.943 INFO [main] org.apache.jasper.servlet.TldScanner.scanJars At least one JAR was scanned for TLDs yet contained no TLDs. Enable debug logging for this logger for a complete list of JARs that were scanned but no TLDs were found in them. Skipping unneeded JARs during scanning can improve startup time and JSP compilation time.
06-Mar-2025 11:53:48.023 INFO [main] org.apache.catalina.startup.HostConfig.deployDirectory Deployment of web application directory [C:\Users\joelb\OneDrive\Desktop\Coding Projects\im2073-project\apache-tomcat-10.1.35\webapps\docs] has finished in [770] ms
06-Mar-2025 11:53:48.023 INFO [main] org.apache.catalina.startup.HostConfig.deployDirectory Deploying web application directory [C:\Users\joelb\OneDrive\Desktop\Coding Projects\im2073-project\apache-tomcat-10.1.35\webapps\examples]
06-Mar-2025 11:53:48.925 INFO [main] org.apache.jasper.servlet.TldScanner.scanJars At least one JAR was scanned for TLDs yet contained no TLDs. Enable debug logging for this logger for a complete list of JARs that were scanned but no TLDs were found in them. Skipping unneeded JARs during scanning can improve startup time and JSP compilation time.
06-Mar-2025 11:53:49.004 INFO [main] org.apache.catalina.startup.HostConfig.deployDirectory Deployment of web application directory [C:\Users\joelb\OneDrive\Desktop\Coding Projects\im2073-project\apache-tomcat-10.1.35\webapps\examples] has finished in [981] ms
06-Mar-2025 11:53:49.004 INFO [main] org.apache.catalina.startup.HostConfig.deployDirectory Deploying web application directory [C:\Users\joelb\OneDrive\Desktop\Coding Projects\im2073-project\apache-tomcat-10.1.35\webapps\exotic-coffee]
06-Mar-2025 11:53:49.384 INFO [main] org.apache.jasper.servlet.TldScanner.scanJars At least one JAR was scanned for TLDs yet contained no TLDs. Enable debug logging for this logger for a complete list of JARs that were scanned but no TLDs were found in them. Skipping unneeded JARs during scanning can improve startup time and JSP compilation time.
06-Mar-2025 11:53:49.400 INFO [main] org.apache.catalina.startup.HostConfig.deployDirectory Deployment of web application directory [C:\Users\joelb\OneDrive\Desktop\Coding Projects\im2073-project\apache-tomcat-10.1.35\webapps\exotic-coffee] has finished in [396] ms
06-Mar-2025 11:53:49.400 INFO [main] org.apache.catalina.startup.HostConfig.deployDirectory Deploying web application directory [C:\Users\joelb\OneDrive\Desktop\Coding Projects\im2073-project\apache-tomcat-10.1.35\webapps\host-manager]
06-Mar-2025 11:53:49.781 INFO [main] org.apache.jasper.servlet.TldScanner.scanJars At least one JAR was scanned for TLDs yet contained no TLDs. Enable debug logging for this logger for a complete list of JARs that were scanned but no TLDs were found in them. Skipping unneeded JARs during scanning can improve startup time and JSP compilation time.
06-Mar-2025 11:53:49.790 INFO [main] org.apache.catalina.startup.HostConfig.deployDirectory Deployment of web application directory [C:\Users\joelb\OneDrive\Desktop\Coding Projects\im2073-project\apache-tomcat-10.1.35\webapps\host-manager] has finished in [390] ms
06-Mar-2025 11:53:49.790 INFO [main] org.apache.catalina.startup.HostConfig.deployDirectory Deploying web application directory [C:\Users\joelb\OneDrive\Desktop\Coding Projects\im2073-project\apache-tomcat-10.1.35\webapps\manager]
06-Mar-2025 11:53:50.032 INFO [main] org.apache.jasper.servlet.TldScanner.scanJars At least one JAR was scanned for TLDs yet contained no TLDs. Enable debug logging for this logger for a complete list of JARs that were scanned but no TLDs were found in them. Skipping unneeded JARs during scanning can improve startup time and JSP compilation time.
06-Mar-2025 11:53:50.034 INFO [main] org.apache.catalina.startup.HostConfig.deployDirectory Deployment of web application directory [C:\Users\joelb\OneDrive\Desktop\Coding Projects\im2073-project\apache-tomcat-10.1.35\webapps\manager] has finished in [244] ms
06-Mar-2025 11:53:50.034 INFO [main] org.apache.catalina.startup.HostConfig.deployDirectory Deploying web application directory [C:\Users\joelb\OneDrive\Desktop\Coding Projects\im2073-project\apache-tomcat-10.1.35\webapps\ROOT]
06-Mar-2025 11:53:50.251 INFO [main] org.apache.jasper.servlet.TldScanner.scanJars At least one JAR was scanned for TLDs yet contained no TLDs. Enable debug logging for this logger for a complete list of JARs that were scanned but no TLDs were found in them. Skipping unneeded JARs during scanning can improve startup time and JSP compilation time.
06-Mar-2025 11:53:50.251 INFO [main] org.apache.catalina.startup.HostConfig.deployDirectory Deployment of web application directory [C:\Users\joelb\OneDrive\Desktop\Coding Projects\im2073-project\apache-tomcat-10.1.35\webapps\ROOT] has finished in [217] ms
06-Mar-2025 11:53:50.251 INFO [main] org.apache.coyote.AbstractProtocol.start Starting ProtocolHandler ["http-nio-0.0.0.0-9999"]
06-Mar-2025 11:53:50.394 INFO [main] org.apache.catalina.startup.Catalina.start Server startup in [3217] milliseconds
06-Mar-2025 12:02:27.380 INFO [Thread-1] org.apache.coyote.AbstractProtocol.pause Pausing ProtocolHandler ["http-nio-0.0.0.0-9999"]
06-Mar-2025 12:02:27.398 INFO [Thread-1] org.apache.catalina.core.StandardService.stopInternal Stopping service [Catalina]
06-Mar-2025 12:02:27.451 INFO [Thread-1] org.apache.coyote.AbstractProtocol.stop Stopping ProtocolHandler ["http-nio-0.0.0.0-9999"]
06-Mar-2025 12:02:27.473 INFO [Thread-1] org.apache.coyote.AbstractProtocol.destroy Destroying ProtocolHandler ["http-nio-0.0.0.0-9999"]
