27-Feb-2025 10:11:00.858 INFO [main] org.apache.catalina.core.ApplicationContext.log ContextListener: contextInitialized()
27-Feb-2025 10:11:00.858 INFO [main] org.apache.catalina.core.ApplicationContext.log SessionListener: contextInitialized()
27-Feb-2025 10:11:00.858 INFO [main] org.apache.catalina.core.ApplicationContext.log ContextListener: attributeAdded('StockTicker', 'async.Stockticker@4de41af9')
27-Feb-2025 10:57:59.293 INFO [Thread-1] org.apache.catalina.core.ApplicationContext.log SessionListener: contextDestroyed()
27-Feb-2025 10:57:59.293 INFO [Thread-1] org.apache.catalina.core.ApplicationContext.log ContextListener: contextDestroyed()
27-Feb-2025 10:58:03.764 INFO [main] org.apache.catalina.core.ApplicationContext.log ContextListener: contextInitialized()
27-Feb-2025 10:58:03.764 INFO [main] org.apache.catalina.core.ApplicationContext.log SessionListener: contextInitialized()
27-Feb-2025 10:58:03.770 INFO [main] org.apache.catalina.core.ApplicationContext.log ContextListener: attributeAdded('StockTicker', 'async.Stockticker@1c80e49b')
27-Feb-2025 11:25:34.123 INFO [Thread-1] org.apache.catalina.core.ApplicationContext.log SessionListener: contextDestroyed()
27-Feb-2025 11:25:34.123 INFO [Thread-1] org.apache.catalina.core.ApplicationContext.log ContextListener: contextDestroyed()
27-Feb-2025 11:25:37.829 INFO [main] org.apache.catalina.core.ApplicationContext.log ContextListener: contextInitialized()
27-Feb-2025 11:25:37.829 INFO [main] org.apache.catalina.core.ApplicationContext.log SessionListener: contextInitialized()
27-Feb-2025 11:25:37.831 INFO [main] org.apache.catalina.core.ApplicationContext.log ContextListener: attributeAdded('StockTicker', 'async.Stockticker@61bcd567')
27-Feb-2025 11:27:02.662 INFO [main] org.apache.catalina.core.ApplicationContext.log ContextListener: contextInitialized()
27-Feb-2025 11:27:02.662 INFO [main] org.apache.catalina.core.ApplicationContext.log SessionListener: contextInitialized()
27-Feb-2025 11:27:02.670 INFO [main] org.apache.catalina.core.ApplicationContext.log ContextListener: attributeAdded('StockTicker', 'async.Stockticker@4de41af9')
27-Feb-2025 11:54:27.058 INFO [main] org.apache.catalina.core.ApplicationContext.log ContextListener: contextInitialized()
27-Feb-2025 11:54:27.058 INFO [main] org.apache.catalina.core.ApplicationContext.log SessionListener: contextInitialized()
27-Feb-2025 11:54:27.071 INFO [main] org.apache.catalina.core.ApplicationContext.log ContextListener: attributeAdded('StockTicker', 'async.Stockticker@1252b961')
27-Feb-2025 20:29:31.070 INFO [Thread-1] org.apache.catalina.core.ApplicationContext.log SessionListener: contextDestroyed()
27-Feb-2025 20:29:31.070 INFO [Thread-1] org.apache.catalina.core.ApplicationContext.log ContextListener: contextDestroyed()
27-Feb-2025 21:26:42.533 INFO [main] org.apache.catalina.core.ApplicationContext.log ContextListener: contextInitialized()
27-Feb-2025 21:26:42.533 INFO [main] org.apache.catalina.core.ApplicationContext.log SessionListener: contextInitialized()
27-Feb-2025 21:26:42.533 INFO [main] org.apache.catalina.core.ApplicationContext.log ContextListener: attributeAdded('StockTicker', 'async.Stockticker@9ed238c')
27-Feb-2025 21:27:15.324 SEVERE [http-nio-0.0.0.0-9999-exec-7] org.apache.catalina.core.StandardWrapperValve.invoke Servlet.service() for servlet [jsp] in context with path [/exotic-coffee] threw exception [Unable to compile class for JSP: 

An error occurred at line: [62] in the jsp file: [/index.jsp]
Connection cannot be resolved to a type
59:                 // Connect to MySQL and fetch coffee products
60:                 try {
61:                     Class.forName("com.mysql.cj.jdbc.Driver");
62:                     Connection conn = DriverManager.getConnection("jdbc:mysql://localhost:3306/global_coffee_shop", "root", "password");
63:                     Statement stmt = conn.createStatement();
64:                     ResultSet rs = stmt.executeQuery("SELECT * FROM coffee_products ORDER BY price DESC LIMIT 3");
65: 


An error occurred at line: [62] in the jsp file: [/index.jsp]
DriverManager cannot be resolved
59:                 // Connect to MySQL and fetch coffee products
60:                 try {
61:                     Class.forName("com.mysql.cj.jdbc.Driver");
62:                     Connection conn = DriverManager.getConnection("jdbc:mysql://localhost:3306/global_coffee_shop", "root", "password");
63:                     Statement stmt = conn.createStatement();
64:                     ResultSet rs = stmt.executeQuery("SELECT * FROM coffee_products ORDER BY price DESC LIMIT 3");
65: 


An error occurred at line: [63] in the jsp file: [/index.jsp]
Statement cannot be resolved to a type
60:                 try {
61:                     Class.forName("com.mysql.cj.jdbc.Driver");
62:                     Connection conn = DriverManager.getConnection("jdbc:mysql://localhost:3306/global_coffee_shop", "root", "password");
63:                     Statement stmt = conn.createStatement();
64:                     ResultSet rs = stmt.executeQuery("SELECT * FROM coffee_products ORDER BY price DESC LIMIT 3");
65: 
66:                     while (rs.next()) {


An error occurred at line: [64] in the jsp file: [/index.jsp]
ResultSet cannot be resolved to a type
61:                     Class.forName("com.mysql.cj.jdbc.Driver");
62:                     Connection conn = DriverManager.getConnection("jdbc:mysql://localhost:3306/global_coffee_shop", "root", "password");
63:                     Statement stmt = conn.createStatement();
64:                     ResultSet rs = stmt.executeQuery("SELECT * FROM coffee_products ORDER BY price DESC LIMIT 3");
65: 
66:                     while (rs.next()) {
67:             %>


Stacktrace:] with root cause
	org.apache.jasper.JasperException: Unable to compile class for JSP: 

An error occurred at line: [62] in the jsp file: [/index.jsp]
Connection cannot be resolved to a type
59:                 // Connect to MySQL and fetch coffee products
60:                 try {
61:                     Class.forName("com.mysql.cj.jdbc.Driver");
62:                     Connection conn = DriverManager.getConnection("jdbc:mysql://localhost:3306/global_coffee_shop", "root", "password");
63:                     Statement stmt = conn.createStatement();
64:                     ResultSet rs = stmt.executeQuery("SELECT * FROM coffee_products ORDER BY price DESC LIMIT 3");
65: 


An error occurred at line: [62] in the jsp file: [/index.jsp]
DriverManager cannot be resolved
59:                 // Connect to MySQL and fetch coffee products
60:                 try {
61:                     Class.forName("com.mysql.cj.jdbc.Driver");
62:                     Connection conn = DriverManager.getConnection("jdbc:mysql://localhost:3306/global_coffee_shop", "root", "password");
63:                     Statement stmt = conn.createStatement();
64:                     ResultSet rs = stmt.executeQuery("SELECT * FROM coffee_products ORDER BY price DESC LIMIT 3");
65: 


An error occurred at line: [63] in the jsp file: [/index.jsp]
Statement cannot be resolved to a type
60:                 try {
61:                     Class.forName("com.mysql.cj.jdbc.Driver");
62:                     Connection conn = DriverManager.getConnection("jdbc:mysql://localhost:3306/global_coffee_shop", "root", "password");
63:                     Statement stmt = conn.createStatement();
64:                     ResultSet rs = stmt.executeQuery("SELECT * FROM coffee_products ORDER BY price DESC LIMIT 3");
65: 
66:                     while (rs.next()) {


An error occurred at line: [64] in the jsp file: [/index.jsp]
ResultSet cannot be resolved to a type
61:                     Class.forName("com.mysql.cj.jdbc.Driver");
62:                     Connection conn = DriverManager.getConnection("jdbc:mysql://localhost:3306/global_coffee_shop", "root", "password");
63:                     Statement stmt = conn.createStatement();
64:                     ResultSet rs = stmt.executeQuery("SELECT * FROM coffee_products ORDER BY price DESC LIMIT 3");
65: 
66:                     while (rs.next()) {
67:             %>


Stacktrace:
		at org.apache.jasper.compiler.DefaultErrorHandler.javacError(DefaultErrorHandler.java:72)
		at org.apache.jasper.compiler.ErrorDispatcher.javacError(ErrorDispatcher.java:192)
		at org.apache.jasper.compiler.JDTCompiler.generateClass(JDTCompiler.java:524)
		at org.apache.jasper.compiler.Compiler.compile(Compiler.java:373)
		at org.apache.jasper.compiler.Compiler.compile(Compiler.java:345)
		at org.apache.jasper.compiler.Compiler.compile(Compiler.java:331)
		at org.apache.jasper.JspCompilationContext.compile(JspCompilationContext.java:603)
		at org.apache.jasper.servlet.JspServletWrapper.service(JspServletWrapper.java:396)
		at org.apache.jasper.servlet.JspServlet.serviceJspFile(JspServlet.java:377)
		at org.apache.jasper.servlet.JspServlet.service(JspServlet.java:325)
		at jakarta.servlet.http.HttpServlet.service(HttpServlet.java:658)
		at org.apache.catalina.core.ApplicationFilterChain.internalDoFilter(ApplicationFilterChain.java:195)
		at org.apache.catalina.core.ApplicationFilterChain.doFilter(ApplicationFilterChain.java:140)
		at org.apache.tomcat.websocket.server.WsFilter.doFilter(WsFilter.java:51)
		at org.apache.catalina.core.ApplicationFilterChain.internalDoFilter(ApplicationFilterChain.java:164)
		at org.apache.catalina.core.ApplicationFilterChain.doFilter(ApplicationFilterChain.java:140)
		at org.apache.catalina.core.StandardWrapperValve.invoke(StandardWrapperValve.java:167)
		at org.apache.catalina.core.StandardContextValve.invoke(StandardContextValve.java:90)
		at org.apache.catalina.authenticator.AuthenticatorBase.invoke(AuthenticatorBase.java:483)
		at org.apache.catalina.core.StandardHostValve.invoke(StandardHostValve.java:115)
		at org.apache.catalina.valves.ErrorReportValve.invoke(ErrorReportValve.java:93)
		at org.apache.catalina.valves.AbstractAccessLogValve.invoke(AbstractAccessLogValve.java:663)
		at org.apache.catalina.core.StandardEngineValve.invoke(StandardEngineValve.java:74)
		at org.apache.catalina.connector.CoyoteAdapter.service(CoyoteAdapter.java:344)
		at org.apache.coyote.http11.Http11Processor.service(Http11Processor.java:397)
		at org.apache.coyote.AbstractProcessorLight.process(AbstractProcessorLight.java:63)
		at org.apache.coyote.AbstractProtocol$ConnectionHandler.process(AbstractProtocol.java:905)
		at org.apache.tomcat.util.net.NioEndpoint$SocketProcessor.doRun(NioEndpoint.java:1743)
		at org.apache.tomcat.util.net.SocketProcessorBase.run(SocketProcessorBase.java:52)
		at org.apache.tomcat.util.threads.ThreadPoolExecutor.runWorker(ThreadPoolExecutor.java:1190)
		at org.apache.tomcat.util.threads.ThreadPoolExecutor$Worker.run(ThreadPoolExecutor.java:659)
		at org.apache.tomcat.util.threads.TaskThread$WrappingRunnable.run(TaskThread.java:63)
		at java.base/java.lang.Thread.run(Thread.java:1570)
27-Feb-2025 21:41:58.927 SEVERE [http-nio-0.0.0.0-9999-exec-3] org.apache.catalina.core.StandardWrapperValve.invoke Servlet.service() for servlet [jsp] in context with path [/exotic-coffee] threw exception [Unable to compile class for JSP: 

An error occurred at line: [62] in the jsp file: [/index.jsp]
Connection cannot be resolved to a type
59:                 // Connect to MySQL and fetch coffee products
60:                 try {
61:                     Class.forName("com.mysql.cj.jdbc.Driver");
62:                     Connection conn = DriverManager.getConnection("jdbc:mysql://localhost:3306/global_coffee_shop", "root", "password");
63:                     Statement stmt = conn.createStatement();
64:                     ResultSet rs = stmt.executeQuery("SELECT * FROM coffee_products ORDER BY price DESC LIMIT 3");
65: 


An error occurred at line: [62] in the jsp file: [/index.jsp]
DriverManager cannot be resolved
59:                 // Connect to MySQL and fetch coffee products
60:                 try {
61:                     Class.forName("com.mysql.cj.jdbc.Driver");
62:                     Connection conn = DriverManager.getConnection("jdbc:mysql://localhost:3306/global_coffee_shop", "root", "password");
63:                     Statement stmt = conn.createStatement();
64:                     ResultSet rs = stmt.executeQuery("SELECT * FROM coffee_products ORDER BY price DESC LIMIT 3");
65: 


An error occurred at line: [63] in the jsp file: [/index.jsp]
Statement cannot be resolved to a type
60:                 try {
61:                     Class.forName("com.mysql.cj.jdbc.Driver");
62:                     Connection conn = DriverManager.getConnection("jdbc:mysql://localhost:3306/global_coffee_shop", "root", "password");
63:                     Statement stmt = conn.createStatement();
64:                     ResultSet rs = stmt.executeQuery("SELECT * FROM coffee_products ORDER BY price DESC LIMIT 3");
65: 
66:                     while (rs.next()) {


An error occurred at line: [64] in the jsp file: [/index.jsp]
ResultSet cannot be resolved to a type
61:                     Class.forName("com.mysql.cj.jdbc.Driver");
62:                     Connection conn = DriverManager.getConnection("jdbc:mysql://localhost:3306/global_coffee_shop", "root", "password");
63:                     Statement stmt = conn.createStatement();
64:                     ResultSet rs = stmt.executeQuery("SELECT * FROM coffee_products ORDER BY price DESC LIMIT 3");
65: 
66:                     while (rs.next()) {
67:             %>


Stacktrace:] with root cause
	org.apache.jasper.JasperException: Unable to compile class for JSP: 

An error occurred at line: [62] in the jsp file: [/index.jsp]
Connection cannot be resolved to a type
59:                 // Connect to MySQL and fetch coffee products
60:                 try {
61:                     Class.forName("com.mysql.cj.jdbc.Driver");
62:                     Connection conn = DriverManager.getConnection("jdbc:mysql://localhost:3306/global_coffee_shop", "root", "password");
63:                     Statement stmt = conn.createStatement();
64:                     ResultSet rs = stmt.executeQuery("SELECT * FROM coffee_products ORDER BY price DESC LIMIT 3");
65: 


An error occurred at line: [62] in the jsp file: [/index.jsp]
DriverManager cannot be resolved
59:                 // Connect to MySQL and fetch coffee products
60:                 try {
61:                     Class.forName("com.mysql.cj.jdbc.Driver");
62:                     Connection conn = DriverManager.getConnection("jdbc:mysql://localhost:3306/global_coffee_shop", "root", "password");
63:                     Statement stmt = conn.createStatement();
64:                     ResultSet rs = stmt.executeQuery("SELECT * FROM coffee_products ORDER BY price DESC LIMIT 3");
65: 


An error occurred at line: [63] in the jsp file: [/index.jsp]
Statement cannot be resolved to a type
60:                 try {
61:                     Class.forName("com.mysql.cj.jdbc.Driver");
62:                     Connection conn = DriverManager.getConnection("jdbc:mysql://localhost:3306/global_coffee_shop", "root", "password");
63:                     Statement stmt = conn.createStatement();
64:                     ResultSet rs = stmt.executeQuery("SELECT * FROM coffee_products ORDER BY price DESC LIMIT 3");
65: 
66:                     while (rs.next()) {


An error occurred at line: [64] in the jsp file: [/index.jsp]
ResultSet cannot be resolved to a type
61:                     Class.forName("com.mysql.cj.jdbc.Driver");
62:                     Connection conn = DriverManager.getConnection("jdbc:mysql://localhost:3306/global_coffee_shop", "root", "password");
63:                     Statement stmt = conn.createStatement();
64:                     ResultSet rs = stmt.executeQuery("SELECT * FROM coffee_products ORDER BY price DESC LIMIT 3");
65: 
66:                     while (rs.next()) {
67:             %>


Stacktrace:
		at org.apache.jasper.compiler.DefaultErrorHandler.javacError(DefaultErrorHandler.java:72)
		at org.apache.jasper.compiler.ErrorDispatcher.javacError(ErrorDispatcher.java:192)
		at org.apache.jasper.compiler.JDTCompiler.generateClass(JDTCompiler.java:524)
		at org.apache.jasper.compiler.Compiler.compile(Compiler.java:373)
		at org.apache.jasper.compiler.Compiler.compile(Compiler.java:345)
		at org.apache.jasper.compiler.Compiler.compile(Compiler.java:331)
		at org.apache.jasper.JspCompilationContext.compile(JspCompilationContext.java:603)
		at org.apache.jasper.servlet.JspServletWrapper.service(JspServletWrapper.java:396)
		at org.apache.jasper.servlet.JspServlet.serviceJspFile(JspServlet.java:377)
		at org.apache.jasper.servlet.JspServlet.service(JspServlet.java:325)
		at jakarta.servlet.http.HttpServlet.service(HttpServlet.java:658)
		at org.apache.catalina.core.ApplicationFilterChain.internalDoFilter(ApplicationFilterChain.java:195)
		at org.apache.catalina.core.ApplicationFilterChain.doFilter(ApplicationFilterChain.java:140)
		at org.apache.tomcat.websocket.server.WsFilter.doFilter(WsFilter.java:51)
		at org.apache.catalina.core.ApplicationFilterChain.internalDoFilter(ApplicationFilterChain.java:164)
		at org.apache.catalina.core.ApplicationFilterChain.doFilter(ApplicationFilterChain.java:140)
		at org.apache.catalina.core.StandardWrapperValve.invoke(StandardWrapperValve.java:167)
		at org.apache.catalina.core.StandardContextValve.invoke(StandardContextValve.java:90)
		at org.apache.catalina.authenticator.AuthenticatorBase.invoke(AuthenticatorBase.java:483)
		at org.apache.catalina.core.StandardHostValve.invoke(StandardHostValve.java:115)
		at org.apache.catalina.valves.ErrorReportValve.invoke(ErrorReportValve.java:93)
		at org.apache.catalina.valves.AbstractAccessLogValve.invoke(AbstractAccessLogValve.java:663)
		at org.apache.catalina.core.StandardEngineValve.invoke(StandardEngineValve.java:74)
		at org.apache.catalina.connector.CoyoteAdapter.service(CoyoteAdapter.java:344)
		at org.apache.coyote.http11.Http11Processor.service(Http11Processor.java:397)
		at org.apache.coyote.AbstractProcessorLight.process(AbstractProcessorLight.java:63)
		at org.apache.coyote.AbstractProtocol$ConnectionHandler.process(AbstractProtocol.java:905)
		at org.apache.tomcat.util.net.NioEndpoint$SocketProcessor.doRun(NioEndpoint.java:1743)
		at org.apache.tomcat.util.net.SocketProcessorBase.run(SocketProcessorBase.java:52)
		at org.apache.tomcat.util.threads.ThreadPoolExecutor.runWorker(ThreadPoolExecutor.java:1190)
		at org.apache.tomcat.util.threads.ThreadPoolExecutor$Worker.run(ThreadPoolExecutor.java:659)
		at org.apache.tomcat.util.threads.TaskThread$WrappingRunnable.run(TaskThread.java:63)
		at java.base/java.lang.Thread.run(Thread.java:1570)
27-Feb-2025 21:42:01.756 SEVERE [http-nio-0.0.0.0-9999-exec-4] org.apache.catalina.core.StandardWrapperValve.invoke Servlet.service() for servlet [jsp] in context with path [/exotic-coffee] threw exception [org.apache.jasper.JasperException: java.lang.ClassNotFoundException: org.apache.jsp.index_jsp] with root cause
	java.lang.ClassNotFoundException: org.apache.jsp.index_jsp
		at java.base/java.net.URLClassLoader.findClass(URLClassLoader.java:445)
		at org.apache.jasper.servlet.JasperLoader.loadClass(JasperLoader.java:129)
		at org.apache.jasper.servlet.JasperLoader.loadClass(JasperLoader.java:58)
		at org.apache.catalina.core.DefaultInstanceManager.newInstance(DefaultInstanceManager.java:151)
		at org.apache.jasper.servlet.JspServletWrapper.getServlet(JspServletWrapper.java:189)
		at org.apache.jasper.servlet.JspServletWrapper.service(JspServletWrapper.java:410)
		at org.apache.jasper.servlet.JspServlet.serviceJspFile(JspServlet.java:377)
		at org.apache.jasper.servlet.JspServlet.service(JspServlet.java:325)
		at jakarta.servlet.http.HttpServlet.service(HttpServlet.java:658)
		at org.apache.catalina.core.ApplicationFilterChain.internalDoFilter(ApplicationFilterChain.java:195)
		at org.apache.catalina.core.ApplicationFilterChain.doFilter(ApplicationFilterChain.java:140)
		at org.apache.tomcat.websocket.server.WsFilter.doFilter(WsFilter.java:51)
		at org.apache.catalina.core.ApplicationFilterChain.internalDoFilter(ApplicationFilterChain.java:164)
		at org.apache.catalina.core.ApplicationFilterChain.doFilter(ApplicationFilterChain.java:140)
		at org.apache.catalina.core.StandardWrapperValve.invoke(StandardWrapperValve.java:167)
		at org.apache.catalina.core.StandardContextValve.invoke(StandardContextValve.java:90)
		at org.apache.catalina.authenticator.AuthenticatorBase.invoke(AuthenticatorBase.java:483)
		at org.apache.catalina.core.StandardHostValve.invoke(StandardHostValve.java:115)
		at org.apache.catalina.valves.ErrorReportValve.invoke(ErrorReportValve.java:93)
		at org.apache.catalina.valves.AbstractAccessLogValve.invoke(AbstractAccessLogValve.java:663)
		at org.apache.catalina.core.StandardEngineValve.invoke(StandardEngineValve.java:74)
		at org.apache.catalina.connector.CoyoteAdapter.service(CoyoteAdapter.java:344)
		at org.apache.coyote.http11.Http11Processor.service(Http11Processor.java:397)
		at org.apache.coyote.AbstractProcessorLight.process(AbstractProcessorLight.java:63)
		at org.apache.coyote.AbstractProtocol$ConnectionHandler.process(AbstractProtocol.java:905)
		at org.apache.tomcat.util.net.NioEndpoint$SocketProcessor.doRun(NioEndpoint.java:1743)
		at org.apache.tomcat.util.net.SocketProcessorBase.run(SocketProcessorBase.java:52)
		at org.apache.tomcat.util.threads.ThreadPoolExecutor.runWorker(ThreadPoolExecutor.java:1190)
		at org.apache.tomcat.util.threads.ThreadPoolExecutor$Worker.run(ThreadPoolExecutor.java:659)
		at org.apache.tomcat.util.threads.TaskThread$WrappingRunnable.run(TaskThread.java:63)
		at java.base/java.lang.Thread.run(Thread.java:1570)
27-Feb-2025 21:42:23.452 INFO [main] org.apache.catalina.core.ApplicationContext.log ContextListener: contextInitialized()
27-Feb-2025 21:42:23.452 INFO [main] org.apache.catalina.core.ApplicationContext.log SessionListener: contextInitialized()
27-Feb-2025 21:42:23.520 INFO [main] org.apache.catalina.core.ApplicationContext.log ContextListener: attributeAdded('StockTicker', 'async.Stockticker@56ace400')
27-Feb-2025 21:42:29.042 SEVERE [http-nio-0.0.0.0-9999-exec-2] org.apache.catalina.core.StandardWrapperValve.invoke Servlet.service() for servlet [jsp] in context with path [/exotic-coffee] threw exception [Unable to compile class for JSP: 

An error occurred at line: [62] in the jsp file: [/index.jsp]
Connection cannot be resolved to a type
59:                 // Connect to MySQL and fetch coffee products
60:                 try {
61:                     Class.forName("com.mysql.cj.jdbc.Driver");
62:                     Connection conn = DriverManager.getConnection("jdbc:mysql://localhost:3306/global_coffee_shop", "root", "password");
63:                     Statement stmt = conn.createStatement();
64:                     ResultSet rs = stmt.executeQuery("SELECT * FROM coffee_products ORDER BY price DESC LIMIT 3");
65: 


An error occurred at line: [62] in the jsp file: [/index.jsp]
DriverManager cannot be resolved
59:                 // Connect to MySQL and fetch coffee products
60:                 try {
61:                     Class.forName("com.mysql.cj.jdbc.Driver");
62:                     Connection conn = DriverManager.getConnection("jdbc:mysql://localhost:3306/global_coffee_shop", "root", "password");
63:                     Statement stmt = conn.createStatement();
64:                     ResultSet rs = stmt.executeQuery("SELECT * FROM coffee_products ORDER BY price DESC LIMIT 3");
65: 


An error occurred at line: [63] in the jsp file: [/index.jsp]
Statement cannot be resolved to a type
60:                 try {
61:                     Class.forName("com.mysql.cj.jdbc.Driver");
62:                     Connection conn = DriverManager.getConnection("jdbc:mysql://localhost:3306/global_coffee_shop", "root", "password");
63:                     Statement stmt = conn.createStatement();
64:                     ResultSet rs = stmt.executeQuery("SELECT * FROM coffee_products ORDER BY price DESC LIMIT 3");
65: 
66:                     while (rs.next()) {


An error occurred at line: [64] in the jsp file: [/index.jsp]
ResultSet cannot be resolved to a type
61:                     Class.forName("com.mysql.cj.jdbc.Driver");
62:                     Connection conn = DriverManager.getConnection("jdbc:mysql://localhost:3306/global_coffee_shop", "root", "password");
63:                     Statement stmt = conn.createStatement();
64:                     ResultSet rs = stmt.executeQuery("SELECT * FROM coffee_products ORDER BY price DESC LIMIT 3");
65: 
66:                     while (rs.next()) {
67:             %>


Stacktrace:] with root cause
	org.apache.jasper.JasperException: Unable to compile class for JSP: 

An error occurred at line: [62] in the jsp file: [/index.jsp]
Connection cannot be resolved to a type
59:                 // Connect to MySQL and fetch coffee products
60:                 try {
61:                     Class.forName("com.mysql.cj.jdbc.Driver");
62:                     Connection conn = DriverManager.getConnection("jdbc:mysql://localhost:3306/global_coffee_shop", "root", "password");
63:                     Statement stmt = conn.createStatement();
64:                     ResultSet rs = stmt.executeQuery("SELECT * FROM coffee_products ORDER BY price DESC LIMIT 3");
65: 


An error occurred at line: [62] in the jsp file: [/index.jsp]
DriverManager cannot be resolved
59:                 // Connect to MySQL and fetch coffee products
60:                 try {
61:                     Class.forName("com.mysql.cj.jdbc.Driver");
62:                     Connection conn = DriverManager.getConnection("jdbc:mysql://localhost:3306/global_coffee_shop", "root", "password");
63:                     Statement stmt = conn.createStatement();
64:                     ResultSet rs = stmt.executeQuery("SELECT * FROM coffee_products ORDER BY price DESC LIMIT 3");
65: 


An error occurred at line: [63] in the jsp file: [/index.jsp]
Statement cannot be resolved to a type
60:                 try {
61:                     Class.forName("com.mysql.cj.jdbc.Driver");
62:                     Connection conn = DriverManager.getConnection("jdbc:mysql://localhost:3306/global_coffee_shop", "root", "password");
63:                     Statement stmt = conn.createStatement();
64:                     ResultSet rs = stmt.executeQuery("SELECT * FROM coffee_products ORDER BY price DESC LIMIT 3");
65: 
66:                     while (rs.next()) {


An error occurred at line: [64] in the jsp file: [/index.jsp]
ResultSet cannot be resolved to a type
61:                     Class.forName("com.mysql.cj.jdbc.Driver");
62:                     Connection conn = DriverManager.getConnection("jdbc:mysql://localhost:3306/global_coffee_shop", "root", "password");
63:                     Statement stmt = conn.createStatement();
64:                     ResultSet rs = stmt.executeQuery("SELECT * FROM coffee_products ORDER BY price DESC LIMIT 3");
65: 
66:                     while (rs.next()) {
67:             %>


Stacktrace:
		at org.apache.jasper.compiler.DefaultErrorHandler.javacError(DefaultErrorHandler.java:72)
		at org.apache.jasper.compiler.ErrorDispatcher.javacError(ErrorDispatcher.java:192)
		at org.apache.jasper.compiler.JDTCompiler.generateClass(JDTCompiler.java:524)
		at org.apache.jasper.compiler.Compiler.compile(Compiler.java:373)
		at org.apache.jasper.compiler.Compiler.compile(Compiler.java:345)
		at org.apache.jasper.compiler.Compiler.compile(Compiler.java:331)
		at org.apache.jasper.JspCompilationContext.compile(JspCompilationContext.java:603)
		at org.apache.jasper.servlet.JspServletWrapper.service(JspServletWrapper.java:396)
		at org.apache.jasper.servlet.JspServlet.serviceJspFile(JspServlet.java:377)
		at org.apache.jasper.servlet.JspServlet.service(JspServlet.java:325)
		at jakarta.servlet.http.HttpServlet.service(HttpServlet.java:658)
		at org.apache.catalina.core.ApplicationFilterChain.internalDoFilter(ApplicationFilterChain.java:195)
		at org.apache.catalina.core.ApplicationFilterChain.doFilter(ApplicationFilterChain.java:140)
		at org.apache.tomcat.websocket.server.WsFilter.doFilter(WsFilter.java:51)
		at org.apache.catalina.core.ApplicationFilterChain.internalDoFilter(ApplicationFilterChain.java:164)
		at org.apache.catalina.core.ApplicationFilterChain.doFilter(ApplicationFilterChain.java:140)
		at org.apache.catalina.core.StandardWrapperValve.invoke(StandardWrapperValve.java:167)
		at org.apache.catalina.core.StandardContextValve.invoke(StandardContextValve.java:90)
		at org.apache.catalina.authenticator.AuthenticatorBase.invoke(AuthenticatorBase.java:483)
		at org.apache.catalina.core.StandardHostValve.invoke(StandardHostValve.java:115)
		at org.apache.catalina.valves.ErrorReportValve.invoke(ErrorReportValve.java:93)
		at org.apache.catalina.valves.AbstractAccessLogValve.invoke(AbstractAccessLogValve.java:663)
		at org.apache.catalina.core.StandardEngineValve.invoke(StandardEngineValve.java:74)
		at org.apache.catalina.connector.CoyoteAdapter.service(CoyoteAdapter.java:344)
		at org.apache.coyote.http11.Http11Processor.service(Http11Processor.java:397)
		at org.apache.coyote.AbstractProcessorLight.process(AbstractProcessorLight.java:63)
		at org.apache.coyote.AbstractProtocol$ConnectionHandler.process(AbstractProtocol.java:905)
		at org.apache.tomcat.util.net.NioEndpoint$SocketProcessor.doRun(NioEndpoint.java:1743)
		at org.apache.tomcat.util.net.SocketProcessorBase.run(SocketProcessorBase.java:52)
		at org.apache.tomcat.util.threads.ThreadPoolExecutor.runWorker(ThreadPoolExecutor.java:1190)
		at org.apache.tomcat.util.threads.ThreadPoolExecutor$Worker.run(ThreadPoolExecutor.java:659)
		at org.apache.tomcat.util.threads.TaskThread$WrappingRunnable.run(TaskThread.java:63)
		at java.base/java.lang.Thread.run(Thread.java:1570)
27-Feb-2025 21:43:35.398 INFO [main] org.apache.catalina.core.ApplicationContext.log ContextListener: contextInitialized()
27-Feb-2025 21:43:35.398 INFO [main] org.apache.catalina.core.ApplicationContext.log SessionListener: contextInitialized()
27-Feb-2025 21:43:35.398 INFO [main] org.apache.catalina.core.ApplicationContext.log ContextListener: attributeAdded('StockTicker', 'async.Stockticker@51e8e6e6')
27-Feb-2025 21:43:38.097 SEVERE [http-nio-0.0.0.0-9999-exec-1] org.apache.catalina.core.StandardWrapperValve.invoke Servlet.service() for servlet [jsp] in context with path [/exotic-coffee] threw exception [Unable to compile class for JSP: 

An error occurred at line: [62] in the jsp file: [/index.jsp]
Connection cannot be resolved to a type
59:                 // Connect to MySQL and fetch coffee products
60:                 try {
61:                     Class.forName("com.mysql.cj.jdbc.Driver");
62:                     Connection conn = DriverManager.getConnection("jdbc:mysql://localhost:3306/global_coffee_shop", "root", "Transcom#188");
63:                     Statement stmt = conn.createStatement();
64:                     ResultSet rs = stmt.executeQuery("SELECT * FROM coffee_products ORDER BY price DESC LIMIT 3");
65: 


An error occurred at line: [62] in the jsp file: [/index.jsp]
DriverManager cannot be resolved
59:                 // Connect to MySQL and fetch coffee products
60:                 try {
61:                     Class.forName("com.mysql.cj.jdbc.Driver");
62:                     Connection conn = DriverManager.getConnection("jdbc:mysql://localhost:3306/global_coffee_shop", "root", "Transcom#188");
63:                     Statement stmt = conn.createStatement();
64:                     ResultSet rs = stmt.executeQuery("SELECT * FROM coffee_products ORDER BY price DESC LIMIT 3");
65: 


An error occurred at line: [63] in the jsp file: [/index.jsp]
Statement cannot be resolved to a type
60:                 try {
61:                     Class.forName("com.mysql.cj.jdbc.Driver");
62:                     Connection conn = DriverManager.getConnection("jdbc:mysql://localhost:3306/global_coffee_shop", "root", "Transcom#188");
63:                     Statement stmt = conn.createStatement();
64:                     ResultSet rs = stmt.executeQuery("SELECT * FROM coffee_products ORDER BY price DESC LIMIT 3");
65: 
66:                     while (rs.next()) {


An error occurred at line: [64] in the jsp file: [/index.jsp]
ResultSet cannot be resolved to a type
61:                     Class.forName("com.mysql.cj.jdbc.Driver");
62:                     Connection conn = DriverManager.getConnection("jdbc:mysql://localhost:3306/global_coffee_shop", "root", "Transcom#188");
63:                     Statement stmt = conn.createStatement();
64:                     ResultSet rs = stmt.executeQuery("SELECT * FROM coffee_products ORDER BY price DESC LIMIT 3");
65: 
66:                     while (rs.next()) {
67:             %>


Stacktrace:] with root cause
	org.apache.jasper.JasperException: Unable to compile class for JSP: 

An error occurred at line: [62] in the jsp file: [/index.jsp]
Connection cannot be resolved to a type
59:                 // Connect to MySQL and fetch coffee products
60:                 try {
61:                     Class.forName("com.mysql.cj.jdbc.Driver");
62:                     Connection conn = DriverManager.getConnection("jdbc:mysql://localhost:3306/global_coffee_shop", "root", "Transcom#188");
63:                     Statement stmt = conn.createStatement();
64:                     ResultSet rs = stmt.executeQuery("SELECT * FROM coffee_products ORDER BY price DESC LIMIT 3");
65: 


An error occurred at line: [62] in the jsp file: [/index.jsp]
DriverManager cannot be resolved
59:                 // Connect to MySQL and fetch coffee products
60:                 try {
61:                     Class.forName("com.mysql.cj.jdbc.Driver");
62:                     Connection conn = DriverManager.getConnection("jdbc:mysql://localhost:3306/global_coffee_shop", "root", "Transcom#188");
63:                     Statement stmt = conn.createStatement();
64:                     ResultSet rs = stmt.executeQuery("SELECT * FROM coffee_products ORDER BY price DESC LIMIT 3");
65: 


An error occurred at line: [63] in the jsp file: [/index.jsp]
Statement cannot be resolved to a type
60:                 try {
61:                     Class.forName("com.mysql.cj.jdbc.Driver");
62:                     Connection conn = DriverManager.getConnection("jdbc:mysql://localhost:3306/global_coffee_shop", "root", "Transcom#188");
63:                     Statement stmt = conn.createStatement();
64:                     ResultSet rs = stmt.executeQuery("SELECT * FROM coffee_products ORDER BY price DESC LIMIT 3");
65: 
66:                     while (rs.next()) {


An error occurred at line: [64] in the jsp file: [/index.jsp]
ResultSet cannot be resolved to a type
61:                     Class.forName("com.mysql.cj.jdbc.Driver");
62:                     Connection conn = DriverManager.getConnection("jdbc:mysql://localhost:3306/global_coffee_shop", "root", "Transcom#188");
63:                     Statement stmt = conn.createStatement();
64:                     ResultSet rs = stmt.executeQuery("SELECT * FROM coffee_products ORDER BY price DESC LIMIT 3");
65: 
66:                     while (rs.next()) {
67:             %>


Stacktrace:
		at org.apache.jasper.compiler.DefaultErrorHandler.javacError(DefaultErrorHandler.java:72)
		at org.apache.jasper.compiler.ErrorDispatcher.javacError(ErrorDispatcher.java:192)
		at org.apache.jasper.compiler.JDTCompiler.generateClass(JDTCompiler.java:524)
		at org.apache.jasper.compiler.Compiler.compile(Compiler.java:373)
		at org.apache.jasper.compiler.Compiler.compile(Compiler.java:345)
		at org.apache.jasper.compiler.Compiler.compile(Compiler.java:331)
		at org.apache.jasper.JspCompilationContext.compile(JspCompilationContext.java:603)
		at org.apache.jasper.servlet.JspServletWrapper.service(JspServletWrapper.java:396)
		at org.apache.jasper.servlet.JspServlet.serviceJspFile(JspServlet.java:377)
		at org.apache.jasper.servlet.JspServlet.service(JspServlet.java:325)
		at jakarta.servlet.http.HttpServlet.service(HttpServlet.java:658)
		at org.apache.catalina.core.ApplicationFilterChain.internalDoFilter(ApplicationFilterChain.java:195)
		at org.apache.catalina.core.ApplicationFilterChain.doFilter(ApplicationFilterChain.java:140)
		at org.apache.tomcat.websocket.server.WsFilter.doFilter(WsFilter.java:51)
		at org.apache.catalina.core.ApplicationFilterChain.internalDoFilter(ApplicationFilterChain.java:164)
		at org.apache.catalina.core.ApplicationFilterChain.doFilter(ApplicationFilterChain.java:140)
		at org.apache.catalina.core.StandardWrapperValve.invoke(StandardWrapperValve.java:167)
		at org.apache.catalina.core.StandardContextValve.invoke(StandardContextValve.java:90)
		at org.apache.catalina.authenticator.AuthenticatorBase.invoke(AuthenticatorBase.java:483)
		at org.apache.catalina.core.StandardHostValve.invoke(StandardHostValve.java:115)
		at org.apache.catalina.valves.ErrorReportValve.invoke(ErrorReportValve.java:93)
		at org.apache.catalina.valves.AbstractAccessLogValve.invoke(AbstractAccessLogValve.java:663)
		at org.apache.catalina.core.StandardEngineValve.invoke(StandardEngineValve.java:74)
		at org.apache.catalina.connector.CoyoteAdapter.service(CoyoteAdapter.java:344)
		at org.apache.coyote.http11.Http11Processor.service(Http11Processor.java:397)
		at org.apache.coyote.AbstractProcessorLight.process(AbstractProcessorLight.java:63)
		at org.apache.coyote.AbstractProtocol$ConnectionHandler.process(AbstractProtocol.java:905)
		at org.apache.tomcat.util.net.NioEndpoint$SocketProcessor.doRun(NioEndpoint.java:1743)
		at org.apache.tomcat.util.net.SocketProcessorBase.run(SocketProcessorBase.java:52)
		at org.apache.tomcat.util.threads.ThreadPoolExecutor.runWorker(ThreadPoolExecutor.java:1190)
		at org.apache.tomcat.util.threads.ThreadPoolExecutor$Worker.run(ThreadPoolExecutor.java:659)
		at org.apache.tomcat.util.threads.TaskThread$WrappingRunnable.run(TaskThread.java:63)
		at java.base/java.lang.Thread.run(Thread.java:1570)
27-Feb-2025 21:43:39.305 SEVERE [http-nio-0.0.0.0-9999-exec-2] org.apache.catalina.core.StandardWrapperValve.invoke Servlet.service() for servlet [jsp] in context with path [/exotic-coffee] threw exception [org.apache.jasper.JasperException: java.lang.ClassNotFoundException: org.apache.jsp.index_jsp] with root cause
	java.lang.ClassNotFoundException: org.apache.jsp.index_jsp
		at java.base/java.net.URLClassLoader.findClass(URLClassLoader.java:445)
		at org.apache.jasper.servlet.JasperLoader.loadClass(JasperLoader.java:129)
		at org.apache.jasper.servlet.JasperLoader.loadClass(JasperLoader.java:58)
		at org.apache.catalina.core.DefaultInstanceManager.newInstance(DefaultInstanceManager.java:151)
		at org.apache.jasper.servlet.JspServletWrapper.getServlet(JspServletWrapper.java:189)
		at org.apache.jasper.servlet.JspServletWrapper.service(JspServletWrapper.java:410)
		at org.apache.jasper.servlet.JspServlet.serviceJspFile(JspServlet.java:377)
		at org.apache.jasper.servlet.JspServlet.service(JspServlet.java:325)
		at jakarta.servlet.http.HttpServlet.service(HttpServlet.java:658)
		at org.apache.catalina.core.ApplicationFilterChain.internalDoFilter(ApplicationFilterChain.java:195)
		at org.apache.catalina.core.ApplicationFilterChain.doFilter(ApplicationFilterChain.java:140)
		at org.apache.tomcat.websocket.server.WsFilter.doFilter(WsFilter.java:51)
		at org.apache.catalina.core.ApplicationFilterChain.internalDoFilter(ApplicationFilterChain.java:164)
		at org.apache.catalina.core.ApplicationFilterChain.doFilter(ApplicationFilterChain.java:140)
		at org.apache.catalina.core.StandardWrapperValve.invoke(StandardWrapperValve.java:167)
		at org.apache.catalina.core.StandardContextValve.invoke(StandardContextValve.java:90)
		at org.apache.catalina.authenticator.AuthenticatorBase.invoke(AuthenticatorBase.java:483)
		at org.apache.catalina.core.StandardHostValve.invoke(StandardHostValve.java:115)
		at org.apache.catalina.valves.ErrorReportValve.invoke(ErrorReportValve.java:93)
		at org.apache.catalina.valves.AbstractAccessLogValve.invoke(AbstractAccessLogValve.java:663)
		at org.apache.catalina.core.StandardEngineValve.invoke(StandardEngineValve.java:74)
		at org.apache.catalina.connector.CoyoteAdapter.service(CoyoteAdapter.java:344)
		at org.apache.coyote.http11.Http11Processor.service(Http11Processor.java:397)
		at org.apache.coyote.AbstractProcessorLight.process(AbstractProcessorLight.java:63)
		at org.apache.coyote.AbstractProtocol$ConnectionHandler.process(AbstractProtocol.java:905)
		at org.apache.tomcat.util.net.NioEndpoint$SocketProcessor.doRun(NioEndpoint.java:1743)
		at org.apache.tomcat.util.net.SocketProcessorBase.run(SocketProcessorBase.java:52)
		at org.apache.tomcat.util.threads.ThreadPoolExecutor.runWorker(ThreadPoolExecutor.java:1190)
		at org.apache.tomcat.util.threads.ThreadPoolExecutor$Worker.run(ThreadPoolExecutor.java:659)
		at org.apache.tomcat.util.threads.TaskThread$WrappingRunnable.run(TaskThread.java:63)
		at java.base/java.lang.Thread.run(Thread.java:1570)
27-Feb-2025 21:43:40.583 SEVERE [http-nio-0.0.0.0-9999-exec-3] org.apache.catalina.core.StandardWrapperValve.invoke Servlet.service() for servlet [jsp] in context with path [/exotic-coffee] threw exception [org.apache.jasper.JasperException: java.lang.ClassNotFoundException: org.apache.jsp.index_jsp] with root cause
	java.lang.ClassNotFoundException: org.apache.jsp.index_jsp
		at java.base/java.net.URLClassLoader.findClass(URLClassLoader.java:445)
		at org.apache.jasper.servlet.JasperLoader.loadClass(JasperLoader.java:129)
		at org.apache.jasper.servlet.JasperLoader.loadClass(JasperLoader.java:58)
		at org.apache.catalina.core.DefaultInstanceManager.newInstance(DefaultInstanceManager.java:151)
		at org.apache.jasper.servlet.JspServletWrapper.getServlet(JspServletWrapper.java:189)
		at org.apache.jasper.servlet.JspServletWrapper.service(JspServletWrapper.java:410)
		at org.apache.jasper.servlet.JspServlet.serviceJspFile(JspServlet.java:377)
		at org.apache.jasper.servlet.JspServlet.service(JspServlet.java:325)
		at jakarta.servlet.http.HttpServlet.service(HttpServlet.java:658)
		at org.apache.catalina.core.ApplicationFilterChain.internalDoFilter(ApplicationFilterChain.java:195)
		at org.apache.catalina.core.ApplicationFilterChain.doFilter(ApplicationFilterChain.java:140)
		at org.apache.tomcat.websocket.server.WsFilter.doFilter(WsFilter.java:51)
		at org.apache.catalina.core.ApplicationFilterChain.internalDoFilter(ApplicationFilterChain.java:164)
		at org.apache.catalina.core.ApplicationFilterChain.doFilter(ApplicationFilterChain.java:140)
		at org.apache.catalina.core.StandardWrapperValve.invoke(StandardWrapperValve.java:167)
		at org.apache.catalina.core.StandardContextValve.invoke(StandardContextValve.java:90)
		at org.apache.catalina.authenticator.AuthenticatorBase.invoke(AuthenticatorBase.java:483)
		at org.apache.catalina.core.StandardHostValve.invoke(StandardHostValve.java:115)
		at org.apache.catalina.valves.ErrorReportValve.invoke(ErrorReportValve.java:93)
		at org.apache.catalina.valves.AbstractAccessLogValve.invoke(AbstractAccessLogValve.java:663)
		at org.apache.catalina.core.StandardEngineValve.invoke(StandardEngineValve.java:74)
		at org.apache.catalina.connector.CoyoteAdapter.service(CoyoteAdapter.java:344)
		at org.apache.coyote.http11.Http11Processor.service(Http11Processor.java:397)
		at org.apache.coyote.AbstractProcessorLight.process(AbstractProcessorLight.java:63)
		at org.apache.coyote.AbstractProtocol$ConnectionHandler.process(AbstractProtocol.java:905)
		at org.apache.tomcat.util.net.NioEndpoint$SocketProcessor.doRun(NioEndpoint.java:1743)
		at org.apache.tomcat.util.net.SocketProcessorBase.run(SocketProcessorBase.java:52)
		at org.apache.tomcat.util.threads.ThreadPoolExecutor.runWorker(ThreadPoolExecutor.java:1190)
		at org.apache.tomcat.util.threads.ThreadPoolExecutor$Worker.run(ThreadPoolExecutor.java:659)
		at org.apache.tomcat.util.threads.TaskThread$WrappingRunnable.run(TaskThread.java:63)
		at java.base/java.lang.Thread.run(Thread.java:1570)
27-Feb-2025 21:43:42.451 SEVERE [http-nio-0.0.0.0-9999-exec-4] org.apache.catalina.core.StandardWrapperValve.invoke Servlet.service() for servlet [jsp] in context with path [/exotic-coffee] threw exception [Unable to compile class for JSP: 

An error occurred at line: [62] in the jsp file: [/index.jsp]
Connection cannot be resolved to a type
59:                 // Connect to MySQL and fetch coffee products
60:                 try {
61:                     Class.forName("com.mysql.cj.jdbc.Driver");
62:                     Connection conn = DriverManager.getConnection("jdbc:mysql://localhost:3306/global_coffee_shop", "root", "Transcom#188");
63:                     Statement stmt = conn.createStatement();
64:                     ResultSet rs = stmt.executeQuery("SELECT * FROM coffee_products ORDER BY price DESC LIMIT 3");
65: 


An error occurred at line: [62] in the jsp file: [/index.jsp]
DriverManager cannot be resolved
59:                 // Connect to MySQL and fetch coffee products
60:                 try {
61:                     Class.forName("com.mysql.cj.jdbc.Driver");
62:                     Connection conn = DriverManager.getConnection("jdbc:mysql://localhost:3306/global_coffee_shop", "root", "Transcom#188");
63:                     Statement stmt = conn.createStatement();
64:                     ResultSet rs = stmt.executeQuery("SELECT * FROM coffee_products ORDER BY price DESC LIMIT 3");
65: 


An error occurred at line: [63] in the jsp file: [/index.jsp]
Statement cannot be resolved to a type
60:                 try {
61:                     Class.forName("com.mysql.cj.jdbc.Driver");
62:                     Connection conn = DriverManager.getConnection("jdbc:mysql://localhost:3306/global_coffee_shop", "root", "Transcom#188");
63:                     Statement stmt = conn.createStatement();
64:                     ResultSet rs = stmt.executeQuery("SELECT * FROM coffee_products ORDER BY price DESC LIMIT 3");
65: 
66:                     while (rs.next()) {


An error occurred at line: [64] in the jsp file: [/index.jsp]
ResultSet cannot be resolved to a type
61:                     Class.forName("com.mysql.cj.jdbc.Driver");
62:                     Connection conn = DriverManager.getConnection("jdbc:mysql://localhost:3306/global_coffee_shop", "root", "Transcom#188");
63:                     Statement stmt = conn.createStatement();
64:                     ResultSet rs = stmt.executeQuery("SELECT * FROM coffee_products ORDER BY price DESC LIMIT 3");
65: 
66:                     while (rs.next()) {
67:             %>


Stacktrace:] with root cause
	org.apache.jasper.JasperException: Unable to compile class for JSP: 

An error occurred at line: [62] in the jsp file: [/index.jsp]
Connection cannot be resolved to a type
59:                 // Connect to MySQL and fetch coffee products
60:                 try {
61:                     Class.forName("com.mysql.cj.jdbc.Driver");
62:                     Connection conn = DriverManager.getConnection("jdbc:mysql://localhost:3306/global_coffee_shop", "root", "Transcom#188");
63:                     Statement stmt = conn.createStatement();
64:                     ResultSet rs = stmt.executeQuery("SELECT * FROM coffee_products ORDER BY price DESC LIMIT 3");
65: 


An error occurred at line: [62] in the jsp file: [/index.jsp]
DriverManager cannot be resolved
59:                 // Connect to MySQL and fetch coffee products
60:                 try {
61:                     Class.forName("com.mysql.cj.jdbc.Driver");
62:                     Connection conn = DriverManager.getConnection("jdbc:mysql://localhost:3306/global_coffee_shop", "root", "Transcom#188");
63:                     Statement stmt = conn.createStatement();
64:                     ResultSet rs = stmt.executeQuery("SELECT * FROM coffee_products ORDER BY price DESC LIMIT 3");
65: 


An error occurred at line: [63] in the jsp file: [/index.jsp]
Statement cannot be resolved to a type
60:                 try {
61:                     Class.forName("com.mysql.cj.jdbc.Driver");
62:                     Connection conn = DriverManager.getConnection("jdbc:mysql://localhost:3306/global_coffee_shop", "root", "Transcom#188");
63:                     Statement stmt = conn.createStatement();
64:                     ResultSet rs = stmt.executeQuery("SELECT * FROM coffee_products ORDER BY price DESC LIMIT 3");
65: 
66:                     while (rs.next()) {


An error occurred at line: [64] in the jsp file: [/index.jsp]
ResultSet cannot be resolved to a type
61:                     Class.forName("com.mysql.cj.jdbc.Driver");
62:                     Connection conn = DriverManager.getConnection("jdbc:mysql://localhost:3306/global_coffee_shop", "root", "Transcom#188");
63:                     Statement stmt = conn.createStatement();
64:                     ResultSet rs = stmt.executeQuery("SELECT * FROM coffee_products ORDER BY price DESC LIMIT 3");
65: 
66:                     while (rs.next()) {
67:             %>


Stacktrace:
		at org.apache.jasper.compiler.DefaultErrorHandler.javacError(DefaultErrorHandler.java:72)
		at org.apache.jasper.compiler.ErrorDispatcher.javacError(ErrorDispatcher.java:192)
		at org.apache.jasper.compiler.JDTCompiler.generateClass(JDTCompiler.java:524)
		at org.apache.jasper.compiler.Compiler.compile(Compiler.java:373)
		at org.apache.jasper.compiler.Compiler.compile(Compiler.java:345)
		at org.apache.jasper.compiler.Compiler.compile(Compiler.java:331)
		at org.apache.jasper.JspCompilationContext.compile(JspCompilationContext.java:603)
		at org.apache.jasper.servlet.JspServletWrapper.service(JspServletWrapper.java:396)
		at org.apache.jasper.servlet.JspServlet.serviceJspFile(JspServlet.java:377)
		at org.apache.jasper.servlet.JspServlet.service(JspServlet.java:325)
		at jakarta.servlet.http.HttpServlet.service(HttpServlet.java:658)
		at org.apache.catalina.core.ApplicationFilterChain.internalDoFilter(ApplicationFilterChain.java:195)
		at org.apache.catalina.core.ApplicationFilterChain.doFilter(ApplicationFilterChain.java:140)
		at org.apache.tomcat.websocket.server.WsFilter.doFilter(WsFilter.java:51)
		at org.apache.catalina.core.ApplicationFilterChain.internalDoFilter(ApplicationFilterChain.java:164)
		at org.apache.catalina.core.ApplicationFilterChain.doFilter(ApplicationFilterChain.java:140)
		at org.apache.catalina.core.StandardWrapperValve.invoke(StandardWrapperValve.java:167)
		at org.apache.catalina.core.StandardContextValve.invoke(StandardContextValve.java:90)
		at org.apache.catalina.authenticator.AuthenticatorBase.invoke(AuthenticatorBase.java:483)
		at org.apache.catalina.core.StandardHostValve.invoke(StandardHostValve.java:115)
		at org.apache.catalina.valves.ErrorReportValve.invoke(ErrorReportValve.java:93)
		at org.apache.catalina.valves.AbstractAccessLogValve.invoke(AbstractAccessLogValve.java:663)
		at org.apache.catalina.core.StandardEngineValve.invoke(StandardEngineValve.java:74)
		at org.apache.catalina.connector.CoyoteAdapter.service(CoyoteAdapter.java:344)
		at org.apache.coyote.http11.Http11Processor.service(Http11Processor.java:397)
		at org.apache.coyote.AbstractProcessorLight.process(AbstractProcessorLight.java:63)
		at org.apache.coyote.AbstractProtocol$ConnectionHandler.process(AbstractProtocol.java:905)
		at org.apache.tomcat.util.net.NioEndpoint$SocketProcessor.doRun(NioEndpoint.java:1743)
		at org.apache.tomcat.util.net.SocketProcessorBase.run(SocketProcessorBase.java:52)
		at org.apache.tomcat.util.threads.ThreadPoolExecutor.runWorker(ThreadPoolExecutor.java:1190)
		at org.apache.tomcat.util.threads.ThreadPoolExecutor$Worker.run(ThreadPoolExecutor.java:659)
		at org.apache.tomcat.util.threads.TaskThread$WrappingRunnable.run(TaskThread.java:63)
		at java.base/java.lang.Thread.run(Thread.java:1570)
