20-Feb-2025 10:03:31.071 INFO [main] org.apache.catalina.core.ApplicationContext.log ContextListener: contextInitialized()
20-Feb-2025 10:03:31.071 INFO [main] org.apache.catalina.core.ApplicationContext.log SessionListener: contextInitialized()
20-Feb-2025 10:03:31.075 INFO [main] org.apache.catalina.core.ApplicationContext.log ContextListener: attributeAdded('StockTicker', 'async.Stockticker@4de41af9')
20-Feb-2025 10:19:57.368 INFO [Thread-1] org.apache.catalina.core.ApplicationContext.log SessionListener: contextDestroyed()
20-Feb-2025 10:19:57.368 INFO [Thread-1] org.apache.catalina.core.ApplicationContext.log ContextListener: contextDestroyed()
20-Feb-2025 10:20:53.048 INFO [main] org.apache.catalina.core.ApplicationContext.log ContextListener: contextInitialized()
20-Feb-2025 10:20:53.048 INFO [main] org.apache.catalina.core.ApplicationContext.log SessionListener: contextInitialized()
20-Feb-2025 10:20:53.051 INFO [main] org.apache.catalina.core.ApplicationContext.log ContextListener: attributeAdded('StockTicker', 'async.Stockticker@2453f95d')
20-Feb-2025 10:30:49.816 INFO [Thread-1] org.apache.catalina.core.ApplicationContext.log SessionListener: contextDestroyed()
20-Feb-2025 10:30:49.816 INFO [Thread-1] org.apache.catalina.core.ApplicationContext.log ContextListener: contextDestroyed()
20-Feb-2025 10:30:55.174 INFO [main] org.apache.catalina.core.ApplicationContext.log ContextListener: contextInitialized()
20-Feb-2025 10:30:55.174 INFO [main] org.apache.catalina.core.ApplicationContext.log SessionListener: contextInitialized()
20-Feb-2025 10:30:55.178 INFO [main] org.apache.catalina.core.ApplicationContext.log ContextListener: attributeAdded('StockTicker', 'async.Stockticker@2453f95d')
20-Feb-2025 10:38:28.853 INFO [Thread-1] org.apache.catalina.core.ApplicationContext.log SessionListener: contextDestroyed()
20-Feb-2025 10:38:28.853 INFO [Thread-1] org.apache.catalina.core.ApplicationContext.log ContextListener: contextDestroyed()
20-Feb-2025 10:38:34.494 INFO [main] org.apache.catalina.core.ApplicationContext.log ContextListener: contextInitialized()
20-Feb-2025 10:38:34.494 INFO [main] org.apache.catalina.core.ApplicationContext.log SessionListener: contextInitialized()
20-Feb-2025 10:38:34.500 INFO [main] org.apache.catalina.core.ApplicationContext.log ContextListener: attributeAdded('StockTicker', 'async.Stockticker@2dbe250d')
20-Feb-2025 10:51:16.493 INFO [Thread-1] org.apache.catalina.core.ApplicationContext.log SessionListener: contextDestroyed()
20-Feb-2025 10:51:16.493 INFO [Thread-1] org.apache.catalina.core.ApplicationContext.log ContextListener: contextDestroyed()
20-Feb-2025 10:54:12.129 INFO [main] org.apache.catalina.core.ApplicationContext.log ContextListener: contextInitialized()
20-Feb-2025 10:54:12.129 INFO [main] org.apache.catalina.core.ApplicationContext.log SessionListener: contextInitialized()
20-Feb-2025 10:54:12.137 INFO [main] org.apache.catalina.core.ApplicationContext.log ContextListener: attributeAdded('StockTicker', 'async.Stockticker@3e34ace1')
20-Feb-2025 11:01:14.471 INFO [Thread-1] org.apache.catalina.core.ApplicationContext.log SessionListener: contextDestroyed()
20-Feb-2025 11:01:14.471 INFO [Thread-1] org.apache.catalina.core.ApplicationContext.log ContextListener: contextDestroyed()
20-Feb-2025 11:01:20.622 INFO [main] org.apache.catalina.core.ApplicationContext.log ContextListener: contextInitialized()
20-Feb-2025 11:01:20.622 INFO [main] org.apache.catalina.core.ApplicationContext.log SessionListener: contextInitialized()
20-Feb-2025 11:01:20.622 INFO [main] org.apache.catalina.core.ApplicationContext.log ContextListener: attributeAdded('StockTicker', 'async.Stockticker@1c80e49b')
20-Feb-2025 11:32:49.362 INFO [Thread-1] org.apache.catalina.core.ApplicationContext.log SessionListener: contextDestroyed()
20-Feb-2025 11:32:49.362 INFO [Thread-1] org.apache.catalina.core.ApplicationContext.log ContextListener: contextDestroyed()
